<?xml version="1.0" encoding="UTF-8"?>
<testsuites name="Mosaj S2U" time="269.462" tests="2" failures="1" errors="0">
   <testsuite name="Mosaj S2U" tests="2" failures="1" errors="0" time="269.462" skipped="0" timestamp="2023-07-13 10:52:15" hostname="mosaj - localhost" id="Test Suites/Mosaj S2U">
      <properties>
         <property name="deviceName" value="samsung SM-G998B (Android 11)"/>
         <property name="devicePlatform" value=""/>
         <property name="logFolder" value="/Users/mosaj/Documents/GitHub/MAE-M2U-TestCloud/Reports/20230713_105200/Mosaj S2U/20230713_105200"/>
         <property name="logFiles" value="/Users/mosaj/Documents/GitHub/MAE-M2U-TestCloud/Reports/20230713_105200/Mosaj S2U/20230713_105200/execution0.log, /Users/mosaj/Documents/GitHub/MAE-M2U-TestCloud/Reports/20230713_105200/Mosaj S2U/20230713_105200/appium.log"/>
         <property name="attachments" value="/Users/mosaj/Documents/GitHub/MAE-M2U-TestCloud/Reports/20230713_105200/Mosaj S2U/20230713_105200/1689216785118.png, /Users/mosaj/Documents/GitHub/MAE-M2U-TestCloud/Reports/20230713_105200/Mosaj S2U/20230713_105200/1689216788184.png, /Users/mosaj/Documents/GitHub/MAE-M2U-TestCloud/Reports/20230713_105200/Mosaj S2U/20230713_105200/1689216799622.png, /Users/mosaj/Documents/GitHub/MAE-M2U-TestCloud/Reports/20230713_105200/Mosaj S2U/20230713_105200/1689216805574.png, /Users/mosaj/Documents/GitHub/MAE-M2U-TestCloud/Reports/20230713_105200/Mosaj S2U/20230713_105200/1689216807666.png, /Users/mosaj/Documents/GitHub/MAE-M2U-TestCloud/Reports/20230713_105200/Mosaj S2U/20230713_105200/1689216811605.png, /Users/mosaj/Documents/GitHub/MAE-M2U-TestCloud/Reports/20230713_105200/Mosaj S2U/20230713_105200/1689216817578.png, /Users/mosaj/Documents/GitHub/MAE-M2U-TestCloud/Reports/20230713_105200/Mosaj S2U/20230713_105200/1689216829942.png, /Users/mosaj/Documents/GitHub/MAE-M2U-TestCloud/Reports/20230713_105200/Mosaj S2U/20230713_105200/1689216845755.png, /Users/mosaj/Documents/GitHub/MAE-M2U-TestCloud/Reports/20230713_105200/Mosaj S2U/20230713_105200/1689216848478.png, /Users/mosaj/Documents/GitHub/MAE-M2U-TestCloud/Reports/20230713_105200/Mosaj S2U/20230713_105200/1689216851076.png, /Users/mosaj/Documents/GitHub/MAE-M2U-TestCloud/Reports/20230713_105200/Mosaj S2U/20230713_105200/1689216866955.png, /Users/mosaj/Documents/GitHub/MAE-M2U-TestCloud/Reports/20230713_105200/Mosaj S2U/20230713_105200/1689216877260.png, /Users/mosaj/Documents/GitHub/MAE-M2U-TestCloud/Reports/20230713_105200/Mosaj S2U/20230713_105200/1689216881968.png, /Users/mosaj/Documents/GitHub/MAE-M2U-TestCloud/Reports/20230713_105200/Mosaj S2U/20230713_105200/1689216897312.png, /Users/mosaj/Documents/GitHub/MAE-M2U-TestCloud/Reports/20230713_105200/Mosaj S2U/20230713_105200/1689216898882.png, /Users/mosaj/Documents/GitHub/MAE-M2U-TestCloud/Reports/20230713_105200/Mosaj S2U/20230713_105200/1689216901464.png, /Users/mosaj/Documents/GitHub/MAE-M2U-TestCloud/Reports/20230713_105200/Mosaj S2U/20230713_105200/1689216905275.png, /Users/mosaj/Documents/GitHub/MAE-M2U-TestCloud/Reports/20230713_105200/Mosaj S2U/20230713_105200/1689216966444.png, /Users/mosaj/Documents/GitHub/MAE-M2U-TestCloud/Reports/20230713_105200/Mosaj S2U/20230713_105200/1689216979202.png, /Users/mosaj/Documents/GitHub/MAE-M2U-TestCloud/Reports/20230713_105200/Mosaj S2U/20230713_105200/1689216988254.png, /Users/mosaj/Documents/GitHub/MAE-M2U-TestCloud/Reports/20230713_105200/Mosaj S2U/20230713_105200/1689216991307.png, /Users/mosaj/Documents/GitHub/MAE-M2U-TestCloud/Reports/20230713_105200/Mosaj S2U/20230713_105200/1689216995391.png, /Users/mosaj/Documents/GitHub/MAE-M2U-TestCloud/Reports/20230713_105200/Mosaj S2U/20230713_105200/1689217004347.png"/>
         <property name="hostName" value="mosaj - localhost"/>
         <property name="os" value="Mac OS X 64bit"/>
         <property name="appiumServerStatus" value="{&quot;value&quot;:{&quot;build&quot;:{&quot;version&quot;:&quot;1.21.0&quot;}},&quot;sessionId&quot;:null,&quot;status&quot;:0}"/>
         <property name="katalonVersion" value="8.6.0.208"/>
         <property name="deviceOS" value="Android"/>
         <property name="appiumVersion" value="1.21.0"/>
         <property name="deviceModel" value="SM-G998B"/>
         <property name="hostAddress" value="192.168.162.139"/>
         <property name="deviceManufacturer" value="samsung"/>
         <property name="deviceId" value="R5CR704KXSR"/>
         <property name="deviceName" value="samsung SM-G998B (Android 11)"/>
         <property name="deviceOSVersion" value="11"/>
      </properties>
      <testcase name="Test Cases/Login Onboard/onboard_onboardIntoMAE - Copy" time="161.639" classname="Test Cases/Login Onboard/onboard_onboardIntoMAE - Copy" status="PASSED">
         <system-out><![CDATA[2023-07-13 10:52:16 - [TEST_CASE][PASSED] - Test Cases/Login Onboard/onboard_onboardIntoMAE - Copy: Test Cases/Login Onboard/onboard_onboardIntoMAE - Copy

2023-07-13 10:52:17 - [TEST_STEP][NOT_RUN] - unlockScreen(): NOT_RUN: unlockScreen()

2023-07-13 10:52:17 - [MESSAGE][NOT_RUN] - NOT_RUN: unlockScreen()

2023-07-13 10:52:17 - [TEST_STEP][PASSED] - startApplication("/Users/APK/app-uat-universal-release.apk", false): Started app at: '/Users/APK/app-uat-universal-release.apk'

2023-07-13 10:52:17 - [MESSAGE][INFO] - User set preference: ['appPackage', 'com.maybank2u.life.uat']

2023-07-13 10:52:17 - [MESSAGE][INFO] - User set preference: ['appActivity', 'com.maybank2u.life.MainActivity']

2023-07-13 10:52:17 - [MESSAGE][INFO] - User set preference: ['noReset', 'true']

2023-07-13 10:52:17 - [MESSAGE][INFO] - User set preference: ['appWaitActivity', '*']

2023-07-13 10:52:17 - [MESSAGE][INFO] - User set preference: ['unlockType', 'pattern']

2023-07-13 10:52:17 - [MESSAGE][INFO] - User set preference: ['unlockKey', '2458']

2023-07-13 10:52:17 - [MESSAGE][INFO] - User set preference: ['deviceId', '']

2023-07-13 10:52:17 - [MESSAGE][INFO] - Detected NodeJS location: "/usr/local/bin/node"

2023-07-13 10:52:21 - [MESSAGE][INFO] - Appium server started on port 57,025

2023-07-13 10:52:53 - [MESSAGE][PASSED] - Started app at: '/Users/APK/app-uat-universal-release.apk'

2023-07-13 10:52:53 - [TEST_STEP][PASSED] - if (verifyElementVisible(findTestObject("Login Onboarding/onboardWelcomeSkipBtn"), 10, OPTIONAL)): Element 'Object Repository/Text' is exist

2023-07-13 10:53:04 - [MESSAGE][WARNING] - Element 'Object Repository/Login Onboarding/onboardWelcomeSkipBtn' not found

2023-07-13 10:53:04 - [MESSAGE][PASSED] - Element 'Object Repository/Text' is exist

2023-07-13 10:53:04 - [TEST_STEP][PASSED] - else if (verifyElementExist(findTestObject("Text", ["Verify":"Your enhanced experience
is here."]), 10, OPTIONAL)): Tapped on element 'Object Repository/Login Onboarding/onboardTNCAgreeBtn'

2023-07-13 10:53:04 - [TEST_STEP][PASSED] - verifyElementExist(findTestObject("Text", ["Verify":"Next"]), 0): Element 'Object Repository/Text' is exist

2023-07-13 10:53:04 - [MESSAGE][WARNING] - Timeout '0' is invalid. Using default page load timeout: '60'

2023-07-13 10:53:05 - [MESSAGE][PASSED] - Element 'Object Repository/Text' is exist

2023-07-13 10:53:05 - [TEST_STEP][PASSED] - takeScreenshot(): Screenshot is taken

2023-07-13 10:53:06 - [MESSAGE][PASSED] - Screenshot is taken
[[ATTACHMENT|/Users/mosaj/Documents/GitHub/MAE-M2U-TestCloud/Reports/20230713_105200/Mosaj S2U/20230713_105200/1689216785118.png]]

2023-07-13 10:53:06 - [TEST_STEP][PASSED] - tap(findTestObject("ImageNo", ["No":2]), 0): Tapped on element 'Object Repository/ImageNo'

2023-07-13 10:53:06 - [MESSAGE][WARNING] - Timeout '0' is invalid. Using default page load timeout: '60'

2023-07-13 10:53:06 - [MESSAGE][PASSED] - Tapped on element 'Object Repository/ImageNo'

2023-07-13 10:53:06 - [TEST_STEP][PASSED] - verifyElementExist(findTestObject("Text", ["Verify":"Agree"]), 0): Element 'Object Repository/Text' is exist

2023-07-13 10:53:06 - [MESSAGE][WARNING] - Timeout '0' is invalid. Using default page load timeout: '60'

2023-07-13 10:53:08 - [MESSAGE][PASSED] - Element 'Object Repository/Text' is exist

2023-07-13 10:53:08 - [TEST_STEP][PASSED] - takeScreenshot(): Screenshot is taken

2023-07-13 10:53:08 - [MESSAGE][PASSED] - Screenshot is taken
[[ATTACHMENT|/Users/mosaj/Documents/GitHub/MAE-M2U-TestCloud/Reports/20230713_105200/Mosaj S2U/20230713_105200/1689216788184.png]]

2023-07-13 10:53:08 - [TEST_STEP][PASSED] - tap(findTestObject("Login Onboarding/onboardTNCAgreeBtn"), 0): Tapped on element 'Object Repository/Login Onboarding/onboardTNCAgreeBtn'

2023-07-13 10:53:08 - [MESSAGE][WARNING] - Timeout '0' is invalid. Using default page load timeout: '60'

2023-07-13 10:53:08 - [MESSAGE][PASSED] - Tapped on element 'Object Repository/Login Onboarding/onboardTNCAgreeBtn'

2023-07-13 10:53:08 - [TEST_STEP][PASSED] - if (verifyElementExist(findTestObject("Dashboard/dashboardSetUpWalletIcon"), 10, OPTIONAL)): Element 'Object Repository/Dashboard/dashboardSetUpWalletIcon' not found

2023-07-13 10:53:19 - [MESSAGE][WARNING] - Element 'Object Repository/Dashboard/dashboardSetUpWalletIcon' not found

2023-07-13 10:53:19 - [TEST_STEP][PASSED] - else: Tapped on element 'Object Repository/Text'

2023-07-13 10:53:19 - [TEST_STEP][PASSED] - tap(findTestObject("Text", ["Verify":"Log In Now"]), 0): Tapped on element 'Object Repository/Text'

2023-07-13 10:53:19 - [MESSAGE][WARNING] - Timeout '0' is invalid. Using default page load timeout: '60'

2023-07-13 10:53:19 - [MESSAGE][PASSED] - Tapped on element 'Object Repository/Text'

2023-07-13 10:53:19 - [TEST_STEP][PASSED] - takeScreenshot(): Screenshot is taken

2023-07-13 10:53:20 - [MESSAGE][PASSED] - Screenshot is taken
[[ATTACHMENT|/Users/mosaj/Documents/GitHub/MAE-M2U-TestCloud/Reports/20230713_105200/Mosaj S2U/20230713_105200/1689216799622.png]]

2023-07-13 10:53:20 - [TEST_STEP][PASSED] - tap(findTestObject("Login Onboarding/getStartedExistingUserBtn"), 0): Tapped on element 'Object Repository/Login Onboarding/getStartedExistingUserBtn'

2023-07-13 10:53:20 - [MESSAGE][WARNING] - Timeout '0' is invalid. Using default page load timeout: '60'

2023-07-13 10:53:23 - [MESSAGE][PASSED] - Tapped on element 'Object Repository/Login Onboarding/getStartedExistingUserBtn'

2023-07-13 10:53:23 - [TEST_STEP][PASSED] - setText(findTestObject("Login Onboarding/loginExistingUsernameInputField"), "samuat05", 0): Text 'samuat05' has been set to element 'Object Repository/Login Onboarding/loginExistingUsernameInputField'

2023-07-13 10:53:23 - [MESSAGE][WARNING] - Timeout '0' is invalid. Using default page load timeout: '60'

2023-07-13 10:53:24 - [MESSAGE][PASSED] - Text 'samuat05' has been set to element 'Object Repository/Login Onboarding/loginExistingUsernameInputField'

2023-07-13 10:53:24 - [TEST_STEP][PASSED] - hideKeyboard(): Keyboard is hidden

2023-07-13 10:53:25 - [MESSAGE][PASSED] - Keyboard is hidden

2023-07-13 10:53:25 - [TEST_STEP][PASSED] - takeScreenshot(): Screenshot is taken

2023-07-13 10:53:25 - [MESSAGE][PASSED] - Screenshot is taken
[[ATTACHMENT|/Users/mosaj/Documents/GitHub/MAE-M2U-TestCloud/Reports/20230713_105200/Mosaj S2U/20230713_105200/1689216805574.png]]

2023-07-13 10:53:25 - [TEST_STEP][PASSED] - tap(findTestObject("Login Onboarding/loginExistingContinueBtn"), 0): Tapped on element 'Object Repository/Login Onboarding/loginExistingContinueBtn'

2023-07-13 10:53:26 - [MESSAGE][WARNING] - Timeout '0' is invalid. Using default page load timeout: '60'

2023-07-13 10:53:26 - [MESSAGE][PASSED] - Tapped on element 'Object Repository/Login Onboarding/loginExistingContinueBtn'

2023-07-13 10:53:26 - [TEST_STEP][PASSED] - waitForElementPresent(findTestObject("Login Onboarding/loginExistingMineConfirmationBtn"), 50): Element 'Object Repository/Login Onboarding/loginExistingMineConfirmationBtn' is present

2023-07-13 10:53:27 - [MESSAGE][PASSED] - Element 'Object Repository/Login Onboarding/loginExistingMineConfirmationBtn' is present

2023-07-13 10:53:27 - [TEST_STEP][PASSED] - takeScreenshot(): Screenshot is taken

2023-07-13 10:53:28 - [MESSAGE][PASSED] - Screenshot is taken
[[ATTACHMENT|/Users/mosaj/Documents/GitHub/MAE-M2U-TestCloud/Reports/20230713_105200/Mosaj S2U/20230713_105200/1689216807666.png]]

2023-07-13 10:53:28 - [TEST_STEP][PASSED] - tap(findTestObject("Login Onboarding/loginExistingMineConfirmationBtn"), 0): Tapped on element 'Object Repository/Login Onboarding/loginExistingMineConfirmationBtn'

2023-07-13 10:53:28 - [MESSAGE][WARNING] - Timeout '0' is invalid. Using default page load timeout: '60'

2023-07-13 10:53:28 - [MESSAGE][PASSED] - Tapped on element 'Object Repository/Login Onboarding/loginExistingMineConfirmationBtn'

2023-07-13 10:53:28 - [TEST_STEP][PASSED] - setText(findTestObject("Login Onboarding/loginPasswordInputField"), "Maybank@1", 0): Text 'Maybank@1' has been set to element 'Object Repository/Login Onboarding/loginPasswordInputField'

2023-07-13 10:53:28 - [MESSAGE][WARNING] - Timeout '0' is invalid. Using default page load timeout: '60'

2023-07-13 10:53:30 - [MESSAGE][PASSED] - Text 'Maybank@1' has been set to element 'Object Repository/Login Onboarding/loginPasswordInputField'

2023-07-13 10:53:30 - [TEST_STEP][PASSED] - hideKeyboard(): Keyboard is hidden

2023-07-13 10:53:31 - [MESSAGE][PASSED] - Keyboard is hidden

2023-07-13 10:53:31 - [TEST_STEP][PASSED] - takeScreenshot(): Screenshot is taken

2023-07-13 10:53:31 - [MESSAGE][PASSED] - Screenshot is taken
[[ATTACHMENT|/Users/mosaj/Documents/GitHub/MAE-M2U-TestCloud/Reports/20230713_105200/Mosaj S2U/20230713_105200/1689216811605.png]]

2023-07-13 10:53:31 - [TEST_STEP][PASSED] - tap(findTestObject("Login Onboarding/loginExistingContinueBtn"), 0): Tapped on element 'Object Repository/Login Onboarding/loginExistingContinueBtn'

2023-07-13 10:53:32 - [MESSAGE][WARNING] - Timeout '0' is invalid. Using default page load timeout: '60'

2023-07-13 10:53:32 - [MESSAGE][PASSED] - Tapped on element 'Object Repository/Login Onboarding/loginExistingContinueBtn'

2023-07-13 10:53:32 - [TEST_STEP][PASSED] - delay(5): Delayed 5 second(s)

2023-07-13 10:53:37 - [MESSAGE][PASSED] - Delayed 5 second(s)

2023-07-13 10:53:37 - [TEST_STEP][PASSED] - if (verifyElementVisible(findTestObject("Login Onboarding/Proceed"), 3, OPTIONAL)): null

2023-07-13 10:53:37 - [MESSAGE][PASSED] - Element 'Object Repository/Login Onboarding/Proceed' is visible

2023-07-13 10:53:37 - [TEST_STEP][PASSED] - takeScreenshot(): Screenshot is taken

2023-07-13 10:53:37 - [MESSAGE][PASSED] - Screenshot is taken
[[ATTACHMENT|/Users/mosaj/Documents/GitHub/MAE-M2U-TestCloud/Reports/20230713_105200/Mosaj S2U/20230713_105200/1689216817578.png]]

2023-07-13 10:53:37 - [TEST_STEP][PASSED] - tap(findTestObject("Login Onboarding/Proceed"), 5): Tapped on element 'Object Repository/Login Onboarding/Proceed'

2023-07-13 10:53:38 - [MESSAGE][PASSED] - Tapped on element 'Object Repository/Login Onboarding/Proceed'

2023-07-13 10:53:38 - [TEST_STEP][PASSED] - pinNO = findTestData("test_data").getValue(11, 1): null

2023-07-13 10:53:40 - [TEST_STEP][PASSED] - length = pinNO.length(): null

2023-07-13 10:53:40 - [TEST_STEP][PASSED] - for ([i = 0, i < length, (i++)]): Tapped on element 'Object Repository/Text'

2023-07-13 10:53:40 - [TEST_STEP][PASSED] - TapNo = pinNO[i]: null

2023-07-13 10:53:40 - [TEST_STEP][PASSED] - tap(findTestObject("Text", ["Verify":TapNo]), 0): Tapped on element 'Object Repository/Text'

2023-07-13 10:53:41 - [MESSAGE][WARNING] - Timeout '0' is invalid. Using default page load timeout: '60'

2023-07-13 10:53:41 - [MESSAGE][PASSED] - Tapped on element 'Object Repository/Text'

2023-07-13 10:53:41 - [TEST_STEP][PASSED] - TapNo = pinNO[i]: null

2023-07-13 10:53:41 - [TEST_STEP][PASSED] - tap(findTestObject("Text", ["Verify":TapNo]), 0): Tapped on element 'Object Repository/Text'

2023-07-13 10:53:41 - [MESSAGE][WARNING] - Timeout '0' is invalid. Using default page load timeout: '60'

2023-07-13 10:53:43 - [MESSAGE][PASSED] - Tapped on element 'Object Repository/Text'

2023-07-13 10:53:43 - [TEST_STEP][PASSED] - TapNo = pinNO[i]: null

2023-07-13 10:53:43 - [TEST_STEP][PASSED] - tap(findTestObject("Text", ["Verify":TapNo]), 0): Tapped on element 'Object Repository/Text'

2023-07-13 10:53:43 - [MESSAGE][WARNING] - Timeout '0' is invalid. Using default page load timeout: '60'

2023-07-13 10:53:44 - [MESSAGE][PASSED] - Tapped on element 'Object Repository/Text'

2023-07-13 10:53:44 - [TEST_STEP][PASSED] - TapNo = pinNO[i]: null

2023-07-13 10:53:44 - [TEST_STEP][PASSED] - tap(findTestObject("Text", ["Verify":TapNo]), 0): Tapped on element 'Object Repository/Text'

2023-07-13 10:53:44 - [MESSAGE][WARNING] - Timeout '0' is invalid. Using default page load timeout: '60'

2023-07-13 10:53:46 - [MESSAGE][PASSED] - Tapped on element 'Object Repository/Text'

2023-07-13 10:53:46 - [TEST_STEP][PASSED] - TapNo = pinNO[i]: null

2023-07-13 10:53:46 - [TEST_STEP][PASSED] - tap(findTestObject("Text", ["Verify":TapNo]), 0): Tapped on element 'Object Repository/Text'

2023-07-13 10:53:46 - [MESSAGE][WARNING] - Timeout '0' is invalid. Using default page load timeout: '60'

2023-07-13 10:53:48 - [MESSAGE][PASSED] - Tapped on element 'Object Repository/Text'

2023-07-13 10:53:48 - [TEST_STEP][PASSED] - TapNo = pinNO[i]: null

2023-07-13 10:53:48 - [TEST_STEP][PASSED] - tap(findTestObject("Text", ["Verify":TapNo]), 0): Tapped on element 'Object Repository/Text'

2023-07-13 10:53:48 - [MESSAGE][WARNING] - Timeout '0' is invalid. Using default page load timeout: '60'

2023-07-13 10:53:49 - [MESSAGE][PASSED] - Tapped on element 'Object Repository/Text'

2023-07-13 10:53:49 - [TEST_STEP][PASSED] - takeScreenshot(): Screenshot is taken

2023-07-13 10:53:50 - [MESSAGE][PASSED] - Screenshot is taken
[[ATTACHMENT|/Users/mosaj/Documents/GitHub/MAE-M2U-TestCloud/Reports/20230713_105200/Mosaj S2U/20230713_105200/1689216829942.png]]

2023-07-13 10:53:50 - [TEST_STEP][PASSED] - tap(findTestObject("Object Repository/Dynamic Object/Tap Image Following 2", ["text":"0"]), 0): Tapped on element 'Object Repository/Dynamic Object/Tap Image Following 2'

2023-07-13 10:53:50 - [MESSAGE][WARNING] - Timeout '0' is invalid. Using default page load timeout: '60'

2023-07-13 10:53:51 - [MESSAGE][PASSED] - Tapped on element 'Object Repository/Dynamic Object/Tap Image Following 2'

2023-07-13 10:53:51 - [TEST_STEP][PASSED] - delay(2): Delayed 2 second(s)

2023-07-13 10:53:53 - [MESSAGE][PASSED] - Delayed 2 second(s)

2023-07-13 10:53:53 - [TEST_STEP][PASSED] - pinNO = findTestData("test_data").getValue(11, 1): null

2023-07-13 10:53:54 - [TEST_STEP][PASSED] - length = pinNO.length(): null

2023-07-13 10:53:54 - [TEST_STEP][PASSED] - for ([i = 0, i < length, (i++)]): Tapped on element 'Object Repository/Text'

2023-07-13 10:53:54 - [TEST_STEP][PASSED] - TapNo = pinNO[i]: null

2023-07-13 10:53:54 - [TEST_STEP][PASSED] - tap(findTestObject("Text", ["Verify":TapNo]), 0): Tapped on element 'Object Repository/Text'

2023-07-13 10:53:54 - [MESSAGE][WARNING] - Timeout '0' is invalid. Using default page load timeout: '60'

2023-07-13 10:53:54 - [MESSAGE][PASSED] - Tapped on element 'Object Repository/Text'

2023-07-13 10:53:54 - [TEST_STEP][PASSED] - TapNo = pinNO[i]: null

2023-07-13 10:53:54 - [TEST_STEP][PASSED] - tap(findTestObject("Text", ["Verify":TapNo]), 0): Tapped on element 'Object Repository/Text'

2023-07-13 10:53:54 - [MESSAGE][WARNING] - Timeout '0' is invalid. Using default page load timeout: '60'

2023-07-13 10:53:56 - [MESSAGE][PASSED] - Tapped on element 'Object Repository/Text'

2023-07-13 10:53:56 - [TEST_STEP][PASSED] - TapNo = pinNO[i]: null

2023-07-13 10:53:56 - [TEST_STEP][PASSED] - tap(findTestObject("Text", ["Verify":TapNo]), 0): Tapped on element 'Object Repository/Text'

2023-07-13 10:53:56 - [MESSAGE][WARNING] - Timeout '0' is invalid. Using default page load timeout: '60'

2023-07-13 10:53:58 - [MESSAGE][PASSED] - Tapped on element 'Object Repository/Text'

2023-07-13 10:53:58 - [TEST_STEP][PASSED] - TapNo = pinNO[i]: null

2023-07-13 10:53:58 - [TEST_STEP][PASSED] - tap(findTestObject("Text", ["Verify":TapNo]), 0): Tapped on element 'Object Repository/Text'

2023-07-13 10:53:58 - [MESSAGE][WARNING] - Timeout '0' is invalid. Using default page load timeout: '60'

2023-07-13 10:54:00 - [MESSAGE][PASSED] - Tapped on element 'Object Repository/Text'

2023-07-13 10:54:00 - [TEST_STEP][PASSED] - TapNo = pinNO[i]: null

2023-07-13 10:54:00 - [TEST_STEP][PASSED] - tap(findTestObject("Text", ["Verify":TapNo]), 0): Tapped on element 'Object Repository/Text'

2023-07-13 10:54:00 - [MESSAGE][WARNING] - Timeout '0' is invalid. Using default page load timeout: '60'

2023-07-13 10:54:02 - [MESSAGE][PASSED] - Tapped on element 'Object Repository/Text'

2023-07-13 10:54:02 - [TEST_STEP][PASSED] - TapNo = pinNO[i]: null

2023-07-13 10:54:02 - [TEST_STEP][PASSED] - tap(findTestObject("Text", ["Verify":TapNo]), 0): Tapped on element 'Object Repository/Text'

2023-07-13 10:54:02 - [MESSAGE][WARNING] - Timeout '0' is invalid. Using default page load timeout: '60'

2023-07-13 10:54:03 - [MESSAGE][PASSED] - Tapped on element 'Object Repository/Text'

2023-07-13 10:54:03 - [TEST_STEP][PASSED] - delay(2): Delayed 2 second(s)

2023-07-13 10:54:05 - [MESSAGE][PASSED] - Delayed 2 second(s)

2023-07-13 10:54:05 - [TEST_STEP][PASSED] - takeScreenshot(): Screenshot is taken

2023-07-13 10:54:06 - [MESSAGE][PASSED] - Screenshot is taken
[[ATTACHMENT|/Users/mosaj/Documents/GitHub/MAE-M2U-TestCloud/Reports/20230713_105200/Mosaj S2U/20230713_105200/1689216845755.png]]

2023-07-13 10:54:06 - [TEST_STEP][PASSED] - tap(findTestObject("Object Repository/Dynamic Object/Tap Image Following 2", ["text":"0"]), 0): Tapped on element 'Object Repository/Dynamic Object/Tap Image Following 2'

2023-07-13 10:54:06 - [MESSAGE][WARNING] - Timeout '0' is invalid. Using default page load timeout: '60'

2023-07-13 10:54:06 - [MESSAGE][PASSED] - Tapped on element 'Object Repository/Dynamic Object/Tap Image Following 2'

2023-07-13 10:54:06 - [TEST_STEP][PASSED] - delay(2): Delayed 2 second(s)

2023-07-13 10:54:08 - [MESSAGE][PASSED] - Delayed 2 second(s)

2023-07-13 10:54:08 - [TEST_STEP][PASSED] - takeScreenshot(): Screenshot is taken

2023-07-13 10:54:08 - [MESSAGE][PASSED] - Screenshot is taken
[[ATTACHMENT|/Users/mosaj/Documents/GitHub/MAE-M2U-TestCloud/Reports/20230713_105200/Mosaj S2U/20230713_105200/1689216848478.png]]

2023-07-13 10:54:08 - [TEST_STEP][PASSED] - tap(findTestObject("Login Onboarding/loginTouchIDSetUpLaterBtn"), 0): Tapped on element 'Object Repository/Login Onboarding/loginTouchIDSetUpLaterBtn'

2023-07-13 10:54:08 - [MESSAGE][WARNING] - Timeout '0' is invalid. Using default page load timeout: '60'

2023-07-13 10:54:09 - [MESSAGE][PASSED] - Tapped on element 'Object Repository/Login Onboarding/loginTouchIDSetUpLaterBtn'

2023-07-13 10:54:09 - [TEST_STEP][PASSED] - delay(2): Delayed 2 second(s)

2023-07-13 10:54:11 - [MESSAGE][PASSED] - Delayed 2 second(s)

2023-07-13 10:54:11 - [TEST_STEP][PASSED] - takeScreenshot(): Screenshot is taken

2023-07-13 10:54:11 - [MESSAGE][PASSED] - Screenshot is taken
[[ATTACHMENT|/Users/mosaj/Documents/GitHub/MAE-M2U-TestCloud/Reports/20230713_105200/Mosaj S2U/20230713_105200/1689216851076.png]]

2023-07-13 10:54:11 - [TEST_STEP][PASSED] - tap(findTestObject("Login Onboarding/loginVerifyNumberYesProceedBtn"), 0): Tapped on element 'Object Repository/Login Onboarding/loginVerifyNumberYesProceedBtn'

2023-07-13 10:54:11 - [MESSAGE][WARNING] - Timeout '0' is invalid. Using default page load timeout: '60'

2023-07-13 10:54:11 - [MESSAGE][PASSED] - Tapped on element 'Object Repository/Login Onboarding/loginVerifyNumberYesProceedBtn'

2023-07-13 10:54:11 - [TEST_STEP][PASSED] - OTP = getText(findTestObject("Object Repository/Login Onboarding/Your OTP no. is 2"), 0): Text of element 'Object Repository/Login Onboarding/Your OTP no. is 2' is: 'Your OTP no. is 624397'

2023-07-13 10:54:11 - [MESSAGE][WARNING] - Timeout '0' is invalid. Using default page load timeout: '60'

2023-07-13 10:54:13 - [MESSAGE][PASSED] - Text of element 'Object Repository/Login Onboarding/Your OTP no. is 2' is: 'Your OTP no. is 624397'

2023-07-13 10:54:13 - [TEST_STEP][PASSED] - delay(2): Delayed 2 second(s)

2023-07-13 10:54:15 - [MESSAGE][PASSED] - Delayed 2 second(s)

2023-07-13 10:54:15 - [TEST_STEP][PASSED] - for ([i = 16, i <= 21, (i++)]): Tapped on element 'Object Repository/Text'

2023-07-13 10:54:15 - [TEST_STEP][PASSED] - TapNo = OTP[i]: null

2023-07-13 10:54:15 - [TEST_STEP][PASSED] - tap(findTestObject("Text", ["Verify":TapNo]), 0): Tapped on element 'Object Repository/Text'

2023-07-13 10:54:16 - [MESSAGE][WARNING] - Timeout '0' is invalid. Using default page load timeout: '60'

2023-07-13 10:54:17 - [MESSAGE][PASSED] - Tapped on element 'Object Repository/Text'

2023-07-13 10:54:17 - [TEST_STEP][PASSED] - TapNo = OTP[i]: null

2023-07-13 10:54:17 - [TEST_STEP][PASSED] - tap(findTestObject("Text", ["Verify":TapNo]), 0): Tapped on element 'Object Repository/Text'

2023-07-13 10:54:18 - [MESSAGE][WARNING] - Timeout '0' is invalid. Using default page load timeout: '60'

2023-07-13 10:54:18 - [MESSAGE][PASSED] - Tapped on element 'Object Repository/Text'

2023-07-13 10:54:18 - [TEST_STEP][PASSED] - TapNo = OTP[i]: null

2023-07-13 10:54:18 - [TEST_STEP][PASSED] - tap(findTestObject("Text", ["Verify":TapNo]), 0): Tapped on element 'Object Repository/Text'

2023-07-13 10:54:19 - [MESSAGE][WARNING] - Timeout '0' is invalid. Using default page load timeout: '60'

2023-07-13 10:54:20 - [MESSAGE][PASSED] - Tapped on element 'Object Repository/Text'

2023-07-13 10:54:20 - [TEST_STEP][PASSED] - TapNo = OTP[i]: null

2023-07-13 10:54:20 - [TEST_STEP][PASSED] - tap(findTestObject("Text", ["Verify":TapNo]), 0): Tapped on element 'Object Repository/Text'

2023-07-13 10:54:21 - [MESSAGE][WARNING] - Timeout '0' is invalid. Using default page load timeout: '60'

2023-07-13 10:54:22 - [MESSAGE][PASSED] - Tapped on element 'Object Repository/Text'

2023-07-13 10:54:22 - [TEST_STEP][PASSED] - TapNo = OTP[i]: null

2023-07-13 10:54:22 - [TEST_STEP][PASSED] - tap(findTestObject("Text", ["Verify":TapNo]), 0): Tapped on element 'Object Repository/Text'

2023-07-13 10:54:23 - [MESSAGE][WARNING] - Timeout '0' is invalid. Using default page load timeout: '60'

2023-07-13 10:54:24 - [MESSAGE][PASSED] - Tapped on element 'Object Repository/Text'

2023-07-13 10:54:24 - [TEST_STEP][PASSED] - TapNo = OTP[i]: null

2023-07-13 10:54:24 - [TEST_STEP][PASSED] - tap(findTestObject("Text", ["Verify":TapNo]), 0): Tapped on element 'Object Repository/Text'

2023-07-13 10:54:25 - [MESSAGE][WARNING] - Timeout '0' is invalid. Using default page load timeout: '60'

2023-07-13 10:54:26 - [MESSAGE][PASSED] - Tapped on element 'Object Repository/Text'

2023-07-13 10:54:26 - [TEST_STEP][PASSED] - takeScreenshot(): Screenshot is taken

2023-07-13 10:54:27 - [MESSAGE][PASSED] - Screenshot is taken
[[ATTACHMENT|/Users/mosaj/Documents/GitHub/MAE-M2U-TestCloud/Reports/20230713_105200/Mosaj S2U/20230713_105200/1689216866955.png]]

2023-07-13 10:54:27 - [TEST_STEP][PASSED] - delay(3): Delayed 3 second(s)

2023-07-13 10:54:30 - [MESSAGE][PASSED] - Delayed 3 second(s)

2023-07-13 10:54:30 - [TEST_STEP][PASSED] - tap(findTestObject("Object Repository/Dynamic Object/Tap Image Following 2", ["text":"0"]), 0): Tapped on element 'Object Repository/Dynamic Object/Tap Image Following 2'

2023-07-13 10:54:30 - [MESSAGE][WARNING] - Timeout '0' is invalid. Using default page load timeout: '60'

2023-07-13 10:54:30 - [MESSAGE][PASSED] - Tapped on element 'Object Repository/Dynamic Object/Tap Image Following 2'

2023-07-13 10:54:30 - [TEST_STEP][PASSED] - waitForElementPresent(findTestObject("Login Onboarding/onboardNameInputField"), 0): Element 'Object Repository/Login Onboarding/onboardNameInputField' is present

2023-07-13 10:54:31 - [MESSAGE][WARNING] - Timeout '0' is invalid. Using default page load timeout: '60'

2023-07-13 10:54:33 - [MESSAGE][PASSED] - Element 'Object Repository/Login Onboarding/onboardNameInputField' is present

2023-07-13 10:54:33 - [TEST_STEP][PASSED] - setText(findTestObject("Login Onboarding/onboardNameInputField"), findTestData("test_data").getValue(3, 21), 0): Text 'Sam Test' has been set to element 'Object Repository/Login Onboarding/onboardNameInputField'

2023-07-13 10:54:34 - [MESSAGE][WARNING] - Timeout '0' is invalid. Using default page load timeout: '60'

2023-07-13 10:54:34 - [MESSAGE][PASSED] - Text 'Sam Test' has been set to element 'Object Repository/Login Onboarding/onboardNameInputField'

2023-07-13 10:54:34 - [TEST_STEP][PASSED] - hideKeyboard(): Keyboard is hidden

2023-07-13 10:54:35 - [MESSAGE][PASSED] - Keyboard is hidden

2023-07-13 10:54:35 - [TEST_STEP][PASSED] - delay(2): Delayed 2 second(s)

2023-07-13 10:54:37 - [MESSAGE][PASSED] - Delayed 2 second(s)

2023-07-13 10:54:37 - [TEST_STEP][PASSED] - takeScreenshot(): Screenshot is taken

2023-07-13 10:54:37 - [MESSAGE][PASSED] - Screenshot is taken
[[ATTACHMENT|/Users/mosaj/Documents/GitHub/MAE-M2U-TestCloud/Reports/20230713_105200/Mosaj S2U/20230713_105200/1689216877260.png]]

2023-07-13 10:54:37 - [TEST_STEP][PASSED] - tap(findTestObject("Login Onboarding/loginExistingContinueBtn"), 0): Tapped on element 'Object Repository/Login Onboarding/loginExistingContinueBtn'

2023-07-13 10:54:37 - [MESSAGE][WARNING] - Timeout '0' is invalid. Using default page load timeout: '60'

2023-07-13 10:54:37 - [MESSAGE][PASSED] - Tapped on element 'Object Repository/Login Onboarding/loginExistingContinueBtn'

2023-07-13 10:54:37 - [TEST_STEP][PASSED] - delay(2): Delayed 2 second(s)

2023-07-13 10:54:39 - [MESSAGE][PASSED] - Delayed 2 second(s)

2023-07-13 10:54:39 - [TEST_STEP][PASSED] - verifyElementVisible(findTestObject("Object Repository/Transfer/onboardSelectWallet_AccountType"), 0): Element 'Object Repository/Transfer/onboardSelectWallet_AccountType' is visible

2023-07-13 10:54:40 - [MESSAGE][WARNING] - Timeout '0' is invalid. Using default page load timeout: '60'

2023-07-13 10:54:40 - [MESSAGE][PASSED] - Element 'Object Repository/Transfer/onboardSelectWallet_AccountType' is visible

2023-07-13 10:54:40 - [TEST_STEP][PASSED] - tap(findTestObject("Object Repository/Transfer/onboardSelectWallet_AccountType"), 0): Tapped on element 'Object Repository/Transfer/onboardSelectWallet_AccountType'

2023-07-13 10:54:40 - [MESSAGE][WARNING] - Timeout '0' is invalid. Using default page load timeout: '60'

2023-07-13 10:54:40 - [MESSAGE][PASSED] - Tapped on element 'Object Repository/Transfer/onboardSelectWallet_AccountType'

2023-07-13 10:54:40 - [TEST_STEP][PASSED] - Last = getText(findTestObject("TextNo", ["No":"last()"]), 0): Text of element 'Object Repository/TextNo' is: 'Next'

2023-07-13 10:54:40 - [MESSAGE][WARNING] - Timeout '0' is invalid. Using default page load timeout: '60'

2023-07-13 10:54:41 - [MESSAGE][PASSED] - Text of element 'Object Repository/TextNo' is: 'Next'

2023-07-13 10:54:41 - [TEST_STEP][PASSED] - if (Last == "Continue"): null

2023-07-13 10:54:41 - [TEST_STEP][PASSED] - else: Tapped on element 'Object Repository/Text'

2023-07-13 10:54:41 - [TEST_STEP][PASSED] - verifyElementExist(findTestObject("Text", ["Verify":"Next"]), 0): Element 'Object Repository/Text' is exist

2023-07-13 10:54:41 - [MESSAGE][WARNING] - Timeout '0' is invalid. Using default page load timeout: '60'

2023-07-13 10:54:41 - [MESSAGE][PASSED] - Element 'Object Repository/Text' is exist

2023-07-13 10:54:41 - [TEST_STEP][PASSED] - tap(findTestObject("Text", ["Verify":"Next"]), 0): Tapped on element 'Object Repository/Text'

2023-07-13 10:54:41 - [MESSAGE][WARNING] - Timeout '0' is invalid. Using default page load timeout: '60'

2023-07-13 10:54:41 - [MESSAGE][PASSED] - Tapped on element 'Object Repository/Text'

2023-07-13 10:54:41 - [TEST_STEP][PASSED] - takeScreenshot(): Screenshot is taken

2023-07-13 10:54:42 - [MESSAGE][PASSED] - Screenshot is taken
[[ATTACHMENT|/Users/mosaj/Documents/GitHub/MAE-M2U-TestCloud/Reports/20230713_105200/Mosaj S2U/20230713_105200/1689216881968.png]]

2023-07-13 10:54:42 - [TEST_STEP][PASSED] - delay(7): Delayed 7 second(s)

2023-07-13 10:54:49 - [MESSAGE][PASSED] - Delayed 7 second(s)

2023-07-13 10:54:49 - [TEST_STEP][NOT_RUN] - tap(findTestObject("MAE UAT new app/SAM new app/android.widget.TextView - Next"), 0): NOT_RUN: tap(findTestObject("MAE UAT new app/SAM new app/android.widget.TextView - Next"), 0)

2023-07-13 10:54:49 - [MESSAGE][NOT_RUN] - NOT_RUN: tap(findTestObject("MAE UAT new app/SAM new app/android.widget.TextView - Next"), 0)

2023-07-13 10:54:49 - [TEST_STEP][NOT_RUN] - tap(findTestObject("MAE UAT new app/SAM new app/android.widget.TextView - Next"), 0): NOT_RUN: tap(findTestObject("MAE UAT new app/SAM new app/android.widget.TextView - Next"), 0)

2023-07-13 10:54:49 - [MESSAGE][NOT_RUN] - NOT_RUN: tap(findTestObject("MAE UAT new app/SAM new app/android.widget.TextView - Next"), 0)

2023-07-13 10:54:49 - [TEST_STEP][NOT_RUN] - tap(findTestObject("MAE UAT new app/SAM new app/android.widget.TextView - Next"), 0): NOT_RUN: tap(findTestObject("MAE UAT new app/SAM new app/android.widget.TextView - Next"), 0)

2023-07-13 10:54:49 - [MESSAGE][NOT_RUN] - NOT_RUN: tap(findTestObject("MAE UAT new app/SAM new app/android.widget.TextView - Next"), 0)

2023-07-13 10:54:49 - [TEST_STEP][NOT_RUN] - takeScreenshot(): NOT_RUN: takeScreenshot()

2023-07-13 10:54:49 - [MESSAGE][NOT_RUN] - NOT_RUN: takeScreenshot()

2023-07-13 10:54:49 - [TEST_STEP][NOT_RUN] - tap(findTestObject("MAE UAT new app/SAM new app/android.widget.TextView - Next"), 0): NOT_RUN: tap(findTestObject("MAE UAT new app/SAM new app/android.widget.TextView - Next"), 0)

2023-07-13 10:54:49 - [MESSAGE][NOT_RUN] - NOT_RUN: tap(findTestObject("MAE UAT new app/SAM new app/android.widget.TextView - Next"), 0)

2023-07-13 10:54:49 - [TEST_STEP][NOT_RUN] - delay(7): NOT_RUN: delay(7)

2023-07-13 10:54:49 - [MESSAGE][NOT_RUN] - NOT_RUN: delay(7)

2023-07-13 10:54:49 - [TEST_STEP][NOT_RUN] - takeScreenshot(): NOT_RUN: takeScreenshot()

2023-07-13 10:54:49 - [MESSAGE][NOT_RUN] - NOT_RUN: takeScreenshot()

2023-07-13 10:54:49 - [TEST_STEP][NOT_RUN] - tap(findTestObject("MAE UAT new app/SAM new app/android.widget.TextView - Got It"), 0): NOT_RUN: tap(findTestObject("MAE UAT new app/SAM new app/android.widget.TextView - Got It"), 0)

2023-07-13 10:54:49 - [MESSAGE][NOT_RUN] - NOT_RUN: tap(findTestObject("MAE UAT new app/SAM new app/android.widget.TextView - Got It"), 0)

2023-07-13 10:54:49 - [TEST_STEP][NOT_RUN] - delay(7): NOT_RUN: delay(7)

2023-07-13 10:54:49 - [MESSAGE][NOT_RUN] - NOT_RUN: delay(7)

2023-07-13 10:54:49 - [TEST_STEP][PASSED] - tap(findTestObject("MAE UAT new app/SAM new app/android.widget.TextView - Skip"), 0): Tapped on element 'Object Repository/MAE UAT new app/SAM new app/android.widget.TextView - Skip'

2023-07-13 10:54:49 - [MESSAGE][WARNING] - Timeout '0' is invalid. Using default page load timeout: '60'

2023-07-13 10:54:50 - [MESSAGE][PASSED] - Tapped on element 'Object Repository/MAE UAT new app/SAM new app/android.widget.TextView - Skip'

2023-07-13 10:54:50 - [TEST_STEP][PASSED] - delay(7): Delayed 7 second(s)

2023-07-13 10:54:57 - [MESSAGE][PASSED] - Delayed 7 second(s)

2023-07-13 10:54:57 - [TEST_STEP][PASSED] - takeScreenshot(): Screenshot is taken

2023-07-13 10:54:58 - [MESSAGE][PASSED] - Screenshot is taken
[[ATTACHMENT|/Users/mosaj/Documents/GitHub/MAE-M2U-TestCloud/Reports/20230713_105200/Mosaj S2U/20230713_105200/1689216897312.png]]

2023-07-13 10:54:58 - [TEST_STEP][NOT_RUN] - tap(findTestObject("MAE UAT new app/SAM new app/android.widget.TextView - Done"), 0): NOT_RUN: tap(findTestObject("MAE UAT new app/SAM new app/android.widget.TextView - Done"), 0)

2023-07-13 10:54:58 - [MESSAGE][NOT_RUN] - NOT_RUN: tap(findTestObject("MAE UAT new app/SAM new app/android.widget.TextView - Done"), 0)

2023-07-13 10:54:58 - [TEST_STEP][NOT_RUN] - tap(findTestObject("Login Onboarding/onboardReferSkipBtn"), 0, OPTIONAL): NOT_RUN: tap(findTestObject("Login Onboarding/onboardReferSkipBtn"), 0, OPTIONAL)

2023-07-13 10:54:58 - [MESSAGE][NOT_RUN] - NOT_RUN: tap(findTestObject("Login Onboarding/onboardReferSkipBtn"), 0, OPTIONAL)

2023-07-13 10:54:58 - [TEST_STEP][NOT_RUN] - delay(2): NOT_RUN: delay(2)

2023-07-13 10:54:58 - [MESSAGE][NOT_RUN] - NOT_RUN: delay(2)

2023-07-13 10:54:58 - [TEST_STEP][NOT_RUN] - tap(findTestObject("Login Onboarding/Main/mainDoneBtn"), 0): NOT_RUN: tap(findTestObject("Login Onboarding/Main/mainDoneBtn"), 0)

2023-07-13 10:54:58 - [MESSAGE][NOT_RUN] - NOT_RUN: tap(findTestObject("Login Onboarding/Main/mainDoneBtn"), 0)

2023-07-13 10:54:58 - [TEST_STEP][NOT_RUN] - delay(5): NOT_RUN: delay(5)

2023-07-13 10:54:58 - [MESSAGE][NOT_RUN] - NOT_RUN: delay(5)

2023-07-13 10:54:58 - [TEST_STEP][NOT_RUN] - takeScreenshot(): NOT_RUN: takeScreenshot()

2023-07-13 10:54:58 - [MESSAGE][NOT_RUN] - NOT_RUN: takeScreenshot()

2023-07-13 10:54:58 - [TEST_STEP][NOT_RUN] - verifyEqual(getText(findTestObject("Object Repository/Dynamic Object/VerifyText", ["text":"Quick Actions"]), 0), "Quick Actions"): NOT_RUN: verifyEqual(getText(findTestObject("Object Repository/Dynamic Object/VerifyText", ["text":"Quick Actions"]), 0), "Quick Actions")

2023-07-13 10:54:58 - [MESSAGE][NOT_RUN] - NOT_RUN: verifyEqual(getText(findTestObject("Object Repository/Dynamic Object/VerifyText", ["text":"Quick Actions"]), 0), "Quick Actions")

2023-07-13 10:54:58 - [TEST_STEP][NOT_RUN] - takeScreenshot(): NOT_RUN: takeScreenshot()

2023-07-13 10:54:58 - [MESSAGE][NOT_RUN] - NOT_RUN: takeScreenshot()]]></system-out>
         <system-err><![CDATA[]]></system-err>
      </testcase>
      <testcase name="Test Cases/Login Onboard/secure2u registration" time="107.321" classname="Test Cases/Login Onboard/secure2u registration" status="FAILED">
         <failure type="FAILED" message="Test Cases/Login Onboard/secure2u registration FAILED.
Reason:
com.kms.katalon.core.exception.StepFailedException: Object Object Repository/s2u registration/android.widget.TextView - Your OTP no. is 303481 not found
	at com.kms.katalon.core.keyword.internal.KeywordMain.stepFailed(KeywordMain.groovy:39)
	at com.kms.katalon.core.mobile.keyword.internal.MobileKeywordMain.stepFailed(MobileKeywordMain.groovy:40)
	at com.kms.katalon.core.mobile.keyword.builtin.GetTextKeyword$_getText_closure1.doCall(GetTextKeyword.groovy:74)
	at com.kms.katalon.core.mobile.keyword.builtin.GetTextKeyword$_getText_closure1.call(GetTextKeyword.groovy)
	at com.kms.katalon.core.mobile.keyword.internal.MobileKeywordMain.runKeyword(MobileKeywordMain.groovy:21)
	at com.kms.katalon.core.mobile.keyword.builtin.GetTextKeyword.getText(GetTextKeyword.groovy:80)
	at com.kms.katalon.core.mobile.keyword.builtin.GetTextKeyword.execute(GetTextKeyword.groovy:64)
	at com.kms.katalon.core.keyword.internal.KeywordExecutor.executeKeywordForPlatform(KeywordExecutor.groovy:74)
	at com.kms.katalon.core.mobile.keyword.MobileBuiltInKeywords.getText(MobileBuiltInKeywords.groovy:1274)
	at com.kms.katalon.core.mobile.keyword.MobileBuiltInKeywords$getText$8.call(Unknown Source)
	at secure2u registration.run(secure2u registration:49)
	at com.kms.katalon.core.main.ScriptEngine.run(ScriptEngine.java:194)
	at com.kms.katalon.core.main.ScriptEngine.runScriptAsRawText(ScriptEngine.java:119)
	at com.kms.katalon.core.main.TestCaseExecutor.runScript(TestCaseExecutor.java:448)
	at com.kms.katalon.core.main.TestCaseExecutor.doExecute(TestCaseExecutor.java:439)
	at com.kms.katalon.core.main.TestCaseExecutor.processExecutionPhase(TestCaseExecutor.java:418)
	at com.kms.katalon.core.main.TestCaseExecutor.accessMainPhase(TestCaseExecutor.java:410)
	at com.kms.katalon.core.main.TestCaseExecutor.execute(TestCaseExecutor.java:285)
	at com.kms.katalon.core.common.CommonExecutor.accessTestCaseMainPhase(CommonExecutor.java:65)
	at com.kms.katalon.core.main.TestSuiteExecutor.accessTestSuiteMainPhase(TestSuiteExecutor.java:148)
	at com.kms.katalon.core.main.TestSuiteExecutor.execute(TestSuiteExecutor.java:106)
	at com.kms.katalon.core.main.TestCaseMain.startTestSuite(TestCaseMain.java:187)
	at com.kms.katalon.core.main.TestCaseMain$startTestSuite$0.call(Unknown Source)
	at TempTestSuite1689216720908.run(TempTestSuite1689216720908.groovy:36)
"/>
         <system-out><![CDATA[2023-07-13 10:54:58 - [TEST_CASE][FAILED] - Test Cases/Login Onboard/secure2u registration: Test Cases/Login Onboard/secure2u registration FAILED.
Reason:
com.kms.katalon.core.exception.StepFailedException: Object Object Repository/s2u registration/android.widget.TextView - Your OTP no. is 303481 not found
	at com.kms.katalon.core.keyword.internal.KeywordMain.stepFailed(KeywordMain.groovy:39)
	at com.kms.katalon.core.mobile.keyword.internal.MobileKeywordMain.stepFailed(MobileKeywordMain.groovy:40)
	at com.kms.katalon.core.mobile.keyword.builtin.GetTextKeyword$_getText_closure1.doCall(GetTextKeyword.groovy:74)
	at com.kms.katalon.core.mobile.keyword.builtin.GetTextKeyword$_getText_closure1.call(GetTextKeyword.groovy)
	at com.kms.katalon.core.mobile.keyword.internal.MobileKeywordMain.runKeyword(MobileKeywordMain.groovy:21)
	at com.kms.katalon.core.mobile.keyword.builtin.GetTextKeyword.getText(GetTextKeyword.groovy:80)
	at com.kms.katalon.core.mobile.keyword.builtin.GetTextKeyword.execute(GetTextKeyword.groovy:64)
	at com.kms.katalon.core.keyword.internal.KeywordExecutor.executeKeywordForPlatform(KeywordExecutor.groovy:74)
	at com.kms.katalon.core.mobile.keyword.MobileBuiltInKeywords.getText(MobileBuiltInKeywords.groovy:1274)
	at com.kms.katalon.core.mobile.keyword.MobileBuiltInKeywords$getText$8.call(Unknown Source)
	at secure2u registration.run(secure2u registration:49)
	at com.kms.katalon.core.main.ScriptEngine.run(ScriptEngine.java:194)
	at com.kms.katalon.core.main.ScriptEngine.runScriptAsRawText(ScriptEngine.java:119)
	at com.kms.katalon.core.main.TestCaseExecutor.runScript(TestCaseExecutor.java:448)
	at com.kms.katalon.core.main.TestCaseExecutor.doExecute(TestCaseExecutor.java:439)
	at com.kms.katalon.core.main.TestCaseExecutor.processExecutionPhase(TestCaseExecutor.java:418)
	at com.kms.katalon.core.main.TestCaseExecutor.accessMainPhase(TestCaseExecutor.java:410)
	at com.kms.katalon.core.main.TestCaseExecutor.execute(TestCaseExecutor.java:285)
	at com.kms.katalon.core.common.CommonExecutor.accessTestCaseMainPhase(CommonExecutor.java:65)
	at com.kms.katalon.core.main.TestSuiteExecutor.accessTestSuiteMainPhase(TestSuiteExecutor.java:148)
	at com.kms.katalon.core.main.TestSuiteExecutor.execute(TestSuiteExecutor.java:106)
	at com.kms.katalon.core.main.TestCaseMain.startTestSuite(TestCaseMain.java:187)
	at com.kms.katalon.core.main.TestCaseMain$startTestSuite$0.call(Unknown Source)
	at TempTestSuite1689216720908.run(TempTestSuite1689216720908.groovy:36)


2023-07-13 10:54:58 - [TEST_STEP][NOT_RUN] - startApplication("/Users/APK/uat-universal-release.apk", false): NOT_RUN: startApplication("/Users/APK/uat-universal-release.apk", false)

2023-07-13 10:54:58 - [MESSAGE][NOT_RUN] - NOT_RUN: startApplication("/Users/APK/uat-universal-release.apk", false)

2023-07-13 10:54:58 - [TEST_STEP][NOT_RUN] - startExistingApplication("com.maybank2u.life"): NOT_RUN: startExistingApplication("com.maybank2u.life")

2023-07-13 10:54:58 - [MESSAGE][NOT_RUN] - NOT_RUN: startExistingApplication("com.maybank2u.life")

2023-07-13 10:54:58 - [TEST_STEP][PASSED] - getText(findTestObject("Object Repository/s2u registration/android.widget.TextView - Activate Secure2u"), 0): Text of element 'Object Repository/s2u registration/android.widget.TextView - Activate Secure2u' is: 'Activate Secure2u'

2023-07-13 10:54:58 - [MESSAGE][WARNING] - Timeout '0' is invalid. Using default page load timeout: '60'

2023-07-13 10:54:58 - [MESSAGE][PASSED] - Text of element 'Object Repository/s2u registration/android.widget.TextView - Activate Secure2u' is: 'Activate Secure2u'

2023-07-13 10:54:58 - [TEST_STEP][PASSED] - takeScreenshot(): Screenshot is taken

2023-07-13 10:54:59 - [MESSAGE][PASSED] - Screenshot is taken
[[ATTACHMENT|/Users/mosaj/Documents/GitHub/MAE-M2U-TestCloud/Reports/20230713_105200/Mosaj S2U/20230713_105200/1689216898882.png]]

2023-07-13 10:54:59 - [TEST_STEP][PASSED] - tap(findTestObject("s2u registration/android.widget.TextView - Activate Secure2u"), 0): Tapped on element 'Object Repository/s2u registration/android.widget.TextView - Activate Secure2u'

2023-07-13 10:54:59 - [MESSAGE][WARNING] - Timeout '0' is invalid. Using default page load timeout: '60'

2023-07-13 10:55:00 - [MESSAGE][PASSED] - Tapped on element 'Object Repository/s2u registration/android.widget.TextView - Activate Secure2u'

2023-07-13 10:55:00 - [TEST_STEP][PASSED] - getText(findTestObject("Object Repository/s2u registration/android.widget.TextView - Activate Now"), 0): Text of element 'Object Repository/s2u registration/android.widget.TextView - Activate Now' is: 'Activate Now'

2023-07-13 10:55:00 - [MESSAGE][WARNING] - Timeout '0' is invalid. Using default page load timeout: '60'

2023-07-13 10:55:01 - [MESSAGE][PASSED] - Text of element 'Object Repository/s2u registration/android.widget.TextView - Activate Now' is: 'Activate Now'

2023-07-13 10:55:01 - [TEST_STEP][PASSED] - takeScreenshot(): Screenshot is taken

2023-07-13 10:55:01 - [MESSAGE][PASSED] - Screenshot is taken
[[ATTACHMENT|/Users/mosaj/Documents/GitHub/MAE-M2U-TestCloud/Reports/20230713_105200/Mosaj S2U/20230713_105200/1689216901464.png]]

2023-07-13 10:55:01 - [TEST_STEP][PASSED] - tap(findTestObject("s2u registration/android.widget.TextView - Activate Now"), 0): Tapped on element 'Object Repository/s2u registration/android.widget.TextView - Activate Now'

2023-07-13 10:55:01 - [MESSAGE][WARNING] - Timeout '0' is invalid. Using default page load timeout: '60'

2023-07-13 10:55:02 - [MESSAGE][PASSED] - Tapped on element 'Object Repository/s2u registration/android.widget.TextView - Activate Now'

2023-07-13 10:55:02 - [TEST_STEP][PASSED] - getText(findTestObject("Object Repository/s2u registration/android.widget.TextView - Confirm"), 0): Text of element 'Object Repository/s2u registration/android.widget.TextView - Confirm' is: 'Confirm'

2023-07-13 10:55:02 - [MESSAGE][WARNING] - Timeout '0' is invalid. Using default page load timeout: '60'

2023-07-13 10:55:05 - [MESSAGE][PASSED] - Text of element 'Object Repository/s2u registration/android.widget.TextView - Confirm' is: 'Confirm'

2023-07-13 10:55:05 - [TEST_STEP][PASSED] - takeScreenshot(): Screenshot is taken

2023-07-13 10:55:05 - [MESSAGE][PASSED] - Screenshot is taken
[[ATTACHMENT|/Users/mosaj/Documents/GitHub/MAE-M2U-TestCloud/Reports/20230713_105200/Mosaj S2U/20230713_105200/1689216905275.png]]

2023-07-13 10:55:05 - [TEST_STEP][PASSED] - tap(findTestObject("s2u registration/android.widget.TextView - Confirm"), 0): Tapped on element 'Object Repository/s2u registration/android.widget.TextView - Confirm'

2023-07-13 10:55:05 - [MESSAGE][WARNING] - Timeout '0' is invalid. Using default page load timeout: '60'

2023-07-13 10:55:05 - [MESSAGE][PASSED] - Tapped on element 'Object Repository/s2u registration/android.widget.TextView - Confirm'

2023-07-13 10:55:05 - [TEST_STEP][FAILED] - getText(findTestObject("Object Repository/s2u registration/android.widget.TextView - Your OTP no. is 303481"), 0): Object Object Repository/s2u registration/android.widget.TextView - Your OTP no. is 303481 not found

2023-07-13 10:55:06 - [MESSAGE][WARNING] - Timeout '0' is invalid. Using default page load timeout: '60'

2023-07-13 10:56:06 - [MESSAGE][FAILED] - Object Object Repository/s2u registration/android.widget.TextView - Your OTP no. is 303481 not found

2023-07-13 10:56:06 - [TEST_STEP][PASSED] - OTP = getText(findTestObject("Object Repository/Login Onboarding/Your OTP no. is 2"), 0): Text of element 'Object Repository/Login Onboarding/Your OTP no. is 2' is: 'Your OTP no. is 917003'

2023-07-13 10:56:06 - [MESSAGE][WARNING] - Timeout '0' is invalid. Using default page load timeout: '60'

2023-07-13 10:56:06 - [MESSAGE][PASSED] - Text of element 'Object Repository/Login Onboarding/Your OTP no. is 2' is: 'Your OTP no. is 917003'

2023-07-13 10:56:06 - [TEST_STEP][PASSED] - takeScreenshot(): Screenshot is taken

2023-07-13 10:56:06 - [MESSAGE][PASSED] - Screenshot is taken
[[ATTACHMENT|/Users/mosaj/Documents/GitHub/MAE-M2U-TestCloud/Reports/20230713_105200/Mosaj S2U/20230713_105200/1689216966444.png]]

2023-07-13 10:56:06 - [TEST_STEP][PASSED] - delay(2): Delayed 2 second(s)

2023-07-13 10:56:08 - [MESSAGE][PASSED] - Delayed 2 second(s)

2023-07-13 10:56:08 - [TEST_STEP][PASSED] - for ([i = 16, i <= 21, (i++)]): Tapped on element 'Object Repository/Text'

2023-07-13 10:56:08 - [TEST_STEP][PASSED] - TapNo = OTP[i]: null

2023-07-13 10:56:08 - [TEST_STEP][PASSED] - tap(findTestObject("Text", ["Verify":TapNo]), 0): Tapped on element 'Object Repository/Text'

2023-07-13 10:56:08 - [MESSAGE][WARNING] - Timeout '0' is invalid. Using default page load timeout: '60'

2023-07-13 10:56:09 - [MESSAGE][PASSED] - Tapped on element 'Object Repository/Text'

2023-07-13 10:56:09 - [TEST_STEP][PASSED] - TapNo = OTP[i]: null

2023-07-13 10:56:09 - [TEST_STEP][PASSED] - tap(findTestObject("Text", ["Verify":TapNo]), 0): Tapped on element 'Object Repository/Text'

2023-07-13 10:56:09 - [MESSAGE][WARNING] - Timeout '0' is invalid. Using default page load timeout: '60'

2023-07-13 10:56:11 - [MESSAGE][PASSED] - Tapped on element 'Object Repository/Text'

2023-07-13 10:56:11 - [TEST_STEP][PASSED] - TapNo = OTP[i]: null

2023-07-13 10:56:11 - [TEST_STEP][PASSED] - tap(findTestObject("Text", ["Verify":TapNo]), 0): Tapped on element 'Object Repository/Text'

2023-07-13 10:56:11 - [MESSAGE][WARNING] - Timeout '0' is invalid. Using default page load timeout: '60'

2023-07-13 10:56:13 - [MESSAGE][PASSED] - Tapped on element 'Object Repository/Text'

2023-07-13 10:56:13 - [TEST_STEP][PASSED] - TapNo = OTP[i]: null

2023-07-13 10:56:13 - [TEST_STEP][PASSED] - tap(findTestObject("Text", ["Verify":TapNo]), 0): Tapped on element 'Object Repository/Text'

2023-07-13 10:56:13 - [MESSAGE][WARNING] - Timeout '0' is invalid. Using default page load timeout: '60'

2023-07-13 10:56:15 - [MESSAGE][PASSED] - Tapped on element 'Object Repository/Text'

2023-07-13 10:56:15 - [TEST_STEP][PASSED] - TapNo = OTP[i]: null

2023-07-13 10:56:15 - [TEST_STEP][PASSED] - tap(findTestObject("Text", ["Verify":TapNo]), 0): Tapped on element 'Object Repository/Text'

2023-07-13 10:56:15 - [MESSAGE][WARNING] - Timeout '0' is invalid. Using default page load timeout: '60'

2023-07-13 10:56:17 - [MESSAGE][PASSED] - Tapped on element 'Object Repository/Text'

2023-07-13 10:56:17 - [TEST_STEP][PASSED] - TapNo = OTP[i]: null

2023-07-13 10:56:17 - [TEST_STEP][PASSED] - tap(findTestObject("Text", ["Verify":TapNo]), 0): Tapped on element 'Object Repository/Text'

2023-07-13 10:56:17 - [MESSAGE][WARNING] - Timeout '0' is invalid. Using default page load timeout: '60'

2023-07-13 10:56:19 - [MESSAGE][PASSED] - Tapped on element 'Object Repository/Text'

2023-07-13 10:56:19 - [TEST_STEP][PASSED] - takeScreenshot(): Screenshot is taken

2023-07-13 10:56:19 - [MESSAGE][PASSED] - Screenshot is taken
[[ATTACHMENT|/Users/mosaj/Documents/GitHub/MAE-M2U-TestCloud/Reports/20230713_105200/Mosaj S2U/20230713_105200/1689216979202.png]]

2023-07-13 10:56:19 - [TEST_STEP][PASSED] - delay(3): Delayed 3 second(s)

2023-07-13 10:56:22 - [MESSAGE][PASSED] - Delayed 3 second(s)

2023-07-13 10:56:22 - [TEST_STEP][PASSED] - tap(findTestObject("Object Repository/Dynamic Object/Tap Image Following 2", ["text":"0"]), 0): Tapped on element 'Object Repository/Dynamic Object/Tap Image Following 2'

2023-07-13 10:56:22 - [MESSAGE][WARNING] - Timeout '0' is invalid. Using default page load timeout: '60'

2023-07-13 10:56:23 - [MESSAGE][PASSED] - Tapped on element 'Object Repository/Dynamic Object/Tap Image Following 2'

2023-07-13 10:56:23 - [TEST_STEP][PASSED] - delay(2): Delayed 2 second(s)

2023-07-13 10:56:25 - [MESSAGE][PASSED] - Delayed 2 second(s)

2023-07-13 10:56:25 - [TEST_STEP][PASSED] - getText(findTestObject("Object Repository/s2u registration/android.widget.TextView - Enter your ID number"), 0): Text of element 'Object Repository/s2u registration/android.widget.TextView - Enter your ID number' is: 'Enter your ID number'

2023-07-13 10:56:25 - [MESSAGE][WARNING] - Timeout '0' is invalid. Using default page load timeout: '60'

2023-07-13 10:56:25 - [MESSAGE][PASSED] - Text of element 'Object Repository/s2u registration/android.widget.TextView - Enter your ID number' is: 'Enter your ID number'

2023-07-13 10:56:25 - [TEST_STEP][PASSED] - setText(findTestObject("Object Repository/s2u registration/android.widget.EditText - Your ID number"), "960829149762", 0): Text '960829149762' has been set to element 'Object Repository/s2u registration/android.widget.EditText - Your ID number'

2023-07-13 10:56:25 - [MESSAGE][WARNING] - Timeout '0' is invalid. Using default page load timeout: '60'

2023-07-13 10:56:27 - [MESSAGE][PASSED] - Text '960829149762' has been set to element 'Object Repository/s2u registration/android.widget.EditText - Your ID number'

2023-07-13 10:56:27 - [TEST_STEP][PASSED] - hideKeyboard(): Keyboard is hidden

2023-07-13 10:56:28 - [MESSAGE][PASSED] - Keyboard is hidden

2023-07-13 10:56:28 - [TEST_STEP][PASSED] - takeScreenshot(): Screenshot is taken

2023-07-13 10:56:28 - [MESSAGE][PASSED] - Screenshot is taken
[[ATTACHMENT|/Users/mosaj/Documents/GitHub/MAE-M2U-TestCloud/Reports/20230713_105200/Mosaj S2U/20230713_105200/1689216988254.png]]

2023-07-13 10:56:28 - [TEST_STEP][PASSED] - getText(findTestObject("Object Repository/s2u registration/android.widget.TextView - Continue"), 0): Text of element 'Object Repository/s2u registration/android.widget.TextView - Continue' is: 'Continue'

2023-07-13 10:56:28 - [MESSAGE][WARNING] - Timeout '0' is invalid. Using default page load timeout: '60'

2023-07-13 10:56:28 - [MESSAGE][PASSED] - Text of element 'Object Repository/s2u registration/android.widget.TextView - Continue' is: 'Continue'

2023-07-13 10:56:28 - [TEST_STEP][PASSED] - tap(findTestObject("s2u registration/android.widget.TextView - Continue"), 0): Tapped on element 'Object Repository/s2u registration/android.widget.TextView - Continue'

2023-07-13 10:56:28 - [MESSAGE][WARNING] - Timeout '0' is invalid. Using default page load timeout: '60'

2023-07-13 10:56:29 - [MESSAGE][PASSED] - Tapped on element 'Object Repository/s2u registration/android.widget.TextView - Continue'

2023-07-13 10:56:29 - [TEST_STEP][PASSED] - getText(findTestObject("Object Repository/s2u registration/android.widget.TextView - Device Name"), 0): Text of element 'Object Repository/s2u registration/android.widget.TextView - Device Name' is: 'Device Name'

2023-07-13 10:56:29 - [MESSAGE][WARNING] - Timeout '0' is invalid. Using default page load timeout: '60'

2023-07-13 10:56:31 - [MESSAGE][PASSED] - Text of element 'Object Repository/s2u registration/android.widget.TextView - Device Name' is: 'Device Name'

2023-07-13 10:56:31 - [TEST_STEP][PASSED] - takeScreenshot(): Screenshot is taken

2023-07-13 10:56:31 - [MESSAGE][PASSED] - Screenshot is taken
[[ATTACHMENT|/Users/mosaj/Documents/GitHub/MAE-M2U-TestCloud/Reports/20230713_105200/Mosaj S2U/20230713_105200/1689216991307.png]]

2023-07-13 10:56:31 - [TEST_STEP][PASSED] - getText(findTestObject("s2u registration/android.widget.TextView - Continue (1)"), 0): Text of element 'Object Repository/s2u registration/android.widget.TextView - Continue (1)' is: 'Continue'

2023-07-13 10:56:31 - [MESSAGE][WARNING] - Timeout '0' is invalid. Using default page load timeout: '60'

2023-07-13 10:56:31 - [MESSAGE][PASSED] - Text of element 'Object Repository/s2u registration/android.widget.TextView - Continue (1)' is: 'Continue'

2023-07-13 10:56:31 - [TEST_STEP][PASSED] - tap(findTestObject("s2u registration/android.widget.TextView - Continue (1)"), 0): Tapped on element 'Object Repository/s2u registration/android.widget.TextView - Continue (1)'

2023-07-13 10:56:31 - [MESSAGE][WARNING] - Timeout '0' is invalid. Using default page load timeout: '60'

2023-07-13 10:56:32 - [MESSAGE][PASSED] - Tapped on element 'Object Repository/s2u registration/android.widget.TextView - Continue (1)'

2023-07-13 10:56:32 - [TEST_STEP][PASSED] - getText(findTestObject("Object Repository/s2u registration/android.widget.TextView - Secure2u enabled"), 0): Text of element 'Object Repository/s2u registration/android.widget.TextView - Secure2u enabled' is: 'Secure2u enabled'

2023-07-13 10:56:32 - [MESSAGE][WARNING] - Timeout '0' is invalid. Using default page load timeout: '60'

2023-07-13 10:56:35 - [MESSAGE][PASSED] - Text of element 'Object Repository/s2u registration/android.widget.TextView - Secure2u enabled' is: 'Secure2u enabled'

2023-07-13 10:56:35 - [TEST_STEP][PASSED] - takeScreenshot(): Screenshot is taken

2023-07-13 10:56:36 - [MESSAGE][PASSED] - Screenshot is taken
[[ATTACHMENT|/Users/mosaj/Documents/GitHub/MAE-M2U-TestCloud/Reports/20230713_105200/Mosaj S2U/20230713_105200/1689216995391.png]]

2023-07-13 10:56:36 - [TEST_STEP][PASSED] - getText(findTestObject("Object Repository/s2u registration/android.widget.TextView - Continue (1)"), 0): Text of element 'Object Repository/s2u registration/android.widget.TextView - Continue (1)' is: 'Continue'

2023-07-13 10:56:36 - [MESSAGE][WARNING] - Timeout '0' is invalid. Using default page load timeout: '60'

2023-07-13 10:56:36 - [MESSAGE][PASSED] - Text of element 'Object Repository/s2u registration/android.widget.TextView - Continue (1)' is: 'Continue'

2023-07-13 10:56:36 - [TEST_STEP][PASSED] - tap(findTestObject("s2u registration/android.widget.TextView - Continue (1)"), 0): Tapped on element 'Object Repository/s2u registration/android.widget.TextView - Continue (1)'

2023-07-13 10:56:36 - [MESSAGE][WARNING] - Timeout '0' is invalid. Using default page load timeout: '60'

2023-07-13 10:56:36 - [MESSAGE][PASSED] - Tapped on element 'Object Repository/s2u registration/android.widget.TextView - Continue (1)'

2023-07-13 10:56:36 - [TEST_STEP][PASSED] - getText(findTestObject("Object Repository/s2u registration/android.widget.TextView - Home"), 0): Text of element 'Object Repository/s2u registration/android.widget.TextView - Home' is: 'Home'

2023-07-13 10:56:36 - [MESSAGE][WARNING] - Timeout '0' is invalid. Using default page load timeout: '60'

2023-07-13 10:56:38 - [MESSAGE][PASSED] - Text of element 'Object Repository/s2u registration/android.widget.TextView - Home' is: 'Home'

2023-07-13 10:56:38 - [TEST_STEP][PASSED] - tap(findTestObject("s2u registration/android.widget.TextView - Home"), 0): Tapped on element 'Object Repository/s2u registration/android.widget.TextView - Home'

2023-07-13 10:56:39 - [MESSAGE][WARNING] - Timeout '0' is invalid. Using default page load timeout: '60'

2023-07-13 10:56:39 - [MESSAGE][PASSED] - Tapped on element 'Object Repository/s2u registration/android.widget.TextView - Home'

2023-07-13 10:56:39 - [TEST_STEP][PASSED] - delay(5): Delayed 5 second(s)

2023-07-13 10:56:44 - [MESSAGE][PASSED] - Delayed 5 second(s)

2023-07-13 10:56:44 - [TEST_STEP][PASSED] - takeScreenshot(): Screenshot is taken

2023-07-13 10:56:44 - [MESSAGE][PASSED] - Screenshot is taken
[[ATTACHMENT|/Users/mosaj/Documents/GitHub/MAE-M2U-TestCloud/Reports/20230713_105200/Mosaj S2U/20230713_105200/1689217004347.png]]

2023-07-13 10:56:44 - [TEST_STEP][PASSED] - closeApplication(): Close app successfully

2023-07-13 10:56:45 - [MESSAGE][PASSED] - Close app successfully]]></system-out>
         <system-err><![CDATA[2023-07-13 10:54:58 - [TEST_CASE][FAILED] - Test Cases/Login Onboard/secure2u registration: Test Cases/Login Onboard/secure2u registration FAILED.
Reason:
com.kms.katalon.core.exception.StepFailedException: Object Object Repository/s2u registration/android.widget.TextView - Your OTP no. is 303481 not found
	at com.kms.katalon.core.keyword.internal.KeywordMain.stepFailed(KeywordMain.groovy:39)
	at com.kms.katalon.core.mobile.keyword.internal.MobileKeywordMain.stepFailed(MobileKeywordMain.groovy:40)
	at com.kms.katalon.core.mobile.keyword.builtin.GetTextKeyword$_getText_closure1.doCall(GetTextKeyword.groovy:74)
	at com.kms.katalon.core.mobile.keyword.builtin.GetTextKeyword$_getText_closure1.call(GetTextKeyword.groovy)
	at com.kms.katalon.core.mobile.keyword.internal.MobileKeywordMain.runKeyword(MobileKeywordMain.groovy:21)
	at com.kms.katalon.core.mobile.keyword.builtin.GetTextKeyword.getText(GetTextKeyword.groovy:80)
	at com.kms.katalon.core.mobile.keyword.builtin.GetTextKeyword.execute(GetTextKeyword.groovy:64)
	at com.kms.katalon.core.keyword.internal.KeywordExecutor.executeKeywordForPlatform(KeywordExecutor.groovy:74)
	at com.kms.katalon.core.mobile.keyword.MobileBuiltInKeywords.getText(MobileBuiltInKeywords.groovy:1274)
	at com.kms.katalon.core.mobile.keyword.MobileBuiltInKeywords$getText$8.call(Unknown Source)
	at secure2u registration.run(secure2u registration:49)
	at com.kms.katalon.core.main.ScriptEngine.run(ScriptEngine.java:194)
	at com.kms.katalon.core.main.ScriptEngine.runScriptAsRawText(ScriptEngine.java:119)
	at com.kms.katalon.core.main.TestCaseExecutor.runScript(TestCaseExecutor.java:448)
	at com.kms.katalon.core.main.TestCaseExecutor.doExecute(TestCaseExecutor.java:439)
	at com.kms.katalon.core.main.TestCaseExecutor.processExecutionPhase(TestCaseExecutor.java:418)
	at com.kms.katalon.core.main.TestCaseExecutor.accessMainPhase(TestCaseExecutor.java:410)
	at com.kms.katalon.core.main.TestCaseExecutor.execute(TestCaseExecutor.java:285)
	at com.kms.katalon.core.common.CommonExecutor.accessTestCaseMainPhase(CommonExecutor.java:65)
	at com.kms.katalon.core.main.TestSuiteExecutor.accessTestSuiteMainPhase(TestSuiteExecutor.java:148)
	at com.kms.katalon.core.main.TestSuiteExecutor.execute(TestSuiteExecutor.java:106)
	at com.kms.katalon.core.main.TestCaseMain.startTestSuite(TestCaseMain.java:187)
	at com.kms.katalon.core.main.TestCaseMain$startTestSuite$0.call(Unknown Source)
	at TempTestSuite1689216720908.run(TempTestSuite1689216720908.groovy:36)]]></system-err>
      </testcase>
      <system-out><![CDATA[2023-07-13 10:52:15 - [TEST_SUITE][FAILED] - Mosaj S2U: Test Cases/Login Onboard/secure2u registration FAILED.
Reason:
com.kms.katalon.core.exception.StepFailedException: Object Object Repository/s2u registration/android.widget.TextView - Your OTP no. is 303481 not found
	at com.kms.katalon.core.keyword.internal.KeywordMain.stepFailed(KeywordMain.groovy:39)
	at com.kms.katalon.core.mobile.keyword.internal.MobileKeywordMain.stepFailed(MobileKeywordMain.groovy:40)
	at com.kms.katalon.core.mobile.keyword.builtin.GetTextKeyword$_getText_closure1.doCall(GetTextKeyword.groovy:74)
	at com.kms.katalon.core.mobile.keyword.builtin.GetTextKeyword$_getText_closure1.call(GetTextKeyword.groovy)
	at com.kms.katalon.core.mobile.keyword.internal.MobileKeywordMain.runKeyword(MobileKeywordMain.groovy:21)
	at com.kms.katalon.core.mobile.keyword.builtin.GetTextKeyword.getText(GetTextKeyword.groovy:80)
	at com.kms.katalon.core.mobile.keyword.builtin.GetTextKeyword.execute(GetTextKeyword.groovy:64)
	at com.kms.katalon.core.keyword.internal.KeywordExecutor.executeKeywordForPlatform(KeywordExecutor.groovy:74)
	at com.kms.katalon.core.mobile.keyword.MobileBuiltInKeywords.getText(MobileBuiltInKeywords.groovy:1274)
	at com.kms.katalon.core.mobile.keyword.MobileBuiltInKeywords$getText$8.call(Unknown Source)
	at secure2u registration.run(secure2u registration:49)
	at com.kms.katalon.core.main.ScriptEngine.run(ScriptEngine.java:194)
	at com.kms.katalon.core.main.ScriptEngine.runScriptAsRawText(ScriptEngine.java:119)
	at com.kms.katalon.core.main.TestCaseExecutor.runScript(TestCaseExecutor.java:448)
	at com.kms.katalon.core.main.TestCaseExecutor.doExecute(TestCaseExecutor.java:439)
	at com.kms.katalon.core.main.TestCaseExecutor.processExecutionPhase(TestCaseExecutor.java:418)
	at com.kms.katalon.core.main.TestCaseExecutor.accessMainPhase(TestCaseExecutor.java:410)
	at com.kms.katalon.core.main.TestCaseExecutor.execute(TestCaseExecutor.java:285)
	at com.kms.katalon.core.common.CommonExecutor.accessTestCaseMainPhase(CommonExecutor.java:65)
	at com.kms.katalon.core.main.TestSuiteExecutor.accessTestSuiteMainPhase(TestSuiteExecutor.java:148)
	at com.kms.katalon.core.main.TestSuiteExecutor.execute(TestSuiteExecutor.java:106)
	at com.kms.katalon.core.main.TestCaseMain.startTestSuite(TestCaseMain.java:187)
	at com.kms.katalon.core.main.TestCaseMain$startTestSuite$0.call(Unknown Source)
	at TempTestSuite1689216720908.run(TempTestSuite1689216720908.groovy:36)]]></system-out>
      <system-err><![CDATA[2023-07-13 10:52:15 - [TEST_SUITE][FAILED] - Mosaj S2U: Test Cases/Login Onboard/secure2u registration FAILED.
Reason:
com.kms.katalon.core.exception.StepFailedException: Object Object Repository/s2u registration/android.widget.TextView - Your OTP no. is 303481 not found
	at com.kms.katalon.core.keyword.internal.KeywordMain.stepFailed(KeywordMain.groovy:39)
	at com.kms.katalon.core.mobile.keyword.internal.MobileKeywordMain.stepFailed(MobileKeywordMain.groovy:40)
	at com.kms.katalon.core.mobile.keyword.builtin.GetTextKeyword$_getText_closure1.doCall(GetTextKeyword.groovy:74)
	at com.kms.katalon.core.mobile.keyword.builtin.GetTextKeyword$_getText_closure1.call(GetTextKeyword.groovy)
	at com.kms.katalon.core.mobile.keyword.internal.MobileKeywordMain.runKeyword(MobileKeywordMain.groovy:21)
	at com.kms.katalon.core.mobile.keyword.builtin.GetTextKeyword.getText(GetTextKeyword.groovy:80)
	at com.kms.katalon.core.mobile.keyword.builtin.GetTextKeyword.execute(GetTextKeyword.groovy:64)
	at com.kms.katalon.core.keyword.internal.KeywordExecutor.executeKeywordForPlatform(KeywordExecutor.groovy:74)
	at com.kms.katalon.core.mobile.keyword.MobileBuiltInKeywords.getText(MobileBuiltInKeywords.groovy:1274)
	at com.kms.katalon.core.mobile.keyword.MobileBuiltInKeywords$getText$8.call(Unknown Source)
	at secure2u registration.run(secure2u registration:49)
	at com.kms.katalon.core.main.ScriptEngine.run(ScriptEngine.java:194)
	at com.kms.katalon.core.main.ScriptEngine.runScriptAsRawText(ScriptEngine.java:119)
	at com.kms.katalon.core.main.TestCaseExecutor.runScript(TestCaseExecutor.java:448)
	at com.kms.katalon.core.main.TestCaseExecutor.doExecute(TestCaseExecutor.java:439)
	at com.kms.katalon.core.main.TestCaseExecutor.processExecutionPhase(TestCaseExecutor.java:418)
	at com.kms.katalon.core.main.TestCaseExecutor.accessMainPhase(TestCaseExecutor.java:410)
	at com.kms.katalon.core.main.TestCaseExecutor.execute(TestCaseExecutor.java:285)
	at com.kms.katalon.core.common.CommonExecutor.accessTestCaseMainPhase(CommonExecutor.java:65)
	at com.kms.katalon.core.main.TestSuiteExecutor.accessTestSuiteMainPhase(TestSuiteExecutor.java:148)
	at com.kms.katalon.core.main.TestSuiteExecutor.execute(TestSuiteExecutor.java:106)
	at com.kms.katalon.core.main.TestCaseMain.startTestSuite(TestCaseMain.java:187)
	at com.kms.katalon.core.main.TestCaseMain$startTestSuite$0.call(Unknown Source)
	at TempTestSuite1689216720908.run(TempTestSuite1689216720908.groovy:36)]]></system-err>
   </testsuite>
</testsuites>
