<?xml version="1.0" encoding="UTF-8"?>
<testsuites name="Board" time="267.111" tests="5" failures="0" errors="0">
   <testsuite name="login only" tests="1" failures="0" errors="0" time="148.044" skipped="0" timestamp="2023-08-30 11:01:32" hostname="mosaj - 192.168.1.183" id="Test Suites/board/login only">
      <properties>
         <property name="deviceName" value=""/>
         <property name="devicePlatform" value=""/>
         <property name="logFolder" value="/Users/mosaj/Documents/GitHub/MAE-M2U-TestCloud/Reports/20230830_110055/board/login only/20230830_110101"/>
         <property name="logFiles" value="/Users/mosaj/Documents/GitHub/MAE-M2U-TestCloud/Reports/20230830_110055/board/login only/20230830_110101/execution0.log"/>
         <property name="attachments" value=""/>
         <property name="hostName" value="mosaj - 192.168.1.183"/>
         <property name="os" value="Mac OS X 64bit"/>
         <property name="katalonVersion" value="8.6.6.208"/>
         <property name="browser" value="Chrome 116.0.0.0"/>
         <property name="hostAddress" value="10.154.6.164"/>
         <property name="sessionId" value="c850adaa1604bca263410e798d4e4ee6"/>
         <property name="seleniumVersion" value="3.141.59"/>
         <property name="proxyInformation" value="ProxyInformation { proxyOption=NO_PROXY, proxyServerType=HTTP, username=, password=********, proxyServerAddress=, proxyServerPort=0, executionList=&quot;&quot;, isApplyToDesiredCapabilities=true }"/>
         <property name="platform" value="Mac OS X"/>
      </properties>
      <testcase name="Test Cases/Web Login/m2u home page" time="146.598" classname="Test Cases/Web Login/m2u home page" status="PASSED">
         <system-out><![CDATA[2023-08-30 11:01:34 - [TEST_CASE][PASSED] - Test Cases/Web Login/m2u home page: Test Cases/Web Login/m2u home page

2023-08-30 11:01:36 - [TEST_STEP][PASSED] - openBrowser(""): Browser is opened with url: ''

2023-08-30 11:01:37 - [MESSAGE][INFO] - Starting 'Chrome' driver

2023-08-30 11:01:38 - [MESSAGE][INFO] - Action delay is set to 0 milliseconds

2023-08-30 11:01:47 - [MESSAGE][PASSED] - Browser is opened with url: ''

2023-08-30 11:01:47 - [TEST_STEP][PASSED] - maximizeWindow(): Current window maximized

2023-08-30 11:01:48 - [MESSAGE][PASSED] - Current window maximized

2023-08-30 11:01:48 - [TEST_STEP][PASSED] - navigateToUrl("https://www.maybank2u.com.my/home/m2u/common/login.do"): Navigate to 'https://www.maybank2u.com.my/home/m2u/common/login.do' successfully

2023-08-30 11:02:59 - [MESSAGE][PASSED] - Navigate to 'https://www.maybank2u.com.my/home/m2u/common/login.do' successfully

2023-08-30 11:02:59 - [TEST_STEP][PASSED] - setText(findTestObject("Object Repository/Web Login/Page_Maybank2u  Maybank Malaysia/input_Humanising Financial Services_username"), findTestData("DevOps").getValue(1, 2)): Text 'mosajgohar2' is set on object 'Object Repository/Web Login/Page_Maybank2u  Maybank Malaysia/input_Humanising Financial Services_username'

2023-08-30 11:03:15 - [MESSAGE][PASSED] - Text 'mosajgohar2' is set on object 'Object Repository/Web Login/Page_Maybank2u  Maybank Malaysia/input_Humanising Financial Services_username'

2023-08-30 11:03:15 - [TEST_STEP][PASSED] - delay(10): Delayed 10 second(s)

2023-08-30 11:03:26 - [MESSAGE][PASSED] - Delayed 10 second(s)

2023-08-30 11:03:26 - [TEST_STEP][PASSED] - click(findTestObject("Object Repository/Web Login/Page_Maybank2u  Maybank Malaysia/button_LOGIN")): Object: 'Object Repository/Web Login/Page_Maybank2u  Maybank Malaysia/button_LOGIN' is clicked on

2023-08-30 11:03:29 - [MESSAGE][PASSED] - Object: 'Object Repository/Web Login/Page_Maybank2u  Maybank Malaysia/button_LOGIN' is clicked on

2023-08-30 11:03:29 - [TEST_STEP][PASSED] - delay(10): Delayed 10 second(s)

2023-08-30 11:03:39 - [MESSAGE][PASSED] - Delayed 10 second(s)

2023-08-30 11:03:39 - [TEST_STEP][PASSED] - click(findTestObject("Object Repository/Web Login/Page_Maybank2u  Maybank Malaysia/button_YES")): Object: 'Object Repository/Web Login/Page_Maybank2u  Maybank Malaysia/button_YES' is clicked on

2023-08-30 11:03:42 - [MESSAGE][PASSED] - Object: 'Object Repository/Web Login/Page_Maybank2u  Maybank Malaysia/button_YES' is clicked on

2023-08-30 11:03:42 - [TEST_STEP][PASSED] - delay(10): Delayed 10 second(s)

2023-08-30 11:03:52 - [MESSAGE][PASSED] - Delayed 10 second(s)

2023-08-30 11:03:52 - [TEST_STEP][PASSED] - setText(findTestObject("Object Repository/Web Login/Page_Maybank2u  Maybank Malaysia/input_Hello_my-password-input"), "Mayesha@19"): Text 'Mayesha@19' is set on object 'Object Repository/Web Login/Page_Maybank2u  Maybank Malaysia/input_Hello_my-password-input'

2023-08-30 11:03:55 - [MESSAGE][PASSED] - Text 'Mayesha@19' is set on object 'Object Repository/Web Login/Page_Maybank2u  Maybank Malaysia/input_Hello_my-password-input'

2023-08-30 11:03:55 - [TEST_STEP][PASSED] - delay(5): Delayed 5 second(s)

2023-08-30 11:04:00 - [MESSAGE][PASSED] - Delayed 5 second(s)

2023-08-30 11:04:00 - [TEST_STEP][NOT_RUN] - closeBrowser(): NOT_RUN: closeBrowser()

2023-08-30 11:04:00 - [MESSAGE][NOT_RUN] - NOT_RUN: closeBrowser()]]></system-out>
         <system-err><![CDATA[]]></system-err>
      </testcase>
      <system-out><![CDATA[2023-08-30 11:01:32 - [TEST_SUITE][PASSED] - login only: Test Cases/Web Login/m2u home page]]></system-out>
      <system-err><![CDATA[]]></system-err>
   </testsuite>
   <testsuite name="board_m2u_transfe" tests="1" failures="0" errors="0" time="234.338" skipped="0" timestamp="2023-08-30 11:01:49" hostname="mosaj - 192.168.1.183" id="Test Suites/board/board_m2u_transfe">
      <properties>
         <property name="deviceName" value=""/>
         <property name="devicePlatform" value=""/>
         <property name="logFolder" value="/Users/mosaj/Documents/GitHub/MAE-M2U-TestCloud/Reports/20230830_110055/board/board_m2u_transfe/20230830_110104"/>
         <property name="logFiles" value="/Users/mosaj/Documents/GitHub/MAE-M2U-TestCloud/Reports/20230830_110055/board/board_m2u_transfe/20230830_110104/execution0.log"/>
         <property name="attachments" value="/Users/mosaj/Documents/GitHub/MAE-M2U-TestCloud/Reports/20230830_110055/board/board_m2u_transfe/20230830_110104/1693364630909.png, /Users/mosaj/Documents/GitHub/MAE-M2U-TestCloud/Reports/20230830_110055/board/board_m2u_transfe/20230830_110104/1693364664156.png, /Users/mosaj/Documents/GitHub/MAE-M2U-TestCloud/Reports/20230830_110055/board/board_m2u_transfe/20230830_110104/1693364667937.png, /Users/mosaj/Documents/GitHub/MAE-M2U-TestCloud/Reports/20230830_110055/board/board_m2u_transfe/20230830_110104/1693364671417.png, /Users/mosaj/Documents/GitHub/MAE-M2U-TestCloud/Reports/20230830_110055/board/board_m2u_transfe/20230830_110104/1693364688422.png"/>
         <property name="hostName" value="mosaj - 192.168.1.183"/>
         <property name="os" value="Mac OS X 64bit"/>
         <property name="katalonVersion" value="8.6.6.208"/>
         <property name="browser" value="Chrome 116.0.0.0"/>
         <property name="hostAddress" value="10.154.6.164"/>
         <property name="sessionId" value="e838f0f72bcefd40f7edb23c1f974671"/>
         <property name="seleniumVersion" value="3.141.59"/>
         <property name="proxyInformation" value="ProxyInformation { proxyOption=NO_PROXY, proxyServerType=HTTP, username=, password=********, proxyServerAddress=, proxyServerPort=0, executionList=&quot;&quot;, isApplyToDesiredCapabilities=true }"/>
         <property name="platform" value="Mac OS X"/>
      </properties>
      <testcase name="Test Cases/Web Login/Transfer_OpenThirdParty" time="231.938" classname="Test Cases/Web Login/Transfer_OpenThirdParty" status="PASSED">
         <system-out><![CDATA[2023-08-30 11:01:52 - [TEST_CASE][PASSED] - Test Cases/Web Login/Transfer_OpenThirdParty: Test Cases/Web Login/Transfer_OpenThirdParty

2023-08-30 11:01:55 - [TEST_STEP][PASSED] - openBrowser(""): Browser is opened with url: ''

2023-08-30 11:01:57 - [MESSAGE][INFO] - Starting 'Chrome' driver

2023-08-30 11:01:57 - [MESSAGE][INFO] - Action delay is set to 0 milliseconds

2023-08-30 11:02:06 - [MESSAGE][PASSED] - Browser is opened with url: ''

2023-08-30 11:02:06 - [TEST_STEP][PASSED] - maximizeWindow(): Current window maximized

2023-08-30 11:02:06 - [MESSAGE][PASSED] - Current window maximized

2023-08-30 11:02:06 - [TEST_STEP][PASSED] - navigateToUrl("https://www.maybank2u.com.my/home/m2u/common/login.do"): Navigate to 'https://www.maybank2u.com.my/home/m2u/common/login.do' successfully

2023-08-30 11:03:07 - [MESSAGE][PASSED] - Navigate to 'https://www.maybank2u.com.my/home/m2u/common/login.do' successfully

2023-08-30 11:03:07 - [TEST_STEP][PASSED] - getPageHeight(): Current page's height is 3312

2023-08-30 11:03:08 - [MESSAGE][PASSED] - Current page's height is 3312

2023-08-30 11:03:08 - [TEST_STEP][PASSED] - getPageWidth(): Current page's width is 1440

2023-08-30 11:03:08 - [MESSAGE][PASSED] - Current page's width is 1440

2023-08-30 11:03:08 - [TEST_STEP][PASSED] - setText(findTestObject("Object Repository/Web Login/Page_Maybank2u  Maybank Malaysia/input_Humanising Financial Services_username"), findTestData("DevOps").getValue(1, 1)): Text 'mosajgohar1' is set on object 'Object Repository/Web Login/Page_Maybank2u  Maybank Malaysia/input_Humanising Financial Services_username'

2023-08-30 11:03:22 - [MESSAGE][PASSED] - Text 'mosajgohar1' is set on object 'Object Repository/Web Login/Page_Maybank2u  Maybank Malaysia/input_Humanising Financial Services_username'

2023-08-30 11:03:22 - [TEST_STEP][PASSED] - click(findTestObject("Object Repository/Web Login/Page_Maybank2u  Maybank Malaysia/button_LOGIN")): Object: 'Object Repository/Web Login/Page_Maybank2u  Maybank Malaysia/button_LOGIN' is clicked on

2023-08-30 11:03:26 - [MESSAGE][PASSED] - Object: 'Object Repository/Web Login/Page_Maybank2u  Maybank Malaysia/button_LOGIN' is clicked on

2023-08-30 11:03:26 - [TEST_STEP][PASSED] - click(findTestObject("Object Repository/Web Login/Page_Maybank2u  Maybank Malaysia/button_YES")): Object: 'Object Repository/Web Login/Page_Maybank2u  Maybank Malaysia/button_YES' is clicked on

2023-08-30 11:03:28 - [MESSAGE][PASSED] - Object: 'Object Repository/Web Login/Page_Maybank2u  Maybank Malaysia/button_YES' is clicked on

2023-08-30 11:03:28 - [TEST_STEP][PASSED] - setText(findTestObject("Object Repository/Web Login/Page_Maybank2u  Maybank Malaysia/input_Hello_my-password-input"), "Mayesha@19"): Text 'Mayesha@19' is set on object 'Object Repository/Web Login/Page_Maybank2u  Maybank Malaysia/input_Hello_my-password-input'

2023-08-30 11:03:32 - [MESSAGE][PASSED] - Text 'Mayesha@19' is set on object 'Object Repository/Web Login/Page_Maybank2u  Maybank Malaysia/input_Hello_my-password-input'

2023-08-30 11:03:32 - [TEST_STEP][PASSED] - delay(5): Delayed 5 second(s)

2023-08-30 11:03:37 - [MESSAGE][PASSED] - Delayed 5 second(s)

2023-08-30 11:03:37 - [TEST_STEP][PASSED] - click(findTestObject("Object Repository/Web Login/Page_Maybank2u  Maybank Malaysia/span_LOGIN")): Object: 'Object Repository/Web Login/Page_Maybank2u  Maybank Malaysia/span_LOGIN' is clicked on

2023-08-30 11:03:41 - [MESSAGE][PASSED] - Object: 'Object Repository/Web Login/Page_Maybank2u  Maybank Malaysia/span_LOGIN' is clicked on

2023-08-30 11:03:41 - [TEST_STEP][PASSED] - delay(4): Delayed 4 second(s)

2023-08-30 11:03:45 - [MESSAGE][PASSED] - Delayed 4 second(s)

2023-08-30 11:03:45 - [TEST_STEP][PASSED] - takeScreenshot(): Taking screenshot successfully

2023-08-30 11:03:52 - [MESSAGE][PASSED] - Taking screenshot successfully
[[ATTACHMENT|/Users/mosaj/Documents/GitHub/MAE-M2U-TestCloud/Reports/20230830_110055/board/board_m2u_transfe/20230830_110104/1693364630909.png]]

2023-08-30 11:03:52 - [TEST_STEP][PASSED] - click(findTestObject("Object Repository/Web Login/Page_Maybank2u  Maybank Malaysia/a_MY ACCOUNTS")): Object: 'Object Repository/Web Login/Page_Maybank2u  Maybank Malaysia/a_MY ACCOUNTS' is clicked on

2023-08-30 11:03:54 - [MESSAGE][PASSED] - Object: 'Object Repository/Web Login/Page_Maybank2u  Maybank Malaysia/a_MY ACCOUNTS' is clicked on

2023-08-30 11:03:54 - [TEST_STEP][PASSED] - delay(2): Delayed 2 second(s)

2023-08-30 11:03:56 - [MESSAGE][PASSED] - Delayed 2 second(s)

2023-08-30 11:03:56 - [TEST_STEP][PASSED] - click(findTestObject("Object Repository/Web Login/Page_Maybank2u  Maybank Malaysia/a_PAY  TRANSFER")): Object: 'Object Repository/Web Login/Page_Maybank2u  Maybank Malaysia/a_PAY  TRANSFER' is clicked on

2023-08-30 11:04:01 - [MESSAGE][PASSED] - Object: 'Object Repository/Web Login/Page_Maybank2u  Maybank Malaysia/a_PAY  TRANSFER' is clicked on

2023-08-30 11:04:01 - [TEST_STEP][PASSED] - delay(2): Delayed 2 second(s)

2023-08-30 11:04:03 - [MESSAGE][PASSED] - Delayed 2 second(s)

2023-08-30 11:04:03 - [TEST_STEP][PASSED] - click(findTestObject("Object Repository/Web Login/Page_Maybank2u  Maybank Malaysia/span_x")): Object: 'Object Repository/Web Login/Page_Maybank2u  Maybank Malaysia/span_x' is clicked on

2023-08-30 11:04:06 - [MESSAGE][PASSED] - Object: 'Object Repository/Web Login/Page_Maybank2u  Maybank Malaysia/span_x' is clicked on

2023-08-30 11:04:06 - [TEST_STEP][PASSED] - click(findTestObject("Object Repository/Web Login/Page_Maybank2u  Maybank Malaysia/div_TRANSFER")): Object: 'Object Repository/Web Login/Page_Maybank2u  Maybank Malaysia/div_TRANSFER' is clicked on

2023-08-30 11:04:08 - [MESSAGE][PASSED] - Object: 'Object Repository/Web Login/Page_Maybank2u  Maybank Malaysia/div_TRANSFER' is clicked on

2023-08-30 11:04:08 - [TEST_STEP][PASSED] - delay(2): Delayed 2 second(s)

2023-08-30 11:04:10 - [MESSAGE][PASSED] - Delayed 2 second(s)

2023-08-30 11:04:10 - [TEST_STEP][PASSED] - click(findTestObject("Object Repository/Web Login/Page_Maybank2u  Maybank Malaysia/div_Own Accounts")): Object: 'Object Repository/Web Login/Page_Maybank2u  Maybank Malaysia/div_Own Accounts' is clicked on

2023-08-30 11:04:12 - [MESSAGE][PASSED] - Object: 'Object Repository/Web Login/Page_Maybank2u  Maybank Malaysia/div_Own Accounts' is clicked on

2023-08-30 11:04:12 - [TEST_STEP][PASSED] - delay(2): Delayed 2 second(s)

2023-08-30 11:04:14 - [MESSAGE][PASSED] - Delayed 2 second(s)

2023-08-30 11:04:14 - [TEST_STEP][PASSED] - click(findTestObject("Object Repository/Web Login/Page_Maybank2u  Maybank Malaysia/span_Other Accounts ( Maybank and other banks )")): Object: 'Object Repository/Web Login/Page_Maybank2u  Maybank Malaysia/span_Other Accounts ( Maybank and other banks )' is clicked on

2023-08-30 11:04:14 - [MESSAGE][PASSED] - Object: 'Object Repository/Web Login/Page_Maybank2u  Maybank Malaysia/span_Other Accounts ( Maybank and other banks )' is clicked on

2023-08-30 11:04:14 - [TEST_STEP][PASSED] - click(findTestObject("Object Repository/Web Login/Page_Maybank2u  Maybank Malaysia/input_ASNB Accounts_PayFromToContainer---pa_1bae3d")): Object: 'Object Repository/Web Login/Page_Maybank2u  Maybank Malaysia/input_ASNB Accounts_PayFromToContainer---pa_1bae3d' is clicked on

2023-08-30 11:04:17 - [MESSAGE][PASSED] - Object: 'Object Repository/Web Login/Page_Maybank2u  Maybank Malaysia/input_ASNB Accounts_PayFromToContainer---pa_1bae3d' is clicked on

2023-08-30 11:04:17 - [TEST_STEP][PASSED] - click(findTestObject("Object Repository/Web Login/Page_Maybank2u  Maybank Malaysia/div_Maybank  Maybank Islamic")): Object: 'Object Repository/Web Login/Page_Maybank2u  Maybank Malaysia/div_Maybank  Maybank Islamic' is clicked on

2023-08-30 11:04:18 - [MESSAGE][PASSED] - Object: 'Object Repository/Web Login/Page_Maybank2u  Maybank Malaysia/div_Maybank  Maybank Islamic' is clicked on

2023-08-30 11:04:18 - [TEST_STEP][PASSED] - setText(findTestObject("Object Repository/Web Login/Page_Maybank2u  Maybank Malaysia/input_Account number_toAccount"), "164017298921"): Text '164017298921' is set on object 'Object Repository/Web Login/Page_Maybank2u  Maybank Malaysia/input_Account number_toAccount'

2023-08-30 11:04:20 - [MESSAGE][PASSED] - Text '164017298921' is set on object 'Object Repository/Web Login/Page_Maybank2u  Maybank Malaysia/input_Account number_toAccount'

2023-08-30 11:04:20 - [TEST_STEP][PASSED] - setText(findTestObject("Object Repository/Web Login/Page_Maybank2u  Maybank Malaysia/input_Recipient Reference_transferPurpose"), "DevOps test"): Text 'DevOps test' is set on object 'Object Repository/Web Login/Page_Maybank2u  Maybank Malaysia/input_Recipient Reference_transferPurpose'

2023-08-30 11:04:21 - [MESSAGE][PASSED] - Text 'DevOps test' is set on object 'Object Repository/Web Login/Page_Maybank2u  Maybank Malaysia/input_Recipient Reference_transferPurpose'

2023-08-30 11:04:21 - [TEST_STEP][PASSED] - getText(findTestObject("Object Repository/Web Login/Page_Maybank2u  Maybank Malaysia/p_Money withdrawn from your insured deposit_747020")): Text of object 'Object Repository/Web Login/Page_Maybank2u  Maybank Malaysia/p_Money withdrawn from your insured deposit_747020' is: 'Money withdrawn from your insured deposit(s) is no longer protected by PIDM if transferred to a non PIDM members'

2023-08-30 11:04:22 - [MESSAGE][PASSED] - Text of object 'Object Repository/Web Login/Page_Maybank2u  Maybank Malaysia/p_Money withdrawn from your insured deposit_747020' is: 'Money withdrawn from your insured deposit(s) is no longer protected by PIDM if transferred to a non PIDM members'

2023-08-30 11:04:22 - [TEST_STEP][PASSED] - click(findTestObject("Object Repository/Web Login/Page_Maybank2u  Maybank Malaysia/span_TRANSFER")): Object: 'Object Repository/Web Login/Page_Maybank2u  Maybank Malaysia/span_TRANSFER' is clicked on

2023-08-30 11:04:22 - [MESSAGE][PASSED] - Object: 'Object Repository/Web Login/Page_Maybank2u  Maybank Malaysia/span_TRANSFER' is clicked on

2023-08-30 11:04:22 - [TEST_STEP][PASSED] - getText(findTestObject("Web Login/SPY error message/Page_Maybank2u  Maybank Malaysia/span_Please do not leave field blank")): Text of object 'Object Repository/Web Login/SPY error message/Page_Maybank2u  Maybank Malaysia/span_Please do not leave field blank' is: 'Please do not leave field blank'

2023-08-30 11:04:23 - [MESSAGE][PASSED] - Text of object 'Object Repository/Web Login/SPY error message/Page_Maybank2u  Maybank Malaysia/span_Please do not leave field blank' is: 'Please do not leave field blank'

2023-08-30 11:04:23 - [TEST_STEP][PASSED] - getText(findTestObject("Web Login/SPY error message/Page_Maybank2u  Maybank Malaysia/span_Transfer Amount should not be empty")): Text of object 'Object Repository/Web Login/SPY error message/Page_Maybank2u  Maybank Malaysia/span_Transfer Amount should not be empty' is: 'Transfer Amount should not be empty'

2023-08-30 11:04:23 - [MESSAGE][PASSED] - Text of object 'Object Repository/Web Login/SPY error message/Page_Maybank2u  Maybank Malaysia/span_Transfer Amount should not be empty' is: 'Transfer Amount should not be empty'

2023-08-30 11:04:23 - [TEST_STEP][PASSED] - verifyElementText(findTestObject("Web Login/SPY error message/Page_Maybank2u  Maybank Malaysia/span_Transfer Amount should not be empty"), "Transfer Amount should not be empty"): Actual text and expected text of test object 'Object Repository/Web Login/SPY error message/Page_Maybank2u  Maybank Malaysia/span_Transfer Amount should not be empty' are matched.

2023-08-30 11:04:23 - [MESSAGE][PASSED] - Actual text and expected text of test object 'Object Repository/Web Login/SPY error message/Page_Maybank2u  Maybank Malaysia/span_Transfer Amount should not be empty' are matched.

2023-08-30 11:04:23 - [TEST_STEP][PASSED] - takeScreenshot(): Taking screenshot successfully

2023-08-30 11:04:24 - [MESSAGE][PASSED] - Taking screenshot successfully
[[ATTACHMENT|/Users/mosaj/Documents/GitHub/MAE-M2U-TestCloud/Reports/20230830_110055/board/board_m2u_transfe/20230830_110104/1693364664156.png]]

2023-08-30 11:04:24 - [TEST_STEP][PASSED] - delay(2): Delayed 2 second(s)

2023-08-30 11:04:26 - [MESSAGE][PASSED] - Delayed 2 second(s)

2023-08-30 11:04:26 - [TEST_STEP][PASSED] - click(findTestObject("Web Login/SPY error message/Page_Maybank2u  Maybank Malaysia/span_")): Object: 'Object Repository/Web Login/SPY error message/Page_Maybank2u  Maybank Malaysia/span_' is clicked on

2023-08-30 11:04:27 - [MESSAGE][PASSED] - Object: 'Object Repository/Web Login/SPY error message/Page_Maybank2u  Maybank Malaysia/span_' is clicked on

2023-08-30 11:04:27 - [TEST_STEP][PASSED] - takeScreenshot(): Taking screenshot successfully

2023-08-30 11:04:28 - [MESSAGE][PASSED] - Taking screenshot successfully
[[ATTACHMENT|/Users/mosaj/Documents/GitHub/MAE-M2U-TestCloud/Reports/20230830_110055/board/board_m2u_transfe/20230830_110104/1693364667937.png]]

2023-08-30 11:04:28 - [TEST_STEP][PASSED] - setText(findTestObject("Object Repository/Web Login/Page_Maybank2u  Maybank Malaysia/input_Transfer Amount_amount"), "0.1"): Text '0.1' is set on object 'Object Repository/Web Login/Page_Maybank2u  Maybank Malaysia/input_Transfer Amount_amount'

2023-08-30 11:04:29 - [MESSAGE][PASSED] - Text '0.1' is set on object 'Object Repository/Web Login/Page_Maybank2u  Maybank Malaysia/input_Transfer Amount_amount'

2023-08-30 11:04:29 - [TEST_STEP][PASSED] - click(findTestObject("Object Repository/Web Login/Page_Maybank2u  Maybank Malaysia/span_TRANSFER")): Object: 'Object Repository/Web Login/Page_Maybank2u  Maybank Malaysia/span_TRANSFER' is clicked on

2023-08-30 11:04:29 - [MESSAGE][PASSED] - Object: 'Object Repository/Web Login/Page_Maybank2u  Maybank Malaysia/span_TRANSFER' is clicked on

2023-08-30 11:04:29 - [TEST_STEP][PASSED] - getText(findTestObject("Object Repository/Web Login/Page_Maybank2u  Maybank Malaysia/h6_Tap on the notification on your smartpho_593a44")): Text of object 'Object Repository/Web Login/Page_Maybank2u  Maybank Malaysia/h6_Tap on the notification on your smartpho_593a44' is: 'Tap on the notification on your smartphone to approve the transaction.'

2023-08-30 11:04:30 - [MESSAGE][PASSED] - Text of object 'Object Repository/Web Login/Page_Maybank2u  Maybank Malaysia/h6_Tap on the notification on your smartpho_593a44' is: 'Tap on the notification on your smartphone to approve the transaction.'

2023-08-30 11:04:30 - [TEST_STEP][PASSED] - getText(findTestObject("Object Repository/Web Login/Page_Maybank2u  Maybank Malaysia/span_REQUEST")): Text of object 'Object Repository/Web Login/Page_Maybank2u  Maybank Malaysia/span_REQUEST' is: 'REQUEST'

2023-08-30 11:04:31 - [MESSAGE][PASSED] - Text of object 'Object Repository/Web Login/Page_Maybank2u  Maybank Malaysia/span_REQUEST' is: 'REQUEST'

2023-08-30 11:04:31 - [TEST_STEP][PASSED] - takeScreenshot(): Taking screenshot successfully

2023-08-30 11:04:31 - [MESSAGE][PASSED] - Taking screenshot successfully
[[ATTACHMENT|/Users/mosaj/Documents/GitHub/MAE-M2U-TestCloud/Reports/20230830_110055/board/board_m2u_transfe/20230830_110104/1693364671417.png]]

2023-08-30 11:04:31 - [TEST_STEP][PASSED] - click(findTestObject("Object Repository/Web Login/Page_Maybank2u  Maybank Malaysia/span_REQUEST")): Object: 'Object Repository/Web Login/Page_Maybank2u  Maybank Malaysia/span_REQUEST' is clicked on

2023-08-30 11:04:32 - [MESSAGE][PASSED] - Object: 'Object Repository/Web Login/Page_Maybank2u  Maybank Malaysia/span_REQUEST' is clicked on

2023-08-30 11:04:32 - [TEST_STEP][NOT_RUN] - getText(findTestObject("Object Repository/Web Login/Page_Maybank2u  Maybank Malaysia/h4_Check your Secure2u registered device an_fd105e")): NOT_RUN: getText(findTestObject("Object Repository/Web Login/Page_Maybank2u  Maybank Malaysia/h4_Check your Secure2u registered device an_fd105e"))

2023-08-30 11:04:32 - [MESSAGE][NOT_RUN] - NOT_RUN: getText(findTestObject("Object Repository/Web Login/Page_Maybank2u  Maybank Malaysia/h4_Check your Secure2u registered device an_fd105e"))

2023-08-30 11:04:32 - [TEST_STEP][PASSED] - getText(findTestObject("Object Repository/Web Login/Page_Maybank2u  Maybank Malaysia/div_StatusSuccessful")): Text of object 'Object Repository/Web Login/Page_Maybank2u  Maybank Malaysia/div_StatusSuccessful' is: 'Status
Successful'

2023-08-30 11:04:46 - [MESSAGE][PASSED] - Text of object 'Object Repository/Web Login/Page_Maybank2u  Maybank Malaysia/div_StatusSuccessful' is: 'Status
Successful'

2023-08-30 11:04:46 - [TEST_STEP][PASSED] - getText(findTestObject("Object Repository/Web Login/Page_Maybank2u  Maybank Malaysia/div_Successful")): Text of object 'Object Repository/Web Login/Page_Maybank2u  Maybank Malaysia/div_Successful' is: 'Successful'

2023-08-30 11:04:47 - [MESSAGE][PASSED] - Text of object 'Object Repository/Web Login/Page_Maybank2u  Maybank Malaysia/div_Successful' is: 'Successful'

2023-08-30 11:04:47 - [TEST_STEP][PASSED] - getText(findTestObject("Object Repository/Web Login/Page_Maybank2u  Maybank Malaysia/span_Transaction Successful")): Text of object 'Object Repository/Web Login/Page_Maybank2u  Maybank Malaysia/span_Transaction Successful' is: 'Transaction Successful!'

2023-08-30 11:04:47 - [MESSAGE][PASSED] - Text of object 'Object Repository/Web Login/Page_Maybank2u  Maybank Malaysia/span_Transaction Successful' is: 'Transaction Successful!'

2023-08-30 11:04:47 - [TEST_STEP][PASSED] - verifyElementText(findTestObject("Object Repository/Web Login/Page_Maybank2u  Maybank Malaysia/span_Transaction Successful"), "Transaction Successful!"): Actual text and expected text of test object 'Object Repository/Web Login/Page_Maybank2u  Maybank Malaysia/span_Transaction Successful' are matched.

2023-08-30 11:04:48 - [MESSAGE][PASSED] - Actual text and expected text of test object 'Object Repository/Web Login/Page_Maybank2u  Maybank Malaysia/span_Transaction Successful' are matched.

2023-08-30 11:04:48 - [TEST_STEP][PASSED] - takeScreenshot(): Taking screenshot successfully

2023-08-30 11:04:48 - [MESSAGE][PASSED] - Taking screenshot successfully
[[ATTACHMENT|/Users/mosaj/Documents/GitHub/MAE-M2U-TestCloud/Reports/20230830_110055/board/board_m2u_transfe/20230830_110104/1693364688422.png]]

2023-08-30 11:04:48 - [TEST_STEP][PASSED] - scrollToPosition(1300, 40): Browser is scrolled to position x = 1300, y = 40

2023-08-30 11:04:48 - [MESSAGE][PASSED] - Browser is scrolled to position x = 1300, y = 40

2023-08-30 11:04:48 - [TEST_STEP][PASSED] - verifyElementVisible(findTestObject("Object Repository/Web Login/Page_Maybank2u  Maybank Malaysia/div_TRANSFER")): Object 'Object Repository/Web Login/Page_Maybank2u  Maybank Malaysia/div_TRANSFER' is visible

2023-08-30 11:04:49 - [MESSAGE][PASSED] - Object 'Object Repository/Web Login/Page_Maybank2u  Maybank Malaysia/div_TRANSFER' is visible

2023-08-30 11:04:49 - [TEST_STEP][PASSED] - click(findTestObject("Object Repository/Web Login/Page_Maybank2u  Maybank Malaysia/div_TRANSFER")): Object: 'Object Repository/Web Login/Page_Maybank2u  Maybank Malaysia/div_TRANSFER' is clicked on

2023-08-30 11:04:49 - [MESSAGE][PASSED] - Object: 'Object Repository/Web Login/Page_Maybank2u  Maybank Malaysia/div_TRANSFER' is clicked on

2023-08-30 11:04:49 - [TEST_STEP][PASSED] - click(findTestObject("Object Repository/Web Login/Page_Maybank2u  Maybank Malaysia/a_PAY  TRANSFER")): Object: 'Object Repository/Web Login/Page_Maybank2u  Maybank Malaysia/a_PAY  TRANSFER' is clicked on

2023-08-30 11:04:50 - [MESSAGE][PASSED] - Object: 'Object Repository/Web Login/Page_Maybank2u  Maybank Malaysia/a_PAY  TRANSFER' is clicked on

2023-08-30 11:04:50 - [TEST_STEP][PASSED] - click(findTestObject("Object Repository/Web Login/Page_Maybank2u  Maybank Malaysia/a_MY ACCOUNTS")): Object: 'Object Repository/Web Login/Page_Maybank2u  Maybank Malaysia/a_MY ACCOUNTS' is clicked on

2023-08-30 11:04:52 - [MESSAGE][PASSED] - Object: 'Object Repository/Web Login/Page_Maybank2u  Maybank Malaysia/a_MY ACCOUNTS' is clicked on

2023-08-30 11:04:52 - [TEST_STEP][PASSED] - click(findTestObject("Object Repository/Web Login/Page_Maybank2u  Maybank Malaysia/div_ACCOUNTS")): Object: 'Object Repository/Web Login/Page_Maybank2u  Maybank Malaysia/div_ACCOUNTS' is clicked on

2023-08-30 11:05:25 - [MESSAGE][INFO] - Unable to find the element located by 'By.xpath: //div[@id='scrollToDetails']/div/div/div/div/div[2]/div/div/div/div[2]/div/div/div/div'. Please recheck the objects properties to make sure the desired element is located. 

2023-08-30 11:05:25 - [MESSAGE][WARNING] - [SELF-HEALING] Failed to find element with id 'Object Repository/Web Login/Page_Maybank2u  Maybank Malaysia/div_ACCOUNTS'. Try using Self-healing.

2023-08-30 11:05:27 - [MESSAGE][WARNING] - [SELF-HEALING] The current locator of test object 'Object Repository/Web Login/Page_Maybank2u  Maybank Malaysia/div_ACCOUNTS' was broken. Propose an alternative one: '(.//*[normalize-space(text()) and normalize-space(.)='CONTACT US'])[1]/following::div[15]'.

2023-08-30 11:05:27 - [MESSAGE][PASSED] - Object: 'Object Repository/Web Login/Page_Maybank2u  Maybank Malaysia/div_ACCOUNTS' is clicked on

2023-08-30 11:05:27 - [TEST_STEP][PASSED] - delay(2): Delayed 2 second(s)

2023-08-30 11:05:29 - [MESSAGE][PASSED] - Delayed 2 second(s)

2023-08-30 11:05:29 - [TEST_STEP][PASSED] - verifyElementPresent(findTestObject("Object Repository/Web Login/Page_Maybank2u  Maybank Malaysia/span_LOGOUT"), 0): Object 'Object Repository/Web Login/Page_Maybank2u  Maybank Malaysia/span_LOGOUT' is present

2023-08-30 11:05:29 - [MESSAGE][WARNING] - Timeout '0' is invalid. Using default page load timeout: '30'

2023-08-30 11:05:31 - [MESSAGE][PASSED] - Object 'Object Repository/Web Login/Page_Maybank2u  Maybank Malaysia/span_LOGOUT' is present

2023-08-30 11:05:31 - [TEST_STEP][PASSED] - click(findTestObject("Object Repository/Web Login/Page_Maybank2u  Maybank Malaysia/span_LOGOUT")): Object: 'Object Repository/Web Login/Page_Maybank2u  Maybank Malaysia/span_LOGOUT' is clicked on

2023-08-30 11:05:33 - [MESSAGE][PASSED] - Object: 'Object Repository/Web Login/Page_Maybank2u  Maybank Malaysia/span_LOGOUT' is clicked on

2023-08-30 11:05:33 - [TEST_STEP][PASSED] - getText(findTestObject("Object Repository/Web Login/Page_Maybank2u  Maybank Malaysia/th_ACTIVITY DETAILS")): Text of object 'Object Repository/Web Login/Page_Maybank2u  Maybank Malaysia/th_ACTIVITY DETAILS' is: 'ACTIVITY DETAILS'

2023-08-30 11:05:35 - [MESSAGE][PASSED] - Text of object 'Object Repository/Web Login/Page_Maybank2u  Maybank Malaysia/th_ACTIVITY DETAILS' is: 'ACTIVITY DETAILS'

2023-08-30 11:05:35 - [TEST_STEP][PASSED] - getText(findTestObject("Object Repository/Web Login/Page_Maybank2u  Maybank Malaysia/span_You have logged out")): Text of object 'Object Repository/Web Login/Page_Maybank2u  Maybank Malaysia/span_You have logged out' is: 'You have logged out!'

2023-08-30 11:05:37 - [MESSAGE][PASSED] - Text of object 'Object Repository/Web Login/Page_Maybank2u  Maybank Malaysia/span_You have logged out' is: 'You have logged out!'

2023-08-30 11:05:37 - [TEST_STEP][PASSED] - verifyElementText(findTestObject("Object Repository/Web Login/Page_Maybank2u  Maybank Malaysia/span_You have logged out"), "You have logged out!"): Actual text and expected text of test object 'Object Repository/Web Login/Page_Maybank2u  Maybank Malaysia/span_You have logged out' are matched.

2023-08-30 11:05:39 - [MESSAGE][PASSED] - Actual text and expected text of test object 'Object Repository/Web Login/Page_Maybank2u  Maybank Malaysia/span_You have logged out' are matched.

2023-08-30 11:05:39 - [TEST_STEP][PASSED] - getText(findTestObject("Object Repository/Web Login/Page_Maybank2u  Maybank Malaysia/div_Transfer from   Savings Account-i 16401_e08176")): Text of object 'Object Repository/Web Login/Page_Maybank2u  Maybank Malaysia/div_Transfer from   Savings Account-i 16401_e08176' is: 'Transfer from Savings Account-i 164017298921
Transfer to MOHAMMAD MOSAJ GOHAR 164017298921
30 Aug 2023'

2023-08-30 11:05:41 - [MESSAGE][PASSED] - Text of object 'Object Repository/Web Login/Page_Maybank2u  Maybank Malaysia/div_Transfer from   Savings Account-i 16401_e08176' is: 'Transfer from Savings Account-i 164017298921
Transfer to MOHAMMAD MOSAJ GOHAR 164017298921
30 Aug 2023'

2023-08-30 11:05:41 - [TEST_STEP][PASSED] - delay(3): Delayed 3 second(s)

2023-08-30 11:05:44 - [MESSAGE][PASSED] - Delayed 3 second(s)

2023-08-30 11:05:44 - [TEST_STEP][NOT_RUN] - closeBrowser(): NOT_RUN: closeBrowser()

2023-08-30 11:05:44 - [MESSAGE][NOT_RUN] - NOT_RUN: closeBrowser()]]></system-out>
         <system-err><![CDATA[]]></system-err>
      </testcase>
      <system-out><![CDATA[2023-08-30 11:01:49 - [TEST_SUITE][PASSED] - board_m2u_transfe: Test Cases/Web Login/Transfer_OpenThirdParty]]></system-out>
      <system-err><![CDATA[]]></system-err>
   </testsuite>
   <testsuite name="m2u navigation" tests="1" failures="0" errors="0" time="137.83" skipped="0" timestamp="2023-08-30 11:01:59" hostname="mosaj - 192.168.1.183" id="Test Suites/board/m2u navigation">
      <properties>
         <property name="deviceName" value=""/>
         <property name="devicePlatform" value=""/>
         <property name="logFolder" value="/Users/mosaj/Documents/GitHub/MAE-M2U-TestCloud/Reports/20230830_110055/board/m2u navigation/20230830_110106"/>
         <property name="logFiles" value="/Users/mosaj/Documents/GitHub/MAE-M2U-TestCloud/Reports/20230830_110055/board/m2u navigation/20230830_110106/execution0.log"/>
         <property name="attachments" value=""/>
         <property name="hostName" value="mosaj - 192.168.1.183"/>
         <property name="os" value="Mac OS X 64bit"/>
         <property name="katalonVersion" value="8.6.6.208"/>
         <property name="browser" value="Chrome 116.0.0.0"/>
         <property name="hostAddress" value="10.154.6.164"/>
         <property name="sessionId" value="7fa4e1c3ffabe67fa7ecc1c039165b22"/>
         <property name="seleniumVersion" value="3.141.59"/>
         <property name="proxyInformation" value="ProxyInformation { proxyOption=NO_PROXY, proxyServerType=HTTP, username=, password=********, proxyServerAddress=, proxyServerPort=0, executionList=&quot;&quot;, isApplyToDesiredCapabilities=true }"/>
         <property name="platform" value="Mac OS X"/>
      </properties>
      <testcase name="Test Cases/Web Login/m2u home page Navigation" time="135.254" classname="Test Cases/Web Login/m2u home page Navigation" status="PASSED">
         <system-out><![CDATA[2023-08-30 11:02:02 - [TEST_CASE][PASSED] - Test Cases/Web Login/m2u home page Navigation: Test Cases/Web Login/m2u home page Navigation

2023-08-30 11:02:06 - [TEST_STEP][PASSED] - openBrowser(""): Browser is opened with url: ''

2023-08-30 11:02:09 - [MESSAGE][INFO] - Starting 'Chrome' driver

2023-08-30 11:02:09 - [MESSAGE][INFO] - Action delay is set to 0 milliseconds

2023-08-30 11:02:17 - [MESSAGE][PASSED] - Browser is opened with url: ''

2023-08-30 11:02:17 - [TEST_STEP][PASSED] - maximizeWindow(): Current window maximized

2023-08-30 11:02:20 - [MESSAGE][PASSED] - Current window maximized

2023-08-30 11:02:20 - [TEST_STEP][PASSED] - navigateToUrl("https://www.maybank2u.com.my/home/m2u/common/login.do"): Navigate to 'https://www.maybank2u.com.my/home/m2u/common/login.do' successfully

2023-08-30 11:03:25 - [MESSAGE][PASSED] - Navigate to 'https://www.maybank2u.com.my/home/m2u/common/login.do' successfully

2023-08-30 11:03:25 - [TEST_STEP][PASSED] - delay(2): Delayed 2 second(s)

2023-08-30 11:03:28 - [MESSAGE][PASSED] - Delayed 2 second(s)

2023-08-30 11:03:28 - [TEST_STEP][PASSED] - click(findTestObject("Object Repository/m2u home page/Page_Maybank2u  Maybank Malaysia/a_BUSINESS")): Object: 'Object Repository/m2u home page/Page_Maybank2u  Maybank Malaysia/a_BUSINESS' is clicked on

2023-08-30 11:03:40 - [MESSAGE][PASSED] - Object: 'Object Repository/m2u home page/Page_Maybank2u  Maybank Malaysia/a_BUSINESS' is clicked on

2023-08-30 11:03:40 - [TEST_STEP][PASSED] - delay(2): Delayed 2 second(s)

2023-08-30 11:03:42 - [MESSAGE][PASSED] - Delayed 2 second(s)

2023-08-30 11:03:42 - [TEST_STEP][PASSED] - verifyElementText(findTestObject("Object Repository/m2u home page/Page_Maybank2u Business  One Stop Digital S_523ae9/span_Login"), "LOGIN"): Actual text and expected text of test object 'Object Repository/m2u home page/Page_Maybank2u Business  One Stop Digital S_523ae9/span_Login' are matched.

2023-08-30 11:03:46 - [MESSAGE][PASSED] - Actual text and expected text of test object 'Object Repository/m2u home page/Page_Maybank2u Business  One Stop Digital S_523ae9/span_Login' are matched.

2023-08-30 11:03:46 - [TEST_STEP][PASSED] - click(findTestObject("Object Repository/m2u home page/Page_Maybank2u Business  One Stop Digital S_523ae9/span_Login")): Object: 'Object Repository/m2u home page/Page_Maybank2u Business  One Stop Digital S_523ae9/span_Login' is clicked on

2023-08-30 11:03:52 - [MESSAGE][PASSED] - Object: 'Object Repository/m2u home page/Page_Maybank2u Business  One Stop Digital S_523ae9/span_Login' is clicked on

2023-08-30 11:03:52 - [TEST_STEP][PASSED] - delay(5): Delayed 5 second(s)

2023-08-30 11:03:57 - [MESSAGE][PASSED] - Delayed 5 second(s)

2023-08-30 11:03:57 - [TEST_STEP][PASSED] - click(findTestObject("Object Repository/m2u home page/Page_Maybank2u.com Online Financial Services/button_close")): Object: 'Object Repository/m2u home page/Page_Maybank2u.com Online Financial Services/button_close' is clicked on

2023-08-30 11:04:01 - [MESSAGE][PASSED] - Object: 'Object Repository/m2u home page/Page_Maybank2u.com Online Financial Services/button_close' is clicked on

2023-08-30 11:04:01 - [TEST_STEP][PASSED] - delay(5): Delayed 5 second(s)

2023-08-30 11:04:06 - [MESSAGE][PASSED] - Delayed 5 second(s)

2023-08-30 11:04:06 - [TEST_STEP][PASSED] - click(findTestObject("Object Repository/m2u home page/Page_Maybank2u.com Online Financial Services/input_Username_action")): Object: 'Object Repository/m2u home page/Page_Maybank2u.com Online Financial Services/input_Username_action' is clicked on

2023-08-30 11:04:07 - [MESSAGE][PASSED] - Object: 'Object Repository/m2u home page/Page_Maybank2u.com Online Financial Services/input_Username_action' is clicked on

2023-08-30 11:04:07 - [TEST_STEP][PASSED] - delay(5): Delayed 5 second(s)

2023-08-30 11:04:12 - [MESSAGE][PASSED] - Delayed 5 second(s)

2023-08-30 11:04:12 - [TEST_STEP][PASSED] - getText(findTestObject("Object Repository/m2u home page/Page_Maybank2u.com Online Financial Services/span_Username is required")): Text of object 'Object Repository/m2u home page/Page_Maybank2u.com Online Financial Services/span_Username is required' is: 'Username is required.'

2023-08-30 11:04:15 - [MESSAGE][PASSED] - Text of object 'Object Repository/m2u home page/Page_Maybank2u.com Online Financial Services/span_Username is required' is: 'Username is required.'

2023-08-30 11:04:15 - [TEST_STEP][PASSED] - verifyElementText(findTestObject("Object Repository/m2u home page/Page_Maybank2u.com Online Financial Services/span_Username is required"), "Username is required."): Actual text and expected text of test object 'Object Repository/m2u home page/Page_Maybank2u.com Online Financial Services/span_Username is required' are matched.

2023-08-30 11:04:17 - [MESSAGE][PASSED] - Actual text and expected text of test object 'Object Repository/m2u home page/Page_Maybank2u.com Online Financial Services/span_Username is required' are matched.

2023-08-30 11:04:17 - [TEST_STEP][NOT_RUN] - closeBrowser(): NOT_RUN: closeBrowser()

2023-08-30 11:04:17 - [MESSAGE][NOT_RUN] - NOT_RUN: closeBrowser()]]></system-out>
         <system-err><![CDATA[]]></system-err>
      </testcase>
      <system-out><![CDATA[2023-08-30 11:01:59 - [TEST_SUITE][PASSED] - m2u navigation: Test Cases/Web Login/m2u home page Navigation]]></system-out>
      <system-err><![CDATA[]]></system-err>
   </testsuite>
   <testsuite name="m2u registration" tests="1" failures="0" errors="0" time="242.245" skipped="0" timestamp="2023-08-30 11:02:06" hostname="mosaj - 192.168.1.183" id="Test Suites/board/m2u registration">
      <properties>
         <property name="deviceName" value=""/>
         <property name="devicePlatform" value=""/>
         <property name="logFolder" value="/Users/mosaj/Documents/GitHub/MAE-M2U-TestCloud/Reports/20230830_110055/board/m2u registration/20230830_110113"/>
         <property name="logFiles" value="/Users/mosaj/Documents/GitHub/MAE-M2U-TestCloud/Reports/20230830_110055/board/m2u registration/20230830_110113/execution0.log"/>
         <property name="attachments" value="/Users/mosaj/Documents/GitHub/MAE-M2U-TestCloud/Reports/20230830_110055/board/m2u registration/20230830_110113/1693364549378.png"/>
         <property name="hostName" value="mosaj - 192.168.1.183"/>
         <property name="os" value="Mac OS X 64bit"/>
         <property name="katalonVersion" value="8.6.6.208"/>
         <property name="browser" value="Chrome 116.0.0.0"/>
         <property name="hostAddress" value="10.154.6.164"/>
         <property name="sessionId" value="f9e018ee31e4f6d095d38d39fb0f85eb"/>
         <property name="seleniumVersion" value="3.141.59"/>
         <property name="proxyInformation" value="ProxyInformation { proxyOption=NO_PROXY, proxyServerType=HTTP, username=, password=********, proxyServerAddress=, proxyServerPort=0, executionList=&quot;&quot;, isApplyToDesiredCapabilities=true }"/>
         <property name="platform" value="Mac OS X"/>
      </properties>
      <testcase name="Test Cases/Web Login/m2u registration" time="76.052" classname="Test Cases/Web Login/m2u registration" status="PASSED">
         <system-out><![CDATA[2023-08-30 11:04:53 - [TEST_CASE][PASSED] - Test Cases/Web Login/m2u registration: Test Cases/Web Login/m2u registration

2023-08-30 11:04:53 - [TEST_STEP][PASSED] - openBrowser(""): Browser is opened with url: ''

2023-08-30 11:04:53 - [MESSAGE][WARNING] - A browser is already opened. Closing browser and opening a new one

2023-08-30 11:04:53 - [MESSAGE][INFO] - Starting 'Chrome' driver

2023-08-30 11:04:53 - [MESSAGE][INFO] - Action delay is set to 0 milliseconds

2023-08-30 11:04:55 - [MESSAGE][PASSED] - Browser is opened with url: ''

2023-08-30 11:04:55 - [TEST_STEP][PASSED] - maximizeWindow(): Current window maximized

2023-08-30 11:04:56 - [MESSAGE][PASSED] - Current window maximized

2023-08-30 11:04:56 - [TEST_STEP][PASSED] - navigateToUrl("https://www.maybank2u.com.my/home/m2u/common/login.do"): Navigate to 'https://www.maybank2u.com.my/home/m2u/common/login.do' successfully

2023-08-30 11:05:00 - [MESSAGE][PASSED] - Navigate to 'https://www.maybank2u.com.my/home/m2u/common/login.do' successfully

2023-08-30 11:05:00 - [TEST_STEP][PASSED] - delay(2): Delayed 2 second(s)

2023-08-30 11:05:02 - [MESSAGE][PASSED] - Delayed 2 second(s)

2023-08-30 11:05:02 - [TEST_STEP][PASSED] - click(findTestObject("Object Repository/m2u registration/Page_Maybank2u  Maybank Malaysia/span_REGISTER NOW")): Object: 'Object Repository/m2u registration/Page_Maybank2u  Maybank Malaysia/span_REGISTER NOW' is clicked on

2023-08-30 11:05:03 - [MESSAGE][PASSED] - Object: 'Object Repository/m2u registration/Page_Maybank2u  Maybank Malaysia/span_REGISTER NOW' is clicked on

2023-08-30 11:05:03 - [TEST_STEP][PASSED] - delay(10): Delayed 10 second(s)

2023-08-30 11:05:13 - [MESSAGE][PASSED] - Delayed 10 second(s)

2023-08-30 11:05:13 - [TEST_STEP][PASSED] - getText(findTestObject("Object Repository/m2u registration/Page_Maybank2u  Maybank Malaysia/span_Ready to create an account")): Text of object 'Object Repository/m2u registration/Page_Maybank2u  Maybank Malaysia/span_Ready to create an account' is: 'Ready to create an account?'

2023-08-30 11:05:15 - [MESSAGE][PASSED] - Text of object 'Object Repository/m2u registration/Page_Maybank2u  Maybank Malaysia/span_Ready to create an account' is: 'Ready to create an account?'

2023-08-30 11:05:15 - [TEST_STEP][PASSED] - setText(findTestObject("Object Repository/m2u registration/Page_Maybank2u  Maybank Malaysia/input_Card  Access Number_Registration---pa_a8d3dc"), "11111111111111"): Text '11111111111111' is set on object 'Object Repository/m2u registration/Page_Maybank2u  Maybank Malaysia/input_Card  Access Number_Registration---pa_a8d3dc'

2023-08-30 11:05:19 - [MESSAGE][PASSED] - Text '11111111111111' is set on object 'Object Repository/m2u registration/Page_Maybank2u  Maybank Malaysia/input_Card  Access Number_Registration---pa_a8d3dc'

2023-08-30 11:05:19 - [TEST_STEP][PASSED] - delay(10): Delayed 10 second(s)

2023-08-30 11:05:29 - [MESSAGE][PASSED] - Delayed 10 second(s)

2023-08-30 11:05:29 - [TEST_STEP][PASSED] - setText(findTestObject("Object Repository/m2u registration/Page_Maybank2u  Maybank Malaysia/input_PIN_Registration---pair-input---2_o7S"), "123456"): Text '123456' is set on object 'Object Repository/m2u registration/Page_Maybank2u  Maybank Malaysia/input_PIN_Registration---pair-input---2_o7S'

2023-08-30 11:05:33 - [MESSAGE][PASSED] - Text '123456' is set on object 'Object Repository/m2u registration/Page_Maybank2u  Maybank Malaysia/input_PIN_Registration---pair-input---2_o7S'

2023-08-30 11:05:33 - [TEST_STEP][PASSED] - delay(10): Delayed 10 second(s)

2023-08-30 11:05:43 - [MESSAGE][PASSED] - Delayed 10 second(s)

2023-08-30 11:05:43 - [TEST_STEP][PASSED] - click(findTestObject("Object Repository/m2u registration/Page_Maybank2u  Maybank Malaysia/img_PIN_Registration---radios---3V54f")): Object: 'Object Repository/m2u registration/Page_Maybank2u  Maybank Malaysia/img_PIN_Registration---radios---3V54f' is clicked on

2023-08-30 11:05:45 - [MESSAGE][PASSED] - Object: 'Object Repository/m2u registration/Page_Maybank2u  Maybank Malaysia/img_PIN_Registration---radios---3V54f' is clicked on

2023-08-30 11:05:45 - [TEST_STEP][PASSED] - delay(10): Delayed 10 second(s)

2023-08-30 11:05:55 - [MESSAGE][PASSED] - Delayed 10 second(s)

2023-08-30 11:05:55 - [TEST_STEP][PASSED] - click(findTestObject("Object Repository/m2u registration/Page_Maybank2u  Maybank Malaysia/button_CONTINUE")): Object: 'Object Repository/m2u registration/Page_Maybank2u  Maybank Malaysia/button_CONTINUE' is clicked on

2023-08-30 11:05:57 - [MESSAGE][PASSED] - Object: 'Object Repository/m2u registration/Page_Maybank2u  Maybank Malaysia/button_CONTINUE' is clicked on

2023-08-30 11:05:57 - [TEST_STEP][PASSED] - delay(10): Delayed 10 second(s)

2023-08-30 11:06:07 - [MESSAGE][PASSED] - Delayed 10 second(s)

2023-08-30 11:06:07 - [TEST_STEP][PASSED] - getText(findTestObject("Object Repository/m2u registration/Page_Maybank2u  Maybank Malaysia/span_Invalid Card Access Number")): Text of object 'Object Repository/m2u registration/Page_Maybank2u  Maybank Malaysia/span_Invalid Card Access Number' is: 'Invalid Card Access Number'

2023-08-30 11:06:09 - [MESSAGE][PASSED] - Text of object 'Object Repository/m2u registration/Page_Maybank2u  Maybank Malaysia/span_Invalid Card Access Number' is: 'Invalid Card Access Number'

2023-08-30 11:06:09 - [TEST_STEP][NOT_RUN] - closeBrowser(): NOT_RUN: closeBrowser()

2023-08-30 11:06:09 - [MESSAGE][NOT_RUN] - NOT_RUN: closeBrowser()]]></system-out>
         <system-err><![CDATA[]]></system-err>
      </testcase>
      <system-out><![CDATA[2023-08-30 11:02:06 - [TEST_SUITE][FAILED] - m2u registration: Test Cases/Web Login/m2u registration FAILED.
Reason:
com.kms.katalon.core.exception.StepFailedException: Unable to maximize current window (Root cause: com.kms.katalon.core.exception.StepFailedException: Unable to maximize current window
	at com.kms.katalon.core.webui.keyword.internal.WebUIKeywordMain.stepFailed(WebUIKeywordMain.groovy:64)
	at com.kms.katalon.core.webui.keyword.internal.WebUIKeywordMain.runKeyword(WebUIKeywordMain.groovy:26)
	at com.kms.katalon.core.webui.keyword.builtin.MaximizeWindowKeyword.maximizeWindow(MaximizeWindowKeyword.groovy:74)
	at com.kms.katalon.core.webui.keyword.builtin.MaximizeWindowKeyword.execute(MaximizeWindowKeyword.groovy:69)
	at com.kms.katalon.core.keyword.internal.KeywordExecutor.executeKeywordForPlatform(KeywordExecutor.groovy:74)
	at com.kms.katalon.core.webui.keyword.WebUiBuiltInKeywords.maximizeWindow(WebUiBuiltInKeywords.groovy:283)
	at com.kms.katalon.core.webui.keyword.WebUiBuiltInKeywords$maximizeWindow$0.call(Unknown Source)
	at m2u registration.run(m2u registration:22)
	at com.kms.katalon.core.main.ScriptEngine.run(ScriptEngine.java:194)
	at com.kms.katalon.core.main.ScriptEngine.runScriptAsRawText(ScriptEngine.java:119)
	at com.kms.katalon.core.main.TestCaseExecutor.runScript(TestCaseExecutor.java:448)
	at com.kms.katalon.core.main.TestCaseExecutor.doExecute(TestCaseExecutor.java:439)
	at com.kms.katalon.core.main.TestCaseExecutor.processExecutionPhase(TestCaseExecutor.java:418)
	at com.kms.katalon.core.main.TestCaseExecutor.accessMainPhase(TestCaseExecutor.java:410)
	at com.kms.katalon.core.main.TestCaseExecutor.execute(TestCaseExecutor.java:285)
	at com.kms.katalon.core.common.CommonExecutor.accessTestCaseMainPhase(CommonExecutor.java:65)
	at com.kms.katalon.core.main.TestSuiteExecutor.accessTestSuiteMainPhase(TestSuiteExecutor.java:148)
	at com.kms.katalon.core.main.TestSuiteExecutor.execute(TestSuiteExecutor.java:106)
	at com.kms.katalon.core.main.TestCaseMain.startTestSuite(TestCaseMain.java:187)
	at com.kms.katalon.core.main.TestCaseMain$startTestSuite$0.call(Unknown Source)
	at TempTestSuite1693364473981.run(TempTestSuite1693364473981.groovy:36)
Caused by: org.openqa.selenium.WebDriverException: unknown error: failed to change window state to 'maximized', current state is 'fullscreen'
  (Session info: chrome=116.0.5845.140)
Build info: version: '3.141.59', revision: 'e82be7d358', time: '2018-11-14T08:25:53'
System info: host: 'MOHAMMADs-MacBook-Air.local', ip: 'fe80:0:0:0:4a4:e36e:145a:5e93%en0', os.name: 'Mac OS X', os.arch: 'x86_64', os.version: '11.6', java.version: '1.8.0_362'
Driver info: com.kms.katalon.selenium.driver.CChromeDriver
Capabilities {acceptInsecureCerts: false, browserName: chrome, browserVersion: 116.0.5845.140, chrome: {chromedriverVersion: 116.0.5845.96 (1a3918166880..., userDataDir: /var/folders/pj/tdgwyxh90y7...}, fedcm:accounts: true, goog:chromeOptions: {debuggerAddress: localhost:56566}, javascriptEnabled: true, networkConnectionEnabled: false, pageLoadStrategy: normal, platform: MAC, platformName: MAC, proxy: Proxy(), setWindowRect: true, strictFileInteractability: false, timeouts: {implicit: 0, pageLoad: 300000, script: 30000}, unhandledPromptBehavior: dismiss and notify, webauthn:extension:credBlob: true, webauthn:extension:largeBlob: true, webauthn:extension:minPinLength: true, webauthn:extension:prf: true, webauthn:virtualAuthenticators: true}
Session ID: e3e68339ca7c908753e2541e750473d6
	at org.openqa.selenium.remote.http.W3CHttpResponseCodec.createException(W3CHttpResponseCodec.java:187)
	at org.openqa.selenium.remote.http.W3CHttpResponseCodec.decode(W3CHttpResponseCodec.java:122)
	at org.openqa.selenium.remote.http.W3CHttpResponseCodec.decode(W3CHttpResponseCodec.java:49)
	at org.openqa.selenium.remote.HttpCommandExecutor.execute(HttpCommandExecutor.java:158)
	at org.openqa.selenium.remote.service.DriverCommandExecutor.execute(DriverCommandExecutor.java:83)
	at org.openqa.selenium.remote.RemoteWebDriver.execute(RemoteWebDriver.java:552)
	at com.kms.katalon.selenium.driver.CChromeDriver.execute(CChromeDriver.java:19)
	at org.openqa.selenium.remote.RemoteWebDriver.execute(RemoteWebDriver.java:609)
	at org.openqa.selenium.remote.RemoteWebDriver$RemoteWebDriverOptions$RemoteWindow.maximize(RemoteWebDriver.java:837)
	at org.openqa.selenium.support.events.EventFiringWebDriver$EventFiringWindow.maximize(EventFiringWebDriver.java:769)
	at com.kms.katalon.core.webui.keyword.builtin.MaximizeWindowKeyword$_maximizeWindow_closure1.doCall(MaximizeWindowKeyword.groovy:85)
	at com.kms.katalon.core.webui.keyword.builtin.MaximizeWindowKeyword$_maximizeWindow_closure1.call(MaximizeWindowKeyword.groovy)
	at com.kms.katalon.core.webui.keyword.internal.WebUIKeywordMain.runKeyword(WebUIKeywordMain.groovy:20)
	at com.kms.katalon.core.webui.keyword.builtin.MaximizeWindowKeyword.maximizeWindow(MaximizeWindowKeyword.groovy:74)
	at com.kms.katalon.core.webui.keyword.builtin.MaximizeWindowKeyword.execute(MaximizeWindowKeyword.groovy:69)
	at com.kms.katalon.core.keyword.internal.KeywordExecutor.executeKeywordForPlatform(KeywordExecutor.groovy:74)
	at com.kms.katalon.core.webui.keyword.WebUiBuiltInKeywords.maximizeWindow(WebUiBuiltInKeywords.groovy:283)
	at com.kms.katalon.core.webui.keyword.WebUiBuiltInKeywords$maximizeWindow$0.call(Unknown Source)
	at Script1676539932356.run(Script1676539932356.groovy:22)
	... 13 more
)
	at com.kms.katalon.core.keyword.internal.KeywordMain.stepFailed(KeywordMain.groovy:39)
	at com.kms.katalon.core.webui.keyword.internal.WebUIKeywordMain.stepFailed(WebUIKeywordMain.groovy:64)
	at com.kms.katalon.core.webui.keyword.internal.WebUIKeywordMain.runKeyword(WebUIKeywordMain.groovy:26)
	at com.kms.katalon.core.webui.keyword.builtin.MaximizeWindowKeyword.maximizeWindow(MaximizeWindowKeyword.groovy:74)
	at com.kms.katalon.core.webui.keyword.builtin.MaximizeWindowKeyword.execute(MaximizeWindowKeyword.groovy:69)
	at com.kms.katalon.core.keyword.internal.KeywordExecutor.executeKeywordForPlatform(KeywordExecutor.groovy:74)
	at com.kms.katalon.core.webui.keyword.WebUiBuiltInKeywords.maximizeWindow(WebUiBuiltInKeywords.groovy:283)
	at com.kms.katalon.core.webui.keyword.WebUiBuiltInKeywords$maximizeWindow$0.call(Unknown Source)
	at m2u registration.run(m2u registration:22)
	at com.kms.katalon.core.main.ScriptEngine.run(ScriptEngine.java:194)
	at com.kms.katalon.core.main.ScriptEngine.runScriptAsRawText(ScriptEngine.java:119)
	at com.kms.katalon.core.main.TestCaseExecutor.runScript(TestCaseExecutor.java:448)
	at com.kms.katalon.core.main.TestCaseExecutor.doExecute(TestCaseExecutor.java:439)
	at com.kms.katalon.core.main.TestCaseExecutor.processExecutionPhase(TestCaseExecutor.java:418)
	at com.kms.katalon.core.main.TestCaseExecutor.accessMainPhase(TestCaseExecutor.java:410)
	at com.kms.katalon.core.main.TestCaseExecutor.execute(TestCaseExecutor.java:285)
	at com.kms.katalon.core.common.CommonExecutor.accessTestCaseMainPhase(CommonExecutor.java:65)
	at com.kms.katalon.core.main.TestSuiteExecutor.accessTestSuiteMainPhase(TestSuiteExecutor.java:148)
	at com.kms.katalon.core.main.TestSuiteExecutor.execute(TestSuiteExecutor.java:106)
	at com.kms.katalon.core.main.TestCaseMain.startTestSuite(TestCaseMain.java:187)
	at com.kms.katalon.core.main.TestCaseMain$startTestSuite$0.call(Unknown Source)
	at TempTestSuite1693364473981.run(TempTestSuite1693364473981.groovy:36)
Caused by: com.kms.katalon.core.exception.StepFailedException: Unable to maximize current window
	... 21 more
Caused by: org.openqa.selenium.WebDriverException: unknown error: failed to change window state to 'maximized', current state is 'fullscreen'
  (Session info: chrome=116.0.5845.140)
Build info: version: '3.141.59', revision: 'e82be7d358', time: '2018-11-14T08:25:53'
System info: host: 'MOHAMMADs-MacBook-Air.local', ip: 'fe80:0:0:0:4a4:e36e:145a:5e93%en0', os.name: 'Mac OS X', os.arch: 'x86_64', os.version: '11.6', java.version: '1.8.0_362'
Driver info: com.kms.katalon.selenium.driver.CChromeDriver
Capabilities {acceptInsecureCerts: false, browserName: chrome, browserVersion: 116.0.5845.140, chrome: {chromedriverVersion: 116.0.5845.96 (1a3918166880..., userDataDir: /var/folders/pj/tdgwyxh90y7...}, fedcm:accounts: true, goog:chromeOptions: {debuggerAddress: localhost:56566}, javascriptEnabled: true, networkConnectionEnabled: false, pageLoadStrategy: normal, platform: MAC, platformName: MAC, proxy: Proxy(), setWindowRect: true, strictFileInteractability: false, timeouts: {implicit: 0, pageLoad: 300000, script: 30000}, unhandledPromptBehavior: dismiss and notify, webauthn:extension:credBlob: true, webauthn:extension:largeBlob: true, webauthn:extension:minPinLength: true, webauthn:extension:prf: true, webauthn:virtualAuthenticators: true}
Session ID: e3e68339ca7c908753e2541e750473d6
	at org.openqa.selenium.remote.http.W3CHttpResponseCodec.createException(W3CHttpResponseCodec.java:187)
	at org.openqa.selenium.remote.http.W3CHttpResponseCodec.decode(W3CHttpResponseCodec.java:122)
	at org.openqa.selenium.remote.http.W3CHttpResponseCodec.decode(W3CHttpResponseCodec.java:49)
	at org.openqa.selenium.remote.HttpCommandExecutor.execute(HttpCommandExecutor.java:158)
	at org.openqa.selenium.remote.service.DriverCommandExecutor.execute(DriverCommandExecutor.java:83)
	at org.openqa.selenium.remote.RemoteWebDriver.execute(RemoteWebDriver.java:552)
	at com.kms.katalon.selenium.driver.CChromeDriver.execute(CChromeDriver.java:19)
	at org.openqa.selenium.remote.RemoteWebDriver.execute(RemoteWebDriver.java:609)
	at org.openqa.selenium.remote.RemoteWebDriver$RemoteWebDriverOptions$RemoteWindow.maximize(RemoteWebDriver.java:837)
	at org.openqa.selenium.support.events.EventFiringWebDriver$EventFiringWindow.maximize(EventFiringWebDriver.java:769)
	at com.kms.katalon.core.webui.keyword.builtin.MaximizeWindowKeyword$_maximizeWindow_closure1.doCall(MaximizeWindowKeyword.groovy:85)
	at com.kms.katalon.core.webui.keyword.builtin.MaximizeWindowKeyword$_maximizeWindow_closure1.call(MaximizeWindowKeyword.groovy)
	at com.kms.katalon.core.webui.keyword.internal.WebUIKeywordMain.runKeyword(WebUIKeywordMain.groovy:20)
	... 19 more]]></system-out>
      <system-err><![CDATA[2023-08-30 11:02:06 - [TEST_SUITE][FAILED] - m2u registration: Test Cases/Web Login/m2u registration FAILED.
Reason:
com.kms.katalon.core.exception.StepFailedException: Unable to maximize current window (Root cause: com.kms.katalon.core.exception.StepFailedException: Unable to maximize current window
	at com.kms.katalon.core.webui.keyword.internal.WebUIKeywordMain.stepFailed(WebUIKeywordMain.groovy:64)
	at com.kms.katalon.core.webui.keyword.internal.WebUIKeywordMain.runKeyword(WebUIKeywordMain.groovy:26)
	at com.kms.katalon.core.webui.keyword.builtin.MaximizeWindowKeyword.maximizeWindow(MaximizeWindowKeyword.groovy:74)
	at com.kms.katalon.core.webui.keyword.builtin.MaximizeWindowKeyword.execute(MaximizeWindowKeyword.groovy:69)
	at com.kms.katalon.core.keyword.internal.KeywordExecutor.executeKeywordForPlatform(KeywordExecutor.groovy:74)
	at com.kms.katalon.core.webui.keyword.WebUiBuiltInKeywords.maximizeWindow(WebUiBuiltInKeywords.groovy:283)
	at com.kms.katalon.core.webui.keyword.WebUiBuiltInKeywords$maximizeWindow$0.call(Unknown Source)
	at m2u registration.run(m2u registration:22)
	at com.kms.katalon.core.main.ScriptEngine.run(ScriptEngine.java:194)
	at com.kms.katalon.core.main.ScriptEngine.runScriptAsRawText(ScriptEngine.java:119)
	at com.kms.katalon.core.main.TestCaseExecutor.runScript(TestCaseExecutor.java:448)
	at com.kms.katalon.core.main.TestCaseExecutor.doExecute(TestCaseExecutor.java:439)
	at com.kms.katalon.core.main.TestCaseExecutor.processExecutionPhase(TestCaseExecutor.java:418)
	at com.kms.katalon.core.main.TestCaseExecutor.accessMainPhase(TestCaseExecutor.java:410)
	at com.kms.katalon.core.main.TestCaseExecutor.execute(TestCaseExecutor.java:285)
	at com.kms.katalon.core.common.CommonExecutor.accessTestCaseMainPhase(CommonExecutor.java:65)
	at com.kms.katalon.core.main.TestSuiteExecutor.accessTestSuiteMainPhase(TestSuiteExecutor.java:148)
	at com.kms.katalon.core.main.TestSuiteExecutor.execute(TestSuiteExecutor.java:106)
	at com.kms.katalon.core.main.TestCaseMain.startTestSuite(TestCaseMain.java:187)
	at com.kms.katalon.core.main.TestCaseMain$startTestSuite$0.call(Unknown Source)
	at TempTestSuite1693364473981.run(TempTestSuite1693364473981.groovy:36)
Caused by: org.openqa.selenium.WebDriverException: unknown error: failed to change window state to 'maximized', current state is 'fullscreen'
  (Session info: chrome=116.0.5845.140)
Build info: version: '3.141.59', revision: 'e82be7d358', time: '2018-11-14T08:25:53'
System info: host: 'MOHAMMADs-MacBook-Air.local', ip: 'fe80:0:0:0:4a4:e36e:145a:5e93%en0', os.name: 'Mac OS X', os.arch: 'x86_64', os.version: '11.6', java.version: '1.8.0_362'
Driver info: com.kms.katalon.selenium.driver.CChromeDriver
Capabilities {acceptInsecureCerts: false, browserName: chrome, browserVersion: 116.0.5845.140, chrome: {chromedriverVersion: 116.0.5845.96 (1a3918166880..., userDataDir: /var/folders/pj/tdgwyxh90y7...}, fedcm:accounts: true, goog:chromeOptions: {debuggerAddress: localhost:56566}, javascriptEnabled: true, networkConnectionEnabled: false, pageLoadStrategy: normal, platform: MAC, platformName: MAC, proxy: Proxy(), setWindowRect: true, strictFileInteractability: false, timeouts: {implicit: 0, pageLoad: 300000, script: 30000}, unhandledPromptBehavior: dismiss and notify, webauthn:extension:credBlob: true, webauthn:extension:largeBlob: true, webauthn:extension:minPinLength: true, webauthn:extension:prf: true, webauthn:virtualAuthenticators: true}
Session ID: e3e68339ca7c908753e2541e750473d6
	at org.openqa.selenium.remote.http.W3CHttpResponseCodec.createException(W3CHttpResponseCodec.java:187)
	at org.openqa.selenium.remote.http.W3CHttpResponseCodec.decode(W3CHttpResponseCodec.java:122)
	at org.openqa.selenium.remote.http.W3CHttpResponseCodec.decode(W3CHttpResponseCodec.java:49)
	at org.openqa.selenium.remote.HttpCommandExecutor.execute(HttpCommandExecutor.java:158)
	at org.openqa.selenium.remote.service.DriverCommandExecutor.execute(DriverCommandExecutor.java:83)
	at org.openqa.selenium.remote.RemoteWebDriver.execute(RemoteWebDriver.java:552)
	at com.kms.katalon.selenium.driver.CChromeDriver.execute(CChromeDriver.java:19)
	at org.openqa.selenium.remote.RemoteWebDriver.execute(RemoteWebDriver.java:609)
	at org.openqa.selenium.remote.RemoteWebDriver$RemoteWebDriverOptions$RemoteWindow.maximize(RemoteWebDriver.java:837)
	at org.openqa.selenium.support.events.EventFiringWebDriver$EventFiringWindow.maximize(EventFiringWebDriver.java:769)
	at com.kms.katalon.core.webui.keyword.builtin.MaximizeWindowKeyword$_maximizeWindow_closure1.doCall(MaximizeWindowKeyword.groovy:85)
	at com.kms.katalon.core.webui.keyword.builtin.MaximizeWindowKeyword$_maximizeWindow_closure1.call(MaximizeWindowKeyword.groovy)
	at com.kms.katalon.core.webui.keyword.internal.WebUIKeywordMain.runKeyword(WebUIKeywordMain.groovy:20)
	at com.kms.katalon.core.webui.keyword.builtin.MaximizeWindowKeyword.maximizeWindow(MaximizeWindowKeyword.groovy:74)
	at com.kms.katalon.core.webui.keyword.builtin.MaximizeWindowKeyword.execute(MaximizeWindowKeyword.groovy:69)
	at com.kms.katalon.core.keyword.internal.KeywordExecutor.executeKeywordForPlatform(KeywordExecutor.groovy:74)
	at com.kms.katalon.core.webui.keyword.WebUiBuiltInKeywords.maximizeWindow(WebUiBuiltInKeywords.groovy:283)
	at com.kms.katalon.core.webui.keyword.WebUiBuiltInKeywords$maximizeWindow$0.call(Unknown Source)
	at Script1676539932356.run(Script1676539932356.groovy:22)
	... 13 more
)
	at com.kms.katalon.core.keyword.internal.KeywordMain.stepFailed(KeywordMain.groovy:39)
	at com.kms.katalon.core.webui.keyword.internal.WebUIKeywordMain.stepFailed(WebUIKeywordMain.groovy:64)
	at com.kms.katalon.core.webui.keyword.internal.WebUIKeywordMain.runKeyword(WebUIKeywordMain.groovy:26)
	at com.kms.katalon.core.webui.keyword.builtin.MaximizeWindowKeyword.maximizeWindow(MaximizeWindowKeyword.groovy:74)
	at com.kms.katalon.core.webui.keyword.builtin.MaximizeWindowKeyword.execute(MaximizeWindowKeyword.groovy:69)
	at com.kms.katalon.core.keyword.internal.KeywordExecutor.executeKeywordForPlatform(KeywordExecutor.groovy:74)
	at com.kms.katalon.core.webui.keyword.WebUiBuiltInKeywords.maximizeWindow(WebUiBuiltInKeywords.groovy:283)
	at com.kms.katalon.core.webui.keyword.WebUiBuiltInKeywords$maximizeWindow$0.call(Unknown Source)
	at m2u registration.run(m2u registration:22)
	at com.kms.katalon.core.main.ScriptEngine.run(ScriptEngine.java:194)
	at com.kms.katalon.core.main.ScriptEngine.runScriptAsRawText(ScriptEngine.java:119)
	at com.kms.katalon.core.main.TestCaseExecutor.runScript(TestCaseExecutor.java:448)
	at com.kms.katalon.core.main.TestCaseExecutor.doExecute(TestCaseExecutor.java:439)
	at com.kms.katalon.core.main.TestCaseExecutor.processExecutionPhase(TestCaseExecutor.java:418)
	at com.kms.katalon.core.main.TestCaseExecutor.accessMainPhase(TestCaseExecutor.java:410)
	at com.kms.katalon.core.main.TestCaseExecutor.execute(TestCaseExecutor.java:285)
	at com.kms.katalon.core.common.CommonExecutor.accessTestCaseMainPhase(CommonExecutor.java:65)
	at com.kms.katalon.core.main.TestSuiteExecutor.accessTestSuiteMainPhase(TestSuiteExecutor.java:148)
	at com.kms.katalon.core.main.TestSuiteExecutor.execute(TestSuiteExecutor.java:106)
	at com.kms.katalon.core.main.TestCaseMain.startTestSuite(TestCaseMain.java:187)
	at com.kms.katalon.core.main.TestCaseMain$startTestSuite$0.call(Unknown Source)
	at TempTestSuite1693364473981.run(TempTestSuite1693364473981.groovy:36)
Caused by: com.kms.katalon.core.exception.StepFailedException: Unable to maximize current window
	... 21 more
Caused by: org.openqa.selenium.WebDriverException: unknown error: failed to change window state to 'maximized', current state is 'fullscreen'
  (Session info: chrome=116.0.5845.140)
Build info: version: '3.141.59', revision: 'e82be7d358', time: '2018-11-14T08:25:53'
System info: host: 'MOHAMMADs-MacBook-Air.local', ip: 'fe80:0:0:0:4a4:e36e:145a:5e93%en0', os.name: 'Mac OS X', os.arch: 'x86_64', os.version: '11.6', java.version: '1.8.0_362'
Driver info: com.kms.katalon.selenium.driver.CChromeDriver
Capabilities {acceptInsecureCerts: false, browserName: chrome, browserVersion: 116.0.5845.140, chrome: {chromedriverVersion: 116.0.5845.96 (1a3918166880..., userDataDir: /var/folders/pj/tdgwyxh90y7...}, fedcm:accounts: true, goog:chromeOptions: {debuggerAddress: localhost:56566}, javascriptEnabled: true, networkConnectionEnabled: false, pageLoadStrategy: normal, platform: MAC, platformName: MAC, proxy: Proxy(), setWindowRect: true, strictFileInteractability: false, timeouts: {implicit: 0, pageLoad: 300000, script: 30000}, unhandledPromptBehavior: dismiss and notify, webauthn:extension:credBlob: true, webauthn:extension:largeBlob: true, webauthn:extension:minPinLength: true, webauthn:extension:prf: true, webauthn:virtualAuthenticators: true}
Session ID: e3e68339ca7c908753e2541e750473d6
	at org.openqa.selenium.remote.http.W3CHttpResponseCodec.createException(W3CHttpResponseCodec.java:187)
	at org.openqa.selenium.remote.http.W3CHttpResponseCodec.decode(W3CHttpResponseCodec.java:122)
	at org.openqa.selenium.remote.http.W3CHttpResponseCodec.decode(W3CHttpResponseCodec.java:49)
	at org.openqa.selenium.remote.HttpCommandExecutor.execute(HttpCommandExecutor.java:158)
	at org.openqa.selenium.remote.service.DriverCommandExecutor.execute(DriverCommandExecutor.java:83)
	at org.openqa.selenium.remote.RemoteWebDriver.execute(RemoteWebDriver.java:552)
	at com.kms.katalon.selenium.driver.CChromeDriver.execute(CChromeDriver.java:19)
	at org.openqa.selenium.remote.RemoteWebDriver.execute(RemoteWebDriver.java:609)
	at org.openqa.selenium.remote.RemoteWebDriver$RemoteWebDriverOptions$RemoteWindow.maximize(RemoteWebDriver.java:837)
	at org.openqa.selenium.support.events.EventFiringWebDriver$EventFiringWindow.maximize(EventFiringWebDriver.java:769)
	at com.kms.katalon.core.webui.keyword.builtin.MaximizeWindowKeyword$_maximizeWindow_closure1.doCall(MaximizeWindowKeyword.groovy:85)
	at com.kms.katalon.core.webui.keyword.builtin.MaximizeWindowKeyword$_maximizeWindow_closure1.call(MaximizeWindowKeyword.groovy)
	at com.kms.katalon.core.webui.keyword.internal.WebUIKeywordMain.runKeyword(WebUIKeywordMain.groovy:20)
	... 19 more]]></system-err>
   </testsuite>
   <testsuite name="transfer - negativeTest" tests="1" failures="0" errors="0" time="122.656" skipped="0" timestamp="2023-08-30 11:02:13" hostname="mosaj - 192.168.1.183" id="Test Suites/board/transfer - negativeTest">
      <properties>
         <property name="deviceName" value=""/>
         <property name="devicePlatform" value=""/>
         <property name="logFolder" value="/Users/mosaj/Documents/GitHub/MAE-M2U-TestCloud/Reports/20230830_110055/board/transfer - negativeTest/20230830_110115"/>
         <property name="logFiles" value="/Users/mosaj/Documents/GitHub/MAE-M2U-TestCloud/Reports/20230830_110055/board/transfer - negativeTest/20230830_110115/execution0.log"/>
         <property name="attachments" value="/Users/mosaj/Documents/GitHub/MAE-M2U-TestCloud/Reports/20230830_110055/board/transfer - negativeTest/20230830_110115/1693364624352.png"/>
         <property name="hostName" value="mosaj - 192.168.1.183"/>
         <property name="os" value="Mac OS X 64bit"/>
         <property name="katalonVersion" value="8.6.6.208"/>
         <property name="browser" value="Chrome 116.0.0.0"/>
         <property name="hostAddress" value="10.154.6.164"/>
         <property name="sessionId" value="0edb5a892a8046e729a4db7024ce2282"/>
         <property name="seleniumVersion" value="3.141.59"/>
         <property name="proxyInformation" value="ProxyInformation { proxyOption=NO_PROXY, proxyServerType=HTTP, username=, password=********, proxyServerAddress=, proxyServerPort=0, executionList=&quot;&quot;, isApplyToDesiredCapabilities=true }"/>
         <property name="platform" value="Mac OS X"/>
      </properties>
      <testcase name="Test Cases/Web Login/transfer - negativeTest" time="118.57" classname="Test Cases/Web Login/transfer - negativeTest" status="PASSED">
         <system-out><![CDATA[2023-08-30 11:02:17 - [TEST_CASE][PASSED] - Test Cases/Web Login/transfer - negativeTest: Test Cases/Web Login/transfer - negativeTest

2023-08-30 11:02:21 - [TEST_STEP][PASSED] - openBrowser(""): Browser is opened with url: ''

2023-08-30 11:02:25 - [MESSAGE][INFO] - Starting 'Chrome' driver

2023-08-30 11:02:26 - [MESSAGE][INFO] - Action delay is set to 0 milliseconds

2023-08-30 11:02:35 - [MESSAGE][PASSED] - Browser is opened with url: ''

2023-08-30 11:02:35 - [TEST_STEP][PASSED] - maximizeWindow(): Current window maximized

2023-08-30 11:02:36 - [MESSAGE][PASSED] - Current window maximized

2023-08-30 11:02:36 - [TEST_STEP][PASSED] - navigateToUrl("https://www.maybank2u.com.my/home/m2u/common/login.do"): Navigate to 'https://www.maybank2u.com.my/home/m2u/common/login.do' successfully

2023-08-30 11:02:58 - [MESSAGE][PASSED] - Navigate to 'https://www.maybank2u.com.my/home/m2u/common/login.do' successfully

2023-08-30 11:02:58 - [TEST_STEP][PASSED] - getPageHeight(): Current page's height is 3312

2023-08-30 11:02:58 - [MESSAGE][PASSED] - Current page's height is 3312

2023-08-30 11:02:58 - [TEST_STEP][PASSED] - getPageWidth(): Current page's width is 1440

2023-08-30 11:02:58 - [MESSAGE][PASSED] - Current page's width is 1440

2023-08-30 11:02:58 - [TEST_STEP][PASSED] - setText(findTestObject("Object Repository/Web Login/Page_Maybank2u  Maybank Malaysia/input_Humanising Financial Services_username"), findTestData("DevOps").getValue(1, 1)): Text 'mosajgohar1' is set on object 'Object Repository/Web Login/Page_Maybank2u  Maybank Malaysia/input_Humanising Financial Services_username'

2023-08-30 11:03:14 - [MESSAGE][PASSED] - Text 'mosajgohar1' is set on object 'Object Repository/Web Login/Page_Maybank2u  Maybank Malaysia/input_Humanising Financial Services_username'

2023-08-30 11:03:14 - [TEST_STEP][PASSED] - click(findTestObject("Object Repository/Web Login/Page_Maybank2u  Maybank Malaysia/button_LOGIN")): Object: 'Object Repository/Web Login/Page_Maybank2u  Maybank Malaysia/button_LOGIN' is clicked on

2023-08-30 11:03:17 - [MESSAGE][PASSED] - Object: 'Object Repository/Web Login/Page_Maybank2u  Maybank Malaysia/button_LOGIN' is clicked on

2023-08-30 11:03:17 - [TEST_STEP][PASSED] - click(findTestObject("Object Repository/Web Login/Page_Maybank2u  Maybank Malaysia/button_YES")): Object: 'Object Repository/Web Login/Page_Maybank2u  Maybank Malaysia/button_YES' is clicked on

2023-08-30 11:03:20 - [MESSAGE][PASSED] - Object: 'Object Repository/Web Login/Page_Maybank2u  Maybank Malaysia/button_YES' is clicked on

2023-08-30 11:03:20 - [TEST_STEP][PASSED] - setText(findTestObject("Object Repository/Web Login/Page_Maybank2u  Maybank Malaysia/input_Hello_my-password-input"), "Mayesha@19"): Text 'Mayesha@19' is set on object 'Object Repository/Web Login/Page_Maybank2u  Maybank Malaysia/input_Hello_my-password-input'

2023-08-30 11:03:25 - [MESSAGE][PASSED] - Text 'Mayesha@19' is set on object 'Object Repository/Web Login/Page_Maybank2u  Maybank Malaysia/input_Hello_my-password-input'

2023-08-30 11:03:25 - [TEST_STEP][PASSED] - delay(5): Delayed 5 second(s)

2023-08-30 11:03:31 - [MESSAGE][PASSED] - Delayed 5 second(s)

2023-08-30 11:03:31 - [TEST_STEP][PASSED] - click(findTestObject("Object Repository/Web Login/Page_Maybank2u  Maybank Malaysia/span_LOGIN")): Object: 'Object Repository/Web Login/Page_Maybank2u  Maybank Malaysia/span_LOGIN' is clicked on

2023-08-30 11:03:32 - [MESSAGE][PASSED] - Object: 'Object Repository/Web Login/Page_Maybank2u  Maybank Malaysia/span_LOGIN' is clicked on

2023-08-30 11:03:32 - [TEST_STEP][PASSED] - delay(4): Delayed 4 second(s)

2023-08-30 11:03:36 - [MESSAGE][PASSED] - Delayed 4 second(s)

2023-08-30 11:03:36 - [TEST_STEP][PASSED] - takeScreenshot(): Taking screenshot successfully

2023-08-30 11:03:47 - [MESSAGE][PASSED] - Taking screenshot successfully
[[ATTACHMENT|/Users/mosaj/Documents/GitHub/MAE-M2U-TestCloud/Reports/20230830_110055/board/transfer - negativeTest/20230830_110115/1693364624352.png]]

2023-08-30 11:03:47 - [TEST_STEP][PASSED] - click(findTestObject("Object Repository/Web Login/Page_Maybank2u  Maybank Malaysia/a_MY ACCOUNTS")): Object: 'Object Repository/Web Login/Page_Maybank2u  Maybank Malaysia/a_MY ACCOUNTS' is clicked on

2023-08-30 11:03:51 - [MESSAGE][PASSED] - Object: 'Object Repository/Web Login/Page_Maybank2u  Maybank Malaysia/a_MY ACCOUNTS' is clicked on

2023-08-30 11:03:51 - [TEST_STEP][PASSED] - delay(2): Delayed 2 second(s)

2023-08-30 11:03:53 - [MESSAGE][PASSED] - Delayed 2 second(s)

2023-08-30 11:03:53 - [TEST_STEP][PASSED] - click(findTestObject("Object Repository/Web Login/Page_Maybank2u  Maybank Malaysia/a_PAY  TRANSFER")): Object: 'Object Repository/Web Login/Page_Maybank2u  Maybank Malaysia/a_PAY  TRANSFER' is clicked on

2023-08-30 11:03:56 - [MESSAGE][PASSED] - Object: 'Object Repository/Web Login/Page_Maybank2u  Maybank Malaysia/a_PAY  TRANSFER' is clicked on

2023-08-30 11:03:56 - [TEST_STEP][PASSED] - delay(2): Delayed 2 second(s)

2023-08-30 11:03:58 - [MESSAGE][PASSED] - Delayed 2 second(s)

2023-08-30 11:03:58 - [TEST_STEP][PASSED] - click(findTestObject("Object Repository/Web Login/Page_Maybank2u  Maybank Malaysia/span_x")): Object: 'Object Repository/Web Login/Page_Maybank2u  Maybank Malaysia/span_x' is clicked on

2023-08-30 11:03:59 - [MESSAGE][PASSED] - Object: 'Object Repository/Web Login/Page_Maybank2u  Maybank Malaysia/span_x' is clicked on

2023-08-30 11:03:59 - [TEST_STEP][PASSED] - click(findTestObject("Object Repository/Web Login/Page_Maybank2u  Maybank Malaysia/div_TRANSFER")): Object: 'Object Repository/Web Login/Page_Maybank2u  Maybank Malaysia/div_TRANSFER' is clicked on

2023-08-30 11:04:03 - [MESSAGE][PASSED] - Object: 'Object Repository/Web Login/Page_Maybank2u  Maybank Malaysia/div_TRANSFER' is clicked on

2023-08-30 11:04:03 - [TEST_STEP][PASSED] - delay(2): Delayed 2 second(s)

2023-08-30 11:04:05 - [MESSAGE][PASSED] - Delayed 2 second(s)

2023-08-30 11:04:05 - [TEST_STEP][PASSED] - click(findTestObject("Object Repository/Web Login/Page_Maybank2u  Maybank Malaysia/div_Own Accounts")): Object: 'Object Repository/Web Login/Page_Maybank2u  Maybank Malaysia/div_Own Accounts' is clicked on

2023-08-30 11:04:07 - [MESSAGE][PASSED] - Object: 'Object Repository/Web Login/Page_Maybank2u  Maybank Malaysia/div_Own Accounts' is clicked on

2023-08-30 11:04:07 - [TEST_STEP][PASSED] - delay(2): Delayed 2 second(s)

2023-08-30 11:04:09 - [MESSAGE][PASSED] - Delayed 2 second(s)

2023-08-30 11:04:09 - [TEST_STEP][PASSED] - click(findTestObject("Object Repository/Web Login/Page_Maybank2u  Maybank Malaysia/span_Other Accounts ( Maybank and other banks )")): Object: 'Object Repository/Web Login/Page_Maybank2u  Maybank Malaysia/span_Other Accounts ( Maybank and other banks )' is clicked on

2023-08-30 11:04:11 - [MESSAGE][PASSED] - Object: 'Object Repository/Web Login/Page_Maybank2u  Maybank Malaysia/span_Other Accounts ( Maybank and other banks )' is clicked on

2023-08-30 11:04:11 - [TEST_STEP][PASSED] - click(findTestObject("Object Repository/Web Login/Page_Maybank2u  Maybank Malaysia/input_ASNB Accounts_PayFromToContainer---pa_1bae3d")): Object: 'Object Repository/Web Login/Page_Maybank2u  Maybank Malaysia/input_ASNB Accounts_PayFromToContainer---pa_1bae3d' is clicked on

2023-08-30 11:04:14 - [MESSAGE][PASSED] - Object: 'Object Repository/Web Login/Page_Maybank2u  Maybank Malaysia/input_ASNB Accounts_PayFromToContainer---pa_1bae3d' is clicked on

2023-08-30 11:04:14 - [TEST_STEP][PASSED] - click(findTestObject("Object Repository/Web Login/Page_Maybank2u  Maybank Malaysia/div_Maybank  Maybank Islamic")): Object: 'Object Repository/Web Login/Page_Maybank2u  Maybank Malaysia/div_Maybank  Maybank Islamic' is clicked on

2023-08-30 11:04:16 - [MESSAGE][PASSED] - Object: 'Object Repository/Web Login/Page_Maybank2u  Maybank Malaysia/div_Maybank  Maybank Islamic' is clicked on

2023-08-30 11:04:16 - [TEST_STEP][NOT_RUN] - closeBrowser(): NOT_RUN: closeBrowser()

2023-08-30 11:04:16 - [MESSAGE][NOT_RUN] - NOT_RUN: closeBrowser()]]></system-out>
         <system-err><![CDATA[]]></system-err>
      </testcase>
      <system-out><![CDATA[2023-08-30 11:02:13 - [TEST_SUITE][PASSED] - transfer - negativeTest: Test Cases/Web Login/transfer - negativeTest]]></system-out>
      <system-err><![CDATA[]]></system-err>
   </testsuite>
</testsuites>
