<?xml version="1.0" encoding="UTF-8"?>
<testsuites name="MAE S2U no Firebase" time="619.772" tests="3" failures="2" errors="0">
   <testsuite name="MAE S2U no Firebase" tests="3" failures="2" errors="0" time="619.772" skipped="0" timestamp="2023-07-17 17:18:26" hostname="mosaj - mohammads-air" id="Test Suites/MAE S2U no Firebase">
      <properties>
         <property name="deviceName" value="samsung SM-G998B (Android 11)"/>
         <property name="devicePlatform" value=""/>
         <property name="logFolder" value="/Users/mosaj/Documents/GitHub/MAE-M2U-TestCloud/Reports/20230717_171812/MAE S2U no Firebase/20230717_171812"/>
         <property name="logFiles" value="/Users/mosaj/Documents/GitHub/MAE-M2U-TestCloud/Reports/20230717_171812/MAE S2U no Firebase/20230717_171812/execution0.log, /Users/mosaj/Documents/GitHub/MAE-M2U-TestCloud/Reports/20230717_171812/MAE S2U no Firebase/20230717_171812/appium.log"/>
         <property name="attachments" value="/Users/mosaj/Documents/GitHub/MAE-M2U-TestCloud/Reports/20230717_171812/MAE S2U no Firebase/20230717_171812/1689585542800.png, /Users/mosaj/Documents/GitHub/MAE-M2U-TestCloud/Reports/20230717_171812/MAE S2U no Firebase/20230717_171812/1689585545688.png, /Users/mosaj/Documents/GitHub/MAE-M2U-TestCloud/Reports/20230717_171812/MAE S2U no Firebase/20230717_171812/1689585547600.png, /Users/mosaj/Documents/GitHub/MAE-M2U-TestCloud/Reports/20230717_171812/MAE S2U no Firebase/20230717_171812/1689585550961.png, /Users/mosaj/Documents/GitHub/MAE-M2U-TestCloud/Reports/20230717_171812/MAE S2U no Firebase/20230717_171812/1689585553690.png, /Users/mosaj/Documents/GitHub/MAE-M2U-TestCloud/Reports/20230717_171812/MAE S2U no Firebase/20230717_171812/1689585558749.png, /Users/mosaj/Documents/GitHub/MAE-M2U-TestCloud/Reports/20230717_171812/MAE S2U no Firebase/20230717_171812/1689585561645.png, /Users/mosaj/Documents/GitHub/MAE-M2U-TestCloud/Reports/20230717_171812/MAE S2U no Firebase/20230717_171812/1689585566210.png, /Users/mosaj/Documents/GitHub/MAE-M2U-TestCloud/Reports/20230717_171812/MAE S2U no Firebase/20230717_171812/1689585636544.png, /Users/mosaj/Documents/GitHub/MAE-M2U-TestCloud/Reports/20230717_171812/MAE S2U no Firebase/20230717_171812/1689585640961.png, /Users/mosaj/Documents/GitHub/MAE-M2U-TestCloud/Reports/20230717_171812/MAE S2U no Firebase/20230717_171812/1689585648755.png, /Users/mosaj/Documents/GitHub/MAE-M2U-TestCloud/Reports/20230717_171812/MAE S2U no Firebase/20230717_171812/1689585661917.png, /Users/mosaj/Documents/GitHub/MAE-M2U-TestCloud/Reports/20230717_171812/MAE S2U no Firebase/20230717_171812/1689585663761.png, /Users/mosaj/Documents/GitHub/MAE-M2U-TestCloud/Reports/20230717_171812/MAE S2U no Firebase/20230717_171812/1689585679440.png, /Users/mosaj/Documents/GitHub/MAE-M2U-TestCloud/Reports/20230717_171812/MAE S2U no Firebase/20230717_171812/1689585686781.png, /Users/mosaj/Documents/GitHub/MAE-M2U-TestCloud/Reports/20230717_171812/MAE S2U no Firebase/20230717_171812/1689585726412.png, /Users/mosaj/Documents/GitHub/MAE-M2U-TestCloud/Reports/20230717_171812/MAE S2U no Firebase/20230717_171812/1689585727944.png, /Users/mosaj/Documents/GitHub/MAE-M2U-TestCloud/Reports/20230717_171812/MAE S2U no Firebase/20230717_171812/1689585740932.png, /Users/mosaj/Documents/GitHub/MAE-M2U-TestCloud/Reports/20230717_171812/MAE S2U no Firebase/20230717_171812/1689585748595.png, /Users/mosaj/Documents/GitHub/MAE-M2U-TestCloud/Reports/20230717_171812/MAE S2U no Firebase/20230717_171812/1689585762535.png, /Users/mosaj/Documents/GitHub/MAE-M2U-TestCloud/Reports/20230717_171812/MAE S2U no Firebase/20230717_171812/1689585779328.png, /Users/mosaj/Documents/GitHub/MAE-M2U-TestCloud/Reports/20230717_171812/MAE S2U no Firebase/20230717_171812/1689585783165.png, /Users/mosaj/Documents/GitHub/MAE-M2U-TestCloud/Reports/20230717_171812/MAE S2U no Firebase/20230717_171812/1689585787306.png, /Users/mosaj/Documents/GitHub/MAE-M2U-TestCloud/Reports/20230717_171812/MAE S2U no Firebase/20230717_171812/1689585791233.png, /Users/mosaj/Documents/GitHub/MAE-M2U-TestCloud/Reports/20230717_171812/MAE S2U no Firebase/20230717_171812/1689585795181.png, /Users/mosaj/Documents/GitHub/MAE-M2U-TestCloud/Reports/20230717_171812/MAE S2U no Firebase/20230717_171812/1689585857978.png, /Users/mosaj/Documents/GitHub/MAE-M2U-TestCloud/Reports/20230717_171812/MAE S2U no Firebase/20230717_171812/1689585858600.png, /Users/mosaj/Documents/GitHub/MAE-M2U-TestCloud/Reports/20230717_171812/MAE S2U no Firebase/20230717_171812/1689585861135.png, /Users/mosaj/Documents/GitHub/MAE-M2U-TestCloud/Reports/20230717_171812/MAE S2U no Firebase/20230717_171812/1689585863812.png, /Users/mosaj/Documents/GitHub/MAE-M2U-TestCloud/Reports/20230717_171812/MAE S2U no Firebase/20230717_171812/1689585876853.png, /Users/mosaj/Documents/GitHub/MAE-M2U-TestCloud/Reports/20230717_171812/MAE S2U no Firebase/20230717_171812/1689585885906.png, /Users/mosaj/Documents/GitHub/MAE-M2U-TestCloud/Reports/20230717_171812/MAE S2U no Firebase/20230717_171812/1689585888731.png, /Users/mosaj/Documents/GitHub/MAE-M2U-TestCloud/Reports/20230717_171812/MAE S2U no Firebase/20230717_171812/1689585892938.png, /Users/mosaj/Documents/GitHub/MAE-M2U-TestCloud/Reports/20230717_171812/MAE S2U no Firebase/20230717_171812/1689586002523.png, /Users/mosaj/Documents/GitHub/MAE-M2U-TestCloud/Reports/20230717_171812/MAE S2U no Firebase/20230717_171812/1689586004095.png, /Users/mosaj/Documents/GitHub/MAE-M2U-TestCloud/Reports/20230717_171812/MAE S2U no Firebase/20230717_171812/1689586055733.png, /Users/mosaj/Documents/GitHub/MAE-M2U-TestCloud/Reports/20230717_171812/MAE S2U no Firebase/20230717_171812/1689586108322.png, /Users/mosaj/Documents/GitHub/MAE-M2U-TestCloud/Reports/20230717_171812/MAE S2U no Firebase/20230717_171812/1689586111295.png, /Users/mosaj/Documents/GitHub/MAE-M2U-TestCloud/Reports/20230717_171812/MAE S2U no Firebase/20230717_171812/1689586113095.png, /Users/mosaj/Documents/GitHub/MAE-M2U-TestCloud/Reports/20230717_171812/MAE S2U no Firebase/20230717_171812/1689586115863.png, /Users/mosaj/Documents/GitHub/MAE-M2U-TestCloud/Reports/20230717_171812/MAE S2U no Firebase/20230717_171812/1689586119417.png, /Users/mosaj/Documents/GitHub/MAE-M2U-TestCloud/Reports/20230717_171812/MAE S2U no Firebase/20230717_171812/1689586122356.png, /Users/mosaj/Documents/GitHub/MAE-M2U-TestCloud/Reports/20230717_171812/MAE S2U no Firebase/20230717_171812/1689586124125.png"/>
         <property name="hostName" value="mosaj - mohammads-air"/>
         <property name="os" value="Mac OS X 64bit"/>
         <property name="appiumServerStatus" value="{&quot;value&quot;:{&quot;build&quot;:{&quot;version&quot;:&quot;1.21.0&quot;}},&quot;sessionId&quot;:null,&quot;status&quot;:0}"/>
         <property name="katalonVersion" value="8.6.0.208"/>
         <property name="deviceOS" value="Android"/>
         <property name="appiumVersion" value="1.21.0"/>
         <property name="deviceModel" value="SM-G998B"/>
         <property name="hostAddress" value="192.168.0.55"/>
         <property name="deviceManufacturer" value="samsung"/>
         <property name="deviceId" value="R5CR704KXSR"/>
         <property name="deviceName" value="samsung SM-G998B (Android 11)"/>
         <property name="deviceOSVersion" value="11"/>
      </properties>
      <testcase name="Test Cases/Mobile TC/MAE UAT Onboarding new app" time="215.797" classname="Test Cases/Mobile TC/MAE UAT Onboarding new app" status="FAILED">
         <failure type="FAILED" message="Test Cases/Mobile TC/MAE UAT Onboarding new app FAILED.
Reason:
com.kms.katalon.core.exception.StepFailedException: Element 'Object Repository/SPY MAE without firebase/Proceed' not found
	at com.kms.katalon.core.keyword.internal.KeywordMain.stepFailed(KeywordMain.groovy:39)
	at com.kms.katalon.core.mobile.keyword.internal.MobileKeywordMain.stepFailed(MobileKeywordMain.groovy:40)
	at com.kms.katalon.core.mobile.keyword.builtin.VerifyElementTextKeyword$_verifyElementText_closure1.doCall(VerifyElementTextKeyword.groovy:49)
	at com.kms.katalon.core.mobile.keyword.builtin.VerifyElementTextKeyword$_verifyElementText_closure1.call(VerifyElementTextKeyword.groovy)
	at com.kms.katalon.core.mobile.keyword.internal.MobileKeywordMain.runKeyword(MobileKeywordMain.groovy:21)
	at com.kms.katalon.core.mobile.keyword.builtin.VerifyElementTextKeyword.verifyElementText(VerifyElementTextKeyword.groovy:62)
	at com.kms.katalon.core.mobile.keyword.builtin.VerifyElementTextKeyword.execute(VerifyElementTextKeyword.groovy:39)
	at com.kms.katalon.core.keyword.internal.KeywordExecutor.executeKeywordForPlatform(KeywordExecutor.groovy:74)
	at com.kms.katalon.core.mobile.keyword.MobileBuiltInKeywords.verifyElementText(MobileBuiltInKeywords.groovy:2901)
	at com.kms.katalon.core.mobile.keyword.MobileBuiltInKeywords$verifyElementText$5.call(Unknown Source)
	at MAE UAT Onboarding new app.run(MAE UAT Onboarding new app:88)
	at com.kms.katalon.core.main.ScriptEngine.run(ScriptEngine.java:194)
	at com.kms.katalon.core.main.ScriptEngine.runScriptAsRawText(ScriptEngine.java:119)
	at com.kms.katalon.core.main.TestCaseExecutor.runScript(TestCaseExecutor.java:448)
	at com.kms.katalon.core.main.TestCaseExecutor.doExecute(TestCaseExecutor.java:439)
	at com.kms.katalon.core.main.TestCaseExecutor.processExecutionPhase(TestCaseExecutor.java:418)
	at com.kms.katalon.core.main.TestCaseExecutor.accessMainPhase(TestCaseExecutor.java:410)
	at com.kms.katalon.core.main.TestCaseExecutor.execute(TestCaseExecutor.java:285)
	at com.kms.katalon.core.common.CommonExecutor.accessTestCaseMainPhase(CommonExecutor.java:65)
	at com.kms.katalon.core.main.TestSuiteExecutor.accessTestSuiteMainPhase(TestSuiteExecutor.java:148)
	at com.kms.katalon.core.main.TestSuiteExecutor.execute(TestSuiteExecutor.java:106)
	at com.kms.katalon.core.main.TestCaseMain.startTestSuite(TestCaseMain.java:187)
	at com.kms.katalon.core.main.TestCaseMain$startTestSuite$0.call(Unknown Source)
	at TempTestSuite1689585492117.run(TempTestSuite1689585492117.groovy:36)
"/>
         <system-out><![CDATA[2023-07-17 17:18:27 - [TEST_CASE][FAILED] - Test Cases/Mobile TC/MAE UAT Onboarding new app: Test Cases/Mobile TC/MAE UAT Onboarding new app FAILED.
Reason:
com.kms.katalon.core.exception.StepFailedException: Element 'Object Repository/SPY MAE without firebase/Proceed' not found
	at com.kms.katalon.core.keyword.internal.KeywordMain.stepFailed(KeywordMain.groovy:39)
	at com.kms.katalon.core.mobile.keyword.internal.MobileKeywordMain.stepFailed(MobileKeywordMain.groovy:40)
	at com.kms.katalon.core.mobile.keyword.builtin.VerifyElementTextKeyword$_verifyElementText_closure1.doCall(VerifyElementTextKeyword.groovy:49)
	at com.kms.katalon.core.mobile.keyword.builtin.VerifyElementTextKeyword$_verifyElementText_closure1.call(VerifyElementTextKeyword.groovy)
	at com.kms.katalon.core.mobile.keyword.internal.MobileKeywordMain.runKeyword(MobileKeywordMain.groovy:21)
	at com.kms.katalon.core.mobile.keyword.builtin.VerifyElementTextKeyword.verifyElementText(VerifyElementTextKeyword.groovy:62)
	at com.kms.katalon.core.mobile.keyword.builtin.VerifyElementTextKeyword.execute(VerifyElementTextKeyword.groovy:39)
	at com.kms.katalon.core.keyword.internal.KeywordExecutor.executeKeywordForPlatform(KeywordExecutor.groovy:74)
	at com.kms.katalon.core.mobile.keyword.MobileBuiltInKeywords.verifyElementText(MobileBuiltInKeywords.groovy:2901)
	at com.kms.katalon.core.mobile.keyword.MobileBuiltInKeywords$verifyElementText$5.call(Unknown Source)
	at MAE UAT Onboarding new app.run(MAE UAT Onboarding new app:88)
	at com.kms.katalon.core.main.ScriptEngine.run(ScriptEngine.java:194)
	at com.kms.katalon.core.main.ScriptEngine.runScriptAsRawText(ScriptEngine.java:119)
	at com.kms.katalon.core.main.TestCaseExecutor.runScript(TestCaseExecutor.java:448)
	at com.kms.katalon.core.main.TestCaseExecutor.doExecute(TestCaseExecutor.java:439)
	at com.kms.katalon.core.main.TestCaseExecutor.processExecutionPhase(TestCaseExecutor.java:418)
	at com.kms.katalon.core.main.TestCaseExecutor.accessMainPhase(TestCaseExecutor.java:410)
	at com.kms.katalon.core.main.TestCaseExecutor.execute(TestCaseExecutor.java:285)
	at com.kms.katalon.core.common.CommonExecutor.accessTestCaseMainPhase(CommonExecutor.java:65)
	at com.kms.katalon.core.main.TestSuiteExecutor.accessTestSuiteMainPhase(TestSuiteExecutor.java:148)
	at com.kms.katalon.core.main.TestSuiteExecutor.execute(TestSuiteExecutor.java:106)
	at com.kms.katalon.core.main.TestCaseMain.startTestSuite(TestCaseMain.java:187)
	at com.kms.katalon.core.main.TestCaseMain$startTestSuite$0.call(Unknown Source)
	at TempTestSuite1689585492117.run(TempTestSuite1689585492117.groovy:36)


2023-07-17 17:18:28 - [TEST_STEP][PASSED] - startApplication("/Users/APK/uat_latest_withoutFirebase.apk", false): Started app at: '/Users/APK/uat_latest_withoutFirebase.apk'

2023-07-17 17:18:28 - [MESSAGE][INFO] - User set preference: ['appPackage', 'com.maybank2u.life.uat']

2023-07-17 17:18:28 - [MESSAGE][INFO] - User set preference: ['appActivity', 'com.maybank2u.life.MainActivity']

2023-07-17 17:18:28 - [MESSAGE][INFO] - User set preference: ['noReset', 'true']

2023-07-17 17:18:28 - [MESSAGE][INFO] - User set preference: ['appWaitActivity', '*']

2023-07-17 17:18:28 - [MESSAGE][INFO] - User set preference: ['unlockType', 'pattern']

2023-07-17 17:18:28 - [MESSAGE][INFO] - User set preference: ['unlockKey', '2458']

2023-07-17 17:18:28 - [MESSAGE][INFO] - User set preference: ['deviceId', '']

2023-07-17 17:18:29 - [MESSAGE][INFO] - Detected NodeJS location: "/usr/local/bin/node"

2023-07-17 17:18:34 - [MESSAGE][INFO] - Appium server started on port 58,111

2023-07-17 17:18:52 - [MESSAGE][PASSED] - Started app at: '/Users/APK/uat_latest_withoutFirebase.apk'

2023-07-17 17:18:52 - [TEST_STEP][PASSED] - delay(10): Delayed 10 second(s)

2023-07-17 17:19:02 - [MESSAGE][PASSED] - Delayed 10 second(s)

2023-07-17 17:19:02 - [TEST_STEP][PASSED] - takeScreenshot(): Screenshot is taken

2023-07-17 17:19:03 - [MESSAGE][PASSED] - Screenshot is taken
[[ATTACHMENT|/Users/mosaj/Documents/GitHub/MAE-M2U-TestCloud/Reports/20230717_171812/MAE S2U no Firebase/20230717_171812/1689585542800.png]]

2023-07-17 17:19:03 - [TEST_STEP][PASSED] - getText(findTestObject("Object Repository/MAE UAT new app/android.widget.TextView - Next"), 0): Text of element 'Object Repository/MAE UAT new app/android.widget.TextView - Next' is: 'Next'

2023-07-17 17:19:03 - [MESSAGE][WARNING] - Timeout '0' is invalid. Using default page load timeout: '59'

2023-07-17 17:19:04 - [MESSAGE][PASSED] - Text of element 'Object Repository/MAE UAT new app/android.widget.TextView - Next' is: 'Next'

2023-07-17 17:19:04 - [TEST_STEP][PASSED] - tap(findTestObject("MAE UAT new app/android.widget.TextView - Next"), 0): Tapped on element 'Object Repository/MAE UAT new app/android.widget.TextView - Next'

2023-07-17 17:19:04 - [MESSAGE][WARNING] - Timeout '0' is invalid. Using default page load timeout: '59'

2023-07-17 17:19:04 - [MESSAGE][PASSED] - Tapped on element 'Object Repository/MAE UAT new app/android.widget.TextView - Next'

2023-07-17 17:19:04 - [TEST_STEP][PASSED] - tap(findTestObject("MAE UAT new app/android.widget.TextView - Next"), 0): Tapped on element 'Object Repository/MAE UAT new app/android.widget.TextView - Next'

2023-07-17 17:19:04 - [MESSAGE][WARNING] - Timeout '0' is invalid. Using default page load timeout: '59'

2023-07-17 17:19:05 - [MESSAGE][PASSED] - Tapped on element 'Object Repository/MAE UAT new app/android.widget.TextView - Next'

2023-07-17 17:19:05 - [TEST_STEP][PASSED] - takeScreenshot(): Screenshot is taken

2023-07-17 17:19:06 - [MESSAGE][PASSED] - Screenshot is taken
[[ATTACHMENT|/Users/mosaj/Documents/GitHub/MAE-M2U-TestCloud/Reports/20230717_171812/MAE S2U no Firebase/20230717_171812/1689585545688.png]]

2023-07-17 17:19:06 - [TEST_STEP][PASSED] - tap(findTestObject("MAE UAT new app/android.widget.TextView - Next"), 0): Tapped on element 'Object Repository/MAE UAT new app/android.widget.TextView - Next'

2023-07-17 17:19:06 - [MESSAGE][WARNING] - Timeout '0' is invalid. Using default page load timeout: '59'

2023-07-17 17:19:06 - [MESSAGE][PASSED] - Tapped on element 'Object Repository/MAE UAT new app/android.widget.TextView - Next'

2023-07-17 17:19:06 - [TEST_STEP][PASSED] - getText(findTestObject("Object Repository/MAE UAT new app/android.widget.TextView - Agree"), 0): Text of element 'Object Repository/MAE UAT new app/android.widget.TextView - Agree' is: 'Agree'

2023-07-17 17:19:07 - [MESSAGE][WARNING] - Timeout '0' is invalid. Using default page load timeout: '59'

2023-07-17 17:19:07 - [MESSAGE][PASSED] - Text of element 'Object Repository/MAE UAT new app/android.widget.TextView - Agree' is: 'Agree'

2023-07-17 17:19:07 - [TEST_STEP][PASSED] - takeScreenshot(): Screenshot is taken

2023-07-17 17:19:08 - [MESSAGE][PASSED] - Screenshot is taken
[[ATTACHMENT|/Users/mosaj/Documents/GitHub/MAE-M2U-TestCloud/Reports/20230717_171812/MAE S2U no Firebase/20230717_171812/1689585547600.png]]

2023-07-17 17:19:08 - [TEST_STEP][PASSED] - tap(findTestObject("MAE UAT new app/android.widget.TextView - Agree"), 0): Tapped on element 'Object Repository/MAE UAT new app/android.widget.TextView - Agree'

2023-07-17 17:19:08 - [MESSAGE][WARNING] - Timeout '0' is invalid. Using default page load timeout: '59'

2023-07-17 17:19:08 - [MESSAGE][PASSED] - Tapped on element 'Object Repository/MAE UAT new app/android.widget.TextView - Agree'

2023-07-17 17:19:08 - [TEST_STEP][PASSED] - getText(findTestObject("Object Repository/MAE UAT new app/android.widget.TextView - Log In Now"), 0): Text of element 'Object Repository/MAE UAT new app/android.widget.TextView - Log In Now' is: 'Log In Now'

2023-07-17 17:19:08 - [MESSAGE][WARNING] - Timeout '0' is invalid. Using default page load timeout: '59'

2023-07-17 17:19:10 - [MESSAGE][PASSED] - Text of element 'Object Repository/MAE UAT new app/android.widget.TextView - Log In Now' is: 'Log In Now'

2023-07-17 17:19:10 - [TEST_STEP][PASSED] - takeScreenshot(): Screenshot is taken

2023-07-17 17:19:11 - [MESSAGE][PASSED] - Screenshot is taken
[[ATTACHMENT|/Users/mosaj/Documents/GitHub/MAE-M2U-TestCloud/Reports/20230717_171812/MAE S2U no Firebase/20230717_171812/1689585550961.png]]

2023-07-17 17:19:11 - [TEST_STEP][PASSED] - tap(findTestObject("MAE UAT new app/android.widget.TextView - Log In Now"), 0): Tapped on element 'Object Repository/MAE UAT new app/android.widget.TextView - Log In Now'

2023-07-17 17:19:11 - [MESSAGE][WARNING] - Timeout '0' is invalid. Using default page load timeout: '59'

2023-07-17 17:19:11 - [MESSAGE][PASSED] - Tapped on element 'Object Repository/MAE UAT new app/android.widget.TextView - Log In Now'

2023-07-17 17:19:11 - [TEST_STEP][PASSED] - getText(findTestObject("Object Repository/MAE UAT new app/android.widget.TextView - Existing M2UMAE user Log in here"), 0): Text of element 'Object Repository/MAE UAT new app/android.widget.TextView - Existing M2UMAE user Log in here' is: 'Existing M2U/MAE user? Log in here'

2023-07-17 17:19:12 - [MESSAGE][WARNING] - Timeout '0' is invalid. Using default page load timeout: '59'

2023-07-17 17:19:13 - [MESSAGE][PASSED] - Text of element 'Object Repository/MAE UAT new app/android.widget.TextView - Existing M2UMAE user Log in here' is: 'Existing M2U/MAE user? Log in here'

2023-07-17 17:19:13 - [TEST_STEP][PASSED] - takeScreenshot(): Screenshot is taken

2023-07-17 17:19:14 - [MESSAGE][PASSED] - Screenshot is taken
[[ATTACHMENT|/Users/mosaj/Documents/GitHub/MAE-M2U-TestCloud/Reports/20230717_171812/MAE S2U no Firebase/20230717_171812/1689585553690.png]]

2023-07-17 17:19:14 - [TEST_STEP][PASSED] - tap(findTestObject("MAE UAT new app/android.widget.TextView - Existing M2UMAE user Log in here"), 0): Tapped on element 'Object Repository/MAE UAT new app/android.widget.TextView - Existing M2UMAE user Log in here'

2023-07-17 17:19:14 - [MESSAGE][WARNING] - Timeout '0' is invalid. Using default page load timeout: '59'

2023-07-17 17:19:14 - [MESSAGE][PASSED] - Tapped on element 'Object Repository/MAE UAT new app/android.widget.TextView - Existing M2UMAE user Log in here'

2023-07-17 17:19:14 - [TEST_STEP][PASSED] - getText(findTestObject("Object Repository/MAE UAT new app/android.widget.TextView - Please enter your username"), 0): Text of element 'Object Repository/MAE UAT new app/android.widget.TextView - Please enter your username' is: 'Please enter your username'

2023-07-17 17:19:14 - [MESSAGE][WARNING] - Timeout '0' is invalid. Using default page load timeout: '59'

2023-07-17 17:19:16 - [MESSAGE][PASSED] - Text of element 'Object Repository/MAE UAT new app/android.widget.TextView - Please enter your username' is: 'Please enter your username'

2023-07-17 17:19:16 - [TEST_STEP][PASSED] - setText(findTestObject("Object Repository/MAE UAT new app/android.widget.EditText"), "samuat05", 0): Text 'samuat05' has been set to element 'Object Repository/MAE UAT new app/android.widget.EditText'

2023-07-17 17:19:16 - [MESSAGE][WARNING] - Timeout '0' is invalid. Using default page load timeout: '59'

2023-07-17 17:19:17 - [MESSAGE][PASSED] - Text 'samuat05' has been set to element 'Object Repository/MAE UAT new app/android.widget.EditText'

2023-07-17 17:19:17 - [TEST_STEP][PASSED] - hideKeyboard(): Keyboard is hidden

2023-07-17 17:19:18 - [MESSAGE][PASSED] - Keyboard is hidden

2023-07-17 17:19:18 - [TEST_STEP][PASSED] - getText(findTestObject("Object Repository/MAE UAT new app/android.widget.TextView - Continue"), 0): Text of element 'Object Repository/MAE UAT new app/android.widget.TextView - Continue' is: 'Continue'

2023-07-17 17:19:18 - [MESSAGE][WARNING] - Timeout '0' is invalid. Using default page load timeout: '59'

2023-07-17 17:19:18 - [MESSAGE][PASSED] - Text of element 'Object Repository/MAE UAT new app/android.widget.TextView - Continue' is: 'Continue'

2023-07-17 17:19:18 - [TEST_STEP][PASSED] - takeScreenshot(): Screenshot is taken

2023-07-17 17:19:19 - [MESSAGE][PASSED] - Screenshot is taken
[[ATTACHMENT|/Users/mosaj/Documents/GitHub/MAE-M2U-TestCloud/Reports/20230717_171812/MAE S2U no Firebase/20230717_171812/1689585558749.png]]

2023-07-17 17:19:19 - [TEST_STEP][PASSED] - hideKeyboard(): Keyboard is hidden

2023-07-17 17:19:19 - [MESSAGE][PASSED] - Keyboard is hidden

2023-07-17 17:19:19 - [TEST_STEP][PASSED] - tap(findTestObject("MAE UAT new app/android.widget.TextView - Continue"), 0): Tapped on element 'Object Repository/MAE UAT new app/android.widget.TextView - Continue'

2023-07-17 17:19:19 - [MESSAGE][WARNING] - Timeout '0' is invalid. Using default page load timeout: '59'

2023-07-17 17:19:20 - [MESSAGE][PASSED] - Tapped on element 'Object Repository/MAE UAT new app/android.widget.TextView - Continue'

2023-07-17 17:19:20 - [TEST_STEP][PASSED] - getText(findTestObject("Object Repository/MAE UAT new app/android.widget.TextView - Yes, Its Mine"), 0): Text of element 'Object Repository/MAE UAT new app/android.widget.TextView - Yes, Its Mine' is: 'Yes, It’s Mine'

2023-07-17 17:19:20 - [MESSAGE][WARNING] - Timeout '0' is invalid. Using default page load timeout: '59'

2023-07-17 17:19:21 - [MESSAGE][PASSED] - Text of element 'Object Repository/MAE UAT new app/android.widget.TextView - Yes, Its Mine' is: 'Yes, It’s Mine'

2023-07-17 17:19:21 - [TEST_STEP][PASSED] - takeScreenshot(): Screenshot is taken

2023-07-17 17:19:22 - [MESSAGE][PASSED] - Screenshot is taken
[[ATTACHMENT|/Users/mosaj/Documents/GitHub/MAE-M2U-TestCloud/Reports/20230717_171812/MAE S2U no Firebase/20230717_171812/1689585561645.png]]

2023-07-17 17:19:22 - [TEST_STEP][PASSED] - tap(findTestObject("MAE UAT new app/android.widget.TextView - Yes, Its Mine"), 0): Tapped on element 'Object Repository/MAE UAT new app/android.widget.TextView - Yes, Its Mine'

2023-07-17 17:19:22 - [MESSAGE][WARNING] - Timeout '0' is invalid. Using default page load timeout: '59'

2023-07-17 17:19:22 - [MESSAGE][PASSED] - Tapped on element 'Object Repository/MAE UAT new app/android.widget.TextView - Yes, Its Mine'

2023-07-17 17:19:22 - [TEST_STEP][PASSED] - getText(findTestObject("Object Repository/MAE UAT new app/android.widget.TextView - Enter your password"), 0): Text of element 'Object Repository/MAE UAT new app/android.widget.TextView - Enter your password' is: 'Enter your password'

2023-07-17 17:19:22 - [MESSAGE][WARNING] - Timeout '0' is invalid. Using default page load timeout: '59'

2023-07-17 17:19:23 - [MESSAGE][PASSED] - Text of element 'Object Repository/MAE UAT new app/android.widget.TextView - Enter your password' is: 'Enter your password'

2023-07-17 17:19:23 - [TEST_STEP][PASSED] - setText(findTestObject("Object Repository/MAE UAT new app/android.widget.EditText (1)"), "Maybank@1", 0): Text 'Maybank@1' has been set to element 'Object Repository/MAE UAT new app/android.widget.EditText (1)'

2023-07-17 17:19:23 - [MESSAGE][WARNING] - Timeout '0' is invalid. Using default page load timeout: '59'

2023-07-17 17:19:24 - [MESSAGE][PASSED] - Text 'Maybank@1' has been set to element 'Object Repository/MAE UAT new app/android.widget.EditText (1)'

2023-07-17 17:19:24 - [TEST_STEP][PASSED] - hideKeyboard(): Keyboard is hidden

2023-07-17 17:19:25 - [MESSAGE][PASSED] - Keyboard is hidden

2023-07-17 17:19:25 - [TEST_STEP][PASSED] - getText(findTestObject("Object Repository/MAE UAT new app/android.widget.TextView - Continue (1)"), 0): Text of element 'Object Repository/MAE UAT new app/android.widget.TextView - Continue (1)' is: 'Continue'

2023-07-17 17:19:25 - [MESSAGE][WARNING] - Timeout '0' is invalid. Using default page load timeout: '59'

2023-07-17 17:19:26 - [MESSAGE][PASSED] - Text of element 'Object Repository/MAE UAT new app/android.widget.TextView - Continue (1)' is: 'Continue'

2023-07-17 17:19:26 - [TEST_STEP][PASSED] - takeScreenshot(): Screenshot is taken

2023-07-17 17:19:26 - [MESSAGE][PASSED] - Screenshot is taken
[[ATTACHMENT|/Users/mosaj/Documents/GitHub/MAE-M2U-TestCloud/Reports/20230717_171812/MAE S2U no Firebase/20230717_171812/1689585566210.png]]

2023-07-17 17:19:26 - [TEST_STEP][PASSED] - tap(findTestObject("Object Repository/MAE UAT new app/android.widget.TextView - Continue (1)"), 0): Tapped on element 'Object Repository/MAE UAT new app/android.widget.TextView - Continue (1)'

2023-07-17 17:19:26 - [MESSAGE][WARNING] - Timeout '0' is invalid. Using default page load timeout: '59'

2023-07-17 17:19:26 - [MESSAGE][PASSED] - Tapped on element 'Object Repository/MAE UAT new app/android.widget.TextView - Continue (1)'

2023-07-17 17:19:26 - [TEST_STEP][FAILED] - if (verifyElementText(findTestObject("SPY MAE without firebase/Proceed"), "Proceed") == true): Element 'Object Repository/SPY MAE without firebase/Proceed' not found

2023-07-17 17:20:26 - [MESSAGE][FAILED] - Element 'Object Repository/SPY MAE without firebase/Proceed' not found

2023-07-17 17:20:26 - [TEST_STEP][PASSED] - getText(findTestObject("Object Repository/MAE UAT new app/android.widget.TextView - Create your PIN for the app"), 0): Text of element 'Object Repository/MAE UAT new app/android.widget.TextView - Create your PIN for the app' is: 'Create your PIN for the app'

2023-07-17 17:20:26 - [MESSAGE][WARNING] - Timeout '0' is invalid. Using default page load timeout: '59'

2023-07-17 17:20:26 - [MESSAGE][PASSED] - Text of element 'Object Repository/MAE UAT new app/android.widget.TextView - Create your PIN for the app' is: 'Create your PIN for the app'

2023-07-17 17:20:26 - [TEST_STEP][PASSED] - delay(10): Delayed 10 second(s)

2023-07-17 17:20:36 - [MESSAGE][PASSED] - Delayed 10 second(s)

2023-07-17 17:20:36 - [TEST_STEP][PASSED] - takeScreenshot(): Screenshot is taken

2023-07-17 17:20:36 - [MESSAGE][PASSED] - Screenshot is taken
[[ATTACHMENT|/Users/mosaj/Documents/GitHub/MAE-M2U-TestCloud/Reports/20230717_171812/MAE S2U no Firebase/20230717_171812/1689585636544.png]]

2023-07-17 17:20:36 - [TEST_STEP][PASSED] - tap(findTestObject("Object Repository/MAE UAT new app/android.widget.TextView - 1"), 0): Tapped on element 'Object Repository/MAE UAT new app/android.widget.TextView - 1'

2023-07-17 17:20:37 - [MESSAGE][WARNING] - Timeout '0' is invalid. Using default page load timeout: '59'

2023-07-17 17:20:37 - [MESSAGE][PASSED] - Tapped on element 'Object Repository/MAE UAT new app/android.widget.TextView - 1'

2023-07-17 17:20:37 - [TEST_STEP][PASSED] - tap(findTestObject("MAE UAT new app/android.widget.TextView - 1"), 0): Tapped on element 'Object Repository/MAE UAT new app/android.widget.TextView - 1'

2023-07-17 17:20:37 - [MESSAGE][WARNING] - Timeout '0' is invalid. Using default page load timeout: '59'

2023-07-17 17:20:39 - [MESSAGE][PASSED] - Tapped on element 'Object Repository/MAE UAT new app/android.widget.TextView - 1'

2023-07-17 17:20:39 - [TEST_STEP][PASSED] - tap(findTestObject("MAE UAT new app/android.widget.TextView - 1"), 0): Tapped on element 'Object Repository/MAE UAT new app/android.widget.TextView - 1'

2023-07-17 17:20:39 - [MESSAGE][WARNING] - Timeout '0' is invalid. Using default page load timeout: '59'

2023-07-17 17:20:40 - [MESSAGE][PASSED] - Tapped on element 'Object Repository/MAE UAT new app/android.widget.TextView - 1'

2023-07-17 17:20:40 - [TEST_STEP][PASSED] - takeScreenshot(): Screenshot is taken

2023-07-17 17:20:41 - [MESSAGE][PASSED] - Screenshot is taken
[[ATTACHMENT|/Users/mosaj/Documents/GitHub/MAE-M2U-TestCloud/Reports/20230717_171812/MAE S2U no Firebase/20230717_171812/1689585640961.png]]

2023-07-17 17:20:41 - [TEST_STEP][PASSED] - tap(findTestObject("MAE UAT new app/android.widget.TextView - 1"), 0): Tapped on element 'Object Repository/MAE UAT new app/android.widget.TextView - 1'

2023-07-17 17:20:41 - [MESSAGE][WARNING] - Timeout '0' is invalid. Using default page load timeout: '59'

2023-07-17 17:20:42 - [MESSAGE][PASSED] - Tapped on element 'Object Repository/MAE UAT new app/android.widget.TextView - 1'

2023-07-17 17:20:42 - [TEST_STEP][PASSED] - tap(findTestObject("MAE UAT new app/android.widget.TextView - 1"), 0): Tapped on element 'Object Repository/MAE UAT new app/android.widget.TextView - 1'

2023-07-17 17:20:42 - [MESSAGE][WARNING] - Timeout '0' is invalid. Using default page load timeout: '59'

2023-07-17 17:20:44 - [MESSAGE][PASSED] - Tapped on element 'Object Repository/MAE UAT new app/android.widget.TextView - 1'

2023-07-17 17:20:44 - [TEST_STEP][PASSED] - tap(findTestObject("MAE UAT new app/android.widget.TextView - 1"), 0): Tapped on element 'Object Repository/MAE UAT new app/android.widget.TextView - 1'

2023-07-17 17:20:44 - [MESSAGE][WARNING] - Timeout '0' is invalid. Using default page load timeout: '59'

2023-07-17 17:20:46 - [MESSAGE][PASSED] - Tapped on element 'Object Repository/MAE UAT new app/android.widget.TextView - 1'

2023-07-17 17:20:46 - [TEST_STEP][PASSED] - tap(findTestObject("Object Repository/MAE UAT new app/android.widget.ImageView"), 0): Tapped on element 'Object Repository/MAE UAT new app/android.widget.ImageView'

2023-07-17 17:20:46 - [MESSAGE][WARNING] - Timeout '0' is invalid. Using default page load timeout: '59'

2023-07-17 17:20:47 - [MESSAGE][PASSED] - Tapped on element 'Object Repository/MAE UAT new app/android.widget.ImageView'

2023-07-17 17:20:47 - [TEST_STEP][PASSED] - getText(findTestObject("Object Repository/MAE UAT new app/android.widget.TextView - Confirm your 6-digit PIN"), 0): Text of element 'Object Repository/MAE UAT new app/android.widget.TextView - Confirm your 6-digit PIN' is: 'Confirm your 6-digit PIN'

2023-07-17 17:20:47 - [MESSAGE][WARNING] - Timeout '0' is invalid. Using default page load timeout: '59'

2023-07-17 17:20:48 - [MESSAGE][PASSED] - Text of element 'Object Repository/MAE UAT new app/android.widget.TextView - Confirm your 6-digit PIN' is: 'Confirm your 6-digit PIN'

2023-07-17 17:20:48 - [TEST_STEP][PASSED] - takeScreenshot(): Screenshot is taken

2023-07-17 17:20:49 - [MESSAGE][PASSED] - Screenshot is taken
[[ATTACHMENT|/Users/mosaj/Documents/GitHub/MAE-M2U-TestCloud/Reports/20230717_171812/MAE S2U no Firebase/20230717_171812/1689585648755.png]]

2023-07-17 17:20:49 - [TEST_STEP][PASSED] - tap(findTestObject("MAE UAT new app/android.widget.TextView - 1"), 0): Tapped on element 'Object Repository/MAE UAT new app/android.widget.TextView - 1'

2023-07-17 17:20:49 - [MESSAGE][WARNING] - Timeout '0' is invalid. Using default page load timeout: '59'

2023-07-17 17:20:49 - [MESSAGE][PASSED] - Tapped on element 'Object Repository/MAE UAT new app/android.widget.TextView - 1'

2023-07-17 17:20:49 - [TEST_STEP][PASSED] - tap(findTestObject("MAE UAT new app/android.widget.TextView - 1"), 0): Tapped on element 'Object Repository/MAE UAT new app/android.widget.TextView - 1'

2023-07-17 17:20:49 - [MESSAGE][WARNING] - Timeout '0' is invalid. Using default page load timeout: '59'

2023-07-17 17:20:51 - [MESSAGE][PASSED] - Tapped on element 'Object Repository/MAE UAT new app/android.widget.TextView - 1'

2023-07-17 17:20:51 - [TEST_STEP][PASSED] - tap(findTestObject("MAE UAT new app/android.widget.TextView - 1"), 0): Tapped on element 'Object Repository/MAE UAT new app/android.widget.TextView - 1'

2023-07-17 17:20:51 - [MESSAGE][WARNING] - Timeout '0' is invalid. Using default page load timeout: '59'

2023-07-17 17:20:52 - [MESSAGE][PASSED] - Tapped on element 'Object Repository/MAE UAT new app/android.widget.TextView - 1'

2023-07-17 17:20:52 - [TEST_STEP][PASSED] - tap(findTestObject("MAE UAT new app/android.widget.TextView - 1"), 0): Tapped on element 'Object Repository/MAE UAT new app/android.widget.TextView - 1'

2023-07-17 17:20:52 - [MESSAGE][WARNING] - Timeout '0' is invalid. Using default page load timeout: '59'

2023-07-17 17:20:54 - [MESSAGE][PASSED] - Tapped on element 'Object Repository/MAE UAT new app/android.widget.TextView - 1'

2023-07-17 17:20:54 - [TEST_STEP][PASSED] - tap(findTestObject("MAE UAT new app/android.widget.TextView - 1"), 0): Tapped on element 'Object Repository/MAE UAT new app/android.widget.TextView - 1'

2023-07-17 17:20:54 - [MESSAGE][WARNING] - Timeout '0' is invalid. Using default page load timeout: '59'

2023-07-17 17:20:56 - [MESSAGE][PASSED] - Tapped on element 'Object Repository/MAE UAT new app/android.widget.TextView - 1'

2023-07-17 17:20:56 - [TEST_STEP][PASSED] - tap(findTestObject("MAE UAT new app/android.widget.TextView - 1"), 0): Tapped on element 'Object Repository/MAE UAT new app/android.widget.TextView - 1'

2023-07-17 17:20:56 - [MESSAGE][WARNING] - Timeout '0' is invalid. Using default page load timeout: '59'

2023-07-17 17:20:58 - [MESSAGE][PASSED] - Tapped on element 'Object Repository/MAE UAT new app/android.widget.TextView - 1'

2023-07-17 17:20:58 - [TEST_STEP][PASSED] - tap(findTestObject("MAE UAT new app/android.widget.ImageView"), 0): Tapped on element 'Object Repository/MAE UAT new app/android.widget.ImageView'

2023-07-17 17:20:58 - [MESSAGE][WARNING] - Timeout '0' is invalid. Using default page load timeout: '59'

2023-07-17 17:20:59 - [MESSAGE][PASSED] - Tapped on element 'Object Repository/MAE UAT new app/android.widget.ImageView'

2023-07-17 17:20:59 - [TEST_STEP][PASSED] - getText(findTestObject("Object Repository/MAE UAT new app/android.widget.TextView - Set Up Later"), 0): Text of element 'Object Repository/MAE UAT new app/android.widget.TextView - Set Up Later' is: 'Set Up Later'

2023-07-17 17:20:59 - [MESSAGE][WARNING] - Timeout '0' is invalid. Using default page load timeout: '59'

2023-07-17 17:21:01 - [MESSAGE][PASSED] - Text of element 'Object Repository/MAE UAT new app/android.widget.TextView - Set Up Later' is: 'Set Up Later'

2023-07-17 17:21:01 - [TEST_STEP][PASSED] - takeScreenshot(): Screenshot is taken

2023-07-17 17:21:02 - [MESSAGE][PASSED] - Screenshot is taken
[[ATTACHMENT|/Users/mosaj/Documents/GitHub/MAE-M2U-TestCloud/Reports/20230717_171812/MAE S2U no Firebase/20230717_171812/1689585661917.png]]

2023-07-17 17:21:02 - [TEST_STEP][PASSED] - tap(findTestObject("MAE UAT new app/android.widget.TextView - Set Up Later"), 0): Tapped on element 'Object Repository/MAE UAT new app/android.widget.TextView - Set Up Later'

2023-07-17 17:21:02 - [MESSAGE][WARNING] - Timeout '0' is invalid. Using default page load timeout: '59'

2023-07-17 17:21:03 - [MESSAGE][PASSED] - Tapped on element 'Object Repository/MAE UAT new app/android.widget.TextView - Set Up Later'

2023-07-17 17:21:03 - [TEST_STEP][PASSED] - getText(findTestObject("Object Repository/MAE UAT new app/android.widget.TextView - Yes, Proceed"), 0): Text of element 'Object Repository/MAE UAT new app/android.widget.TextView - Yes, Proceed' is: 'Yes, Proceed'

2023-07-17 17:21:03 - [MESSAGE][WARNING] - Timeout '0' is invalid. Using default page load timeout: '59'

2023-07-17 17:21:03 - [MESSAGE][PASSED] - Text of element 'Object Repository/MAE UAT new app/android.widget.TextView - Yes, Proceed' is: 'Yes, Proceed'

2023-07-17 17:21:03 - [TEST_STEP][PASSED] - takeScreenshot(): Screenshot is taken

2023-07-17 17:21:04 - [MESSAGE][PASSED] - Screenshot is taken
[[ATTACHMENT|/Users/mosaj/Documents/GitHub/MAE-M2U-TestCloud/Reports/20230717_171812/MAE S2U no Firebase/20230717_171812/1689585663761.png]]

2023-07-17 17:21:04 - [TEST_STEP][PASSED] - tap(findTestObject("MAE UAT new app/android.widget.TextView - Yes, Proceed"), 0): Tapped on element 'Object Repository/MAE UAT new app/android.widget.TextView - Yes, Proceed'

2023-07-17 17:21:04 - [MESSAGE][WARNING] - Timeout '0' is invalid. Using default page load timeout: '59'

2023-07-17 17:21:04 - [MESSAGE][PASSED] - Tapped on element 'Object Repository/MAE UAT new app/android.widget.TextView - Yes, Proceed'

2023-07-17 17:21:04 - [TEST_STEP][PASSED] - OTP = getText(findTestObject("Object Repository/Login Onboarding/Your OTP no. is 2"), 0): Text of element 'Object Repository/Login Onboarding/Your OTP no. is 2' is: 'Your OTP no. is 032228'

2023-07-17 17:21:04 - [MESSAGE][WARNING] - Timeout '0' is invalid. Using default page load timeout: '59'

2023-07-17 17:21:06 - [MESSAGE][PASSED] - Text of element 'Object Repository/Login Onboarding/Your OTP no. is 2' is: 'Your OTP no. is 032228'

2023-07-17 17:21:06 - [TEST_STEP][PASSED] - delay(2): Delayed 2 second(s)

2023-07-17 17:21:08 - [MESSAGE][PASSED] - Delayed 2 second(s)

2023-07-17 17:21:08 - [TEST_STEP][PASSED] - for ([i = 16, i <= 21, (i++)]): Tapped on element 'Object Repository/Text'

2023-07-17 17:21:08 - [TEST_STEP][PASSED] - TapNo = OTP[i]: null

2023-07-17 17:21:08 - [TEST_STEP][PASSED] - tap(findTestObject("Text", ["Verify":TapNo]), 0): Tapped on element 'Object Repository/Text'

2023-07-17 17:21:08 - [MESSAGE][WARNING] - Timeout '0' is invalid. Using default page load timeout: '59'

2023-07-17 17:21:09 - [MESSAGE][PASSED] - Tapped on element 'Object Repository/Text'

2023-07-17 17:21:09 - [TEST_STEP][PASSED] - TapNo = OTP[i]: null

2023-07-17 17:21:09 - [TEST_STEP][PASSED] - tap(findTestObject("Text", ["Verify":TapNo]), 0): Tapped on element 'Object Repository/Text'

2023-07-17 17:21:09 - [MESSAGE][WARNING] - Timeout '0' is invalid. Using default page load timeout: '59'

2023-07-17 17:21:11 - [MESSAGE][PASSED] - Tapped on element 'Object Repository/Text'

2023-07-17 17:21:11 - [TEST_STEP][PASSED] - TapNo = OTP[i]: null

2023-07-17 17:21:11 - [TEST_STEP][PASSED] - tap(findTestObject("Text", ["Verify":TapNo]), 0): Tapped on element 'Object Repository/Text'

2023-07-17 17:21:11 - [MESSAGE][WARNING] - Timeout '0' is invalid. Using default page load timeout: '59'

2023-07-17 17:21:13 - [MESSAGE][PASSED] - Tapped on element 'Object Repository/Text'

2023-07-17 17:21:13 - [TEST_STEP][PASSED] - TapNo = OTP[i]: null

2023-07-17 17:21:13 - [TEST_STEP][PASSED] - tap(findTestObject("Text", ["Verify":TapNo]), 0): Tapped on element 'Object Repository/Text'

2023-07-17 17:21:13 - [MESSAGE][WARNING] - Timeout '0' is invalid. Using default page load timeout: '59'

2023-07-17 17:21:15 - [MESSAGE][PASSED] - Tapped on element 'Object Repository/Text'

2023-07-17 17:21:15 - [TEST_STEP][PASSED] - TapNo = OTP[i]: null

2023-07-17 17:21:15 - [TEST_STEP][PASSED] - tap(findTestObject("Text", ["Verify":TapNo]), 0): Tapped on element 'Object Repository/Text'

2023-07-17 17:21:15 - [MESSAGE][WARNING] - Timeout '0' is invalid. Using default page load timeout: '59'

2023-07-17 17:21:17 - [MESSAGE][PASSED] - Tapped on element 'Object Repository/Text'

2023-07-17 17:21:17 - [TEST_STEP][PASSED] - TapNo = OTP[i]: null

2023-07-17 17:21:17 - [TEST_STEP][PASSED] - tap(findTestObject("Text", ["Verify":TapNo]), 0): Tapped on element 'Object Repository/Text'

2023-07-17 17:21:17 - [MESSAGE][WARNING] - Timeout '0' is invalid. Using default page load timeout: '59'

2023-07-17 17:21:19 - [MESSAGE][PASSED] - Tapped on element 'Object Repository/Text'

2023-07-17 17:21:19 - [TEST_STEP][PASSED] - takeScreenshot(): Screenshot is taken

2023-07-17 17:21:19 - [MESSAGE][PASSED] - Screenshot is taken
[[ATTACHMENT|/Users/mosaj/Documents/GitHub/MAE-M2U-TestCloud/Reports/20230717_171812/MAE S2U no Firebase/20230717_171812/1689585679440.png]]

2023-07-17 17:21:19 - [TEST_STEP][PASSED] - delay(3): Delayed 3 second(s)

2023-07-17 17:21:22 - [MESSAGE][PASSED] - Delayed 3 second(s)

2023-07-17 17:21:22 - [TEST_STEP][PASSED] - tap(findTestObject("Object Repository/Dynamic Object/Tap Image Following 2", ["text":"0"]), 0): Tapped on element 'Object Repository/Dynamic Object/Tap Image Following 2'

2023-07-17 17:21:22 - [MESSAGE][WARNING] - Timeout '0' is invalid. Using default page load timeout: '59'

2023-07-17 17:21:23 - [MESSAGE][PASSED] - Tapped on element 'Object Repository/Dynamic Object/Tap Image Following 2'

2023-07-17 17:21:23 - [TEST_STEP][PASSED] - delay(3): Delayed 3 second(s)

2023-07-17 17:21:26 - [MESSAGE][PASSED] - Delayed 3 second(s)

2023-07-17 17:21:26 - [TEST_STEP][PASSED] - takeScreenshot(): Screenshot is taken

2023-07-17 17:21:27 - [MESSAGE][PASSED] - Screenshot is taken
[[ATTACHMENT|/Users/mosaj/Documents/GitHub/MAE-M2U-TestCloud/Reports/20230717_171812/MAE S2U no Firebase/20230717_171812/1689585686781.png]]

2023-07-17 17:21:27 - [TEST_STEP][PASSED] - getText(findTestObject("Object Repository/MAE UAT new app/android.widget.EditText - Enter your name"), 0): Text of element 'Object Repository/MAE UAT new app/android.widget.EditText - Enter your name' is: 'Enter your name'

2023-07-17 17:21:27 - [MESSAGE][WARNING] - Timeout '0' is invalid. Using default page load timeout: '59'

2023-07-17 17:21:27 - [MESSAGE][PASSED] - Text of element 'Object Repository/MAE UAT new app/android.widget.EditText - Enter your name' is: 'Enter your name'

2023-07-17 17:21:27 - [TEST_STEP][PASSED] - setText(findTestObject("MAE UAT new app/android.widget.EditText - Enter your name"), "Mosaj", 0): Text 'Mosaj' has been set to element 'Object Repository/MAE UAT new app/android.widget.EditText - Enter your name'

2023-07-17 17:21:27 - [MESSAGE][WARNING] - Timeout '0' is invalid. Using default page load timeout: '59'

2023-07-17 17:21:28 - [MESSAGE][PASSED] - Text 'Mosaj' has been set to element 'Object Repository/MAE UAT new app/android.widget.EditText - Enter your name'

2023-07-17 17:21:28 - [TEST_STEP][PASSED] - hideKeyboard(): Keyboard is hidden

2023-07-17 17:21:29 - [MESSAGE][PASSED] - Keyboard is hidden

2023-07-17 17:21:29 - [TEST_STEP][PASSED] - getText(findTestObject("MAE UAT new app/android.widget.TextView - Continue (1)"), 0): Text of element 'Object Repository/MAE UAT new app/android.widget.TextView - Continue (1)' is: 'Continue'

2023-07-17 17:21:29 - [MESSAGE][WARNING] - Timeout '0' is invalid. Using default page load timeout: '59'

2023-07-17 17:21:29 - [MESSAGE][PASSED] - Text of element 'Object Repository/MAE UAT new app/android.widget.TextView - Continue (1)' is: 'Continue'

2023-07-17 17:21:29 - [TEST_STEP][PASSED] - tap(findTestObject("MAE UAT new app/android.widget.TextView - Continue (1)"), 0): Tapped on element 'Object Repository/MAE UAT new app/android.widget.TextView - Continue (1)'

2023-07-17 17:21:29 - [MESSAGE][WARNING] - Timeout '0' is invalid. Using default page load timeout: '59'

2023-07-17 17:21:29 - [MESSAGE][PASSED] - Tapped on element 'Object Repository/MAE UAT new app/android.widget.TextView - Continue (1)'

2023-07-17 17:21:29 - [TEST_STEP][PASSED] - getText(findTestObject("SPY MAE without firebase/CASA account"), 0): Text of element 'Object Repository/SPY MAE without firebase/CASA account' is: 'Current Account-i'

2023-07-17 17:21:29 - [MESSAGE][WARNING] - Timeout '0' is invalid. Using default page load timeout: '59'

2023-07-17 17:21:31 - [MESSAGE][PASSED] - Text of element 'Object Repository/SPY MAE without firebase/CASA account' is: 'Current Account-i'

2023-07-17 17:21:31 - [TEST_STEP][PASSED] - tap(findTestObject("Object Repository/MAE UAT new app/android.widget.ImageView (1)"), 0): Tapped on element 'Object Repository/MAE UAT new app/android.widget.ImageView (1)'

2023-07-17 17:21:31 - [MESSAGE][WARNING] - Timeout '0' is invalid. Using default page load timeout: '59'

2023-07-17 17:21:31 - [MESSAGE][PASSED] - Tapped on element 'Object Repository/MAE UAT new app/android.widget.ImageView (1)'

2023-07-17 17:21:31 - [TEST_STEP][PASSED] - getText(findTestObject("SPY MAE without firebase/CASA account number"), 0): Text of element 'Object Repository/SPY MAE without firebase/CASA account number' is: '5623 6601 0785'

2023-07-17 17:21:31 - [MESSAGE][WARNING] - Timeout '0' is invalid. Using default page load timeout: '59'

2023-07-17 17:21:32 - [MESSAGE][PASSED] - Text of element 'Object Repository/SPY MAE without firebase/CASA account number' is: '5623 6601 0785'

2023-07-17 17:21:32 - [TEST_STEP][PASSED] - getText(findTestObject("Object Repository/MAE UAT new app/android.widget.TextView - Next (2)"), 0): Text of element 'Object Repository/MAE UAT new app/android.widget.TextView - Next (2)' is: 'Next'

2023-07-17 17:21:32 - [MESSAGE][WARNING] - Timeout '0' is invalid. Using default page load timeout: '59'

2023-07-17 17:21:32 - [MESSAGE][PASSED] - Text of element 'Object Repository/MAE UAT new app/android.widget.TextView - Next (2)' is: 'Next'

2023-07-17 17:21:32 - [TEST_STEP][PASSED] - tap(findTestObject("Object Repository/MAE UAT new app/android.widget.TextView - Next (2)"), 0): Tapped on element 'Object Repository/MAE UAT new app/android.widget.TextView - Next (2)'

2023-07-17 17:21:32 - [MESSAGE][WARNING] - Timeout '0' is invalid. Using default page load timeout: '59'

2023-07-17 17:21:32 - [MESSAGE][PASSED] - Tapped on element 'Object Repository/MAE UAT new app/android.widget.TextView - Next (2)'

2023-07-17 17:21:32 - [TEST_STEP][PASSED] - delay(5): Delayed 5 second(s)

2023-07-17 17:21:37 - [MESSAGE][PASSED] - Delayed 5 second(s)

2023-07-17 17:21:37 - [TEST_STEP][PASSED] - getText(findTestObject("SPY MAE without firebase/NEXT your enhanced exp"), 0): Text of element 'Object Repository/SPY MAE without firebase/NEXT your enhanced exp' is: 'Next'

2023-07-17 17:21:37 - [MESSAGE][WARNING] - Timeout '0' is invalid. Using default page load timeout: '59'

2023-07-17 17:21:38 - [MESSAGE][PASSED] - Text of element 'Object Repository/SPY MAE without firebase/NEXT your enhanced exp' is: 'Next'

2023-07-17 17:21:38 - [TEST_STEP][PASSED] - delay(15): Delayed 15 second(s)

2023-07-17 17:21:53 - [MESSAGE][PASSED] - Delayed 15 second(s)

2023-07-17 17:21:53 - [TEST_STEP][PASSED] - getText(findTestObject("SPY MAE without firebase/spy 2/Next 1 post onboard"), 0): Text of element 'Object Repository/SPY MAE without firebase/spy 2/Next 1 post onboard' is: 'Next'

2023-07-17 17:21:53 - [MESSAGE][WARNING] - Timeout '0' is invalid. Using default page load timeout: '59'

2023-07-17 17:21:53 - [MESSAGE][PASSED] - Text of element 'Object Repository/SPY MAE without firebase/spy 2/Next 1 post onboard' is: 'Next'

2023-07-17 17:21:53 - [TEST_STEP][PASSED] - tap(findTestObject("SPY MAE without firebase/spy 2/Next 1 post onboard"), 0): Tapped on element 'Object Repository/SPY MAE without firebase/spy 2/Next 1 post onboard'

2023-07-17 17:21:53 - [MESSAGE][WARNING] - Timeout '0' is invalid. Using default page load timeout: '59'

2023-07-17 17:21:53 - [MESSAGE][PASSED] - Tapped on element 'Object Repository/SPY MAE without firebase/spy 2/Next 1 post onboard'

2023-07-17 17:21:53 - [TEST_STEP][PASSED] - getText(findTestObject("SPY MAE without firebase/spy 2/Next 1 post onboard"), 0): Text of element 'Object Repository/SPY MAE without firebase/spy 2/Next 1 post onboard' is: 'Next'

2023-07-17 17:21:53 - [MESSAGE][WARNING] - Timeout '0' is invalid. Using default page load timeout: '59'

2023-07-17 17:21:54 - [MESSAGE][PASSED] - Text of element 'Object Repository/SPY MAE without firebase/spy 2/Next 1 post onboard' is: 'Next'

2023-07-17 17:21:54 - [TEST_STEP][PASSED] - tap(findTestObject("SPY MAE without firebase/spy 2/Next 1 post onboard"), 0): Tapped on element 'Object Repository/SPY MAE without firebase/spy 2/Next 1 post onboard'

2023-07-17 17:21:54 - [MESSAGE][WARNING] - Timeout '0' is invalid. Using default page load timeout: '59'

2023-07-17 17:21:54 - [MESSAGE][PASSED] - Tapped on element 'Object Repository/SPY MAE without firebase/spy 2/Next 1 post onboard'

2023-07-17 17:21:54 - [TEST_STEP][PASSED] - getText(findTestObject("SPY MAE without firebase/spy 2/Next 1 post onboard"), 0): Text of element 'Object Repository/SPY MAE without firebase/spy 2/Next 1 post onboard' is: 'Next'

2023-07-17 17:21:54 - [MESSAGE][WARNING] - Timeout '0' is invalid. Using default page load timeout: '59'

2023-07-17 17:21:55 - [MESSAGE][PASSED] - Text of element 'Object Repository/SPY MAE without firebase/spy 2/Next 1 post onboard' is: 'Next'

2023-07-17 17:21:55 - [TEST_STEP][PASSED] - tap(findTestObject("SPY MAE without firebase/spy 2/Next 1 post onboard"), 0): Tapped on element 'Object Repository/SPY MAE without firebase/spy 2/Next 1 post onboard'

2023-07-17 17:21:55 - [MESSAGE][WARNING] - Timeout '0' is invalid. Using default page load timeout: '59'

2023-07-17 17:21:55 - [MESSAGE][PASSED] - Tapped on element 'Object Repository/SPY MAE without firebase/spy 2/Next 1 post onboard'

2023-07-17 17:21:55 - [TEST_STEP][PASSED] - getText(findTestObject("SPY MAE without firebase/spy 2/Next 1 post onboard"), 0): Text of element 'Object Repository/SPY MAE without firebase/spy 2/Next 1 post onboard' is: 'Next'

2023-07-17 17:21:55 - [MESSAGE][WARNING] - Timeout '0' is invalid. Using default page load timeout: '59'

2023-07-17 17:21:56 - [MESSAGE][PASSED] - Text of element 'Object Repository/SPY MAE without firebase/spy 2/Next 1 post onboard' is: 'Next'

2023-07-17 17:21:56 - [TEST_STEP][PASSED] - tap(findTestObject("SPY MAE without firebase/spy 2/Next 1 post onboard"), 0): Tapped on element 'Object Repository/SPY MAE without firebase/spy 2/Next 1 post onboard'

2023-07-17 17:21:56 - [MESSAGE][WARNING] - Timeout '0' is invalid. Using default page load timeout: '59'

2023-07-17 17:21:56 - [MESSAGE][PASSED] - Tapped on element 'Object Repository/SPY MAE without firebase/spy 2/Next 1 post onboard'

2023-07-17 17:21:56 - [TEST_STEP][PASSED] - getText(findTestObject("SPY MAE without firebase/spy 2/Got It"), 0): Text of element 'Object Repository/SPY MAE without firebase/spy 2/Got It' is: 'Got It'

2023-07-17 17:21:56 - [MESSAGE][WARNING] - Timeout '0' is invalid. Using default page load timeout: '59'

2023-07-17 17:21:57 - [MESSAGE][PASSED] - Text of element 'Object Repository/SPY MAE without firebase/spy 2/Got It' is: 'Got It'

2023-07-17 17:21:57 - [TEST_STEP][PASSED] - tap(findTestObject("SPY MAE without firebase/spy 2/Got It"), 0): Tapped on element 'Object Repository/SPY MAE without firebase/spy 2/Got It'

2023-07-17 17:21:57 - [MESSAGE][WARNING] - Timeout '0' is invalid. Using default page load timeout: '59'

2023-07-17 17:21:57 - [MESSAGE][PASSED] - Tapped on element 'Object Repository/SPY MAE without firebase/spy 2/Got It'

2023-07-17 17:21:57 - [TEST_STEP][PASSED] - getText(findTestObject("Object Repository/MAE UAT new app/android.widget.TextView - Skip"), 0): Text of element 'Object Repository/MAE UAT new app/android.widget.TextView - Skip' is: 'Skip'

2023-07-17 17:21:57 - [MESSAGE][WARNING] - Timeout '0' is invalid. Using default page load timeout: '59'

2023-07-17 17:21:58 - [MESSAGE][PASSED] - Text of element 'Object Repository/MAE UAT new app/android.widget.TextView - Skip' is: 'Skip'

2023-07-17 17:21:58 - [TEST_STEP][PASSED] - tap(findTestObject("Object Repository/MAE UAT new app/android.widget.TextView - Skip"), 0): Tapped on element 'Object Repository/MAE UAT new app/android.widget.TextView - Skip'

2023-07-17 17:21:58 - [MESSAGE][WARNING] - Timeout '0' is invalid. Using default page load timeout: '59'

2023-07-17 17:21:58 - [MESSAGE][PASSED] - Tapped on element 'Object Repository/MAE UAT new app/android.widget.TextView - Skip'

2023-07-17 17:21:58 - [TEST_STEP][PASSED] - getText(findTestObject("Object Repository/MAE UAT new app/android.widget.TextView - Set Up Successful"), 0): Text of element 'Object Repository/MAE UAT new app/android.widget.TextView - Set Up Successful' is: 'Set Up Successful'

2023-07-17 17:21:58 - [MESSAGE][WARNING] - Timeout '0' is invalid. Using default page load timeout: '59'

2023-07-17 17:22:00 - [MESSAGE][PASSED] - Text of element 'Object Repository/MAE UAT new app/android.widget.TextView - Set Up Successful' is: 'Set Up Successful'

2023-07-17 17:22:00 - [TEST_STEP][PASSED] - getText(findTestObject("Object Repository/MAE UAT new app/android.widget.TextView - Done"), 0): Text of element 'Object Repository/MAE UAT new app/android.widget.TextView - Done' is: 'Done'

2023-07-17 17:22:00 - [MESSAGE][WARNING] - Timeout '0' is invalid. Using default page load timeout: '59'

2023-07-17 17:22:00 - [MESSAGE][PASSED] - Text of element 'Object Repository/MAE UAT new app/android.widget.TextView - Done' is: 'Done'

2023-07-17 17:22:00 - [TEST_STEP][PASSED] - tap(findTestObject("Object Repository/MAE UAT new app/android.widget.TextView - Done"), 0): Tapped on element 'Object Repository/MAE UAT new app/android.widget.TextView - Done'

2023-07-17 17:22:00 - [MESSAGE][WARNING] - Timeout '0' is invalid. Using default page load timeout: '59'

2023-07-17 17:22:00 - [MESSAGE][PASSED] - Tapped on element 'Object Repository/MAE UAT new app/android.widget.TextView - Done'

2023-07-17 17:22:01 - [TEST_STEP][PASSED] - getText(findTestObject("Object Repository/MAE UAT new app/android.widget.TextView - Mosaj"), 0): Text of element 'Object Repository/MAE UAT new app/android.widget.TextView - Mosaj' is: 'Mosaj'

2023-07-17 17:22:01 - [MESSAGE][WARNING] - Timeout '0' is invalid. Using default page load timeout: '59'

2023-07-17 17:22:02 - [MESSAGE][PASSED] - Text of element 'Object Repository/MAE UAT new app/android.widget.TextView - Mosaj' is: 'Mosaj'

2023-07-17 17:22:02 - [TEST_STEP][PASSED] - getText(findTestObject("Object Repository/MAE UAT new app/android.widget.TextView - Hello,"), 0): Text of element 'Object Repository/MAE UAT new app/android.widget.TextView - Hello,' is: 'Hello,'

2023-07-17 17:22:02 - [MESSAGE][WARNING] - Timeout '0' is invalid. Using default page load timeout: '59'

2023-07-17 17:22:02 - [MESSAGE][PASSED] - Text of element 'Object Repository/MAE UAT new app/android.widget.TextView - Hello,' is: 'Hello,'

2023-07-17 17:22:02 - [TEST_STEP][PASSED] - getText(findTestObject("Object Repository/MAE UAT new app/android.widget.TextView - View All Accounts"), 0): Text of element 'Object Repository/MAE UAT new app/android.widget.TextView - View All Accounts' is: 'View All Accounts'

2023-07-17 17:22:03 - [MESSAGE][WARNING] - Timeout '0' is invalid. Using default page load timeout: '59'

2023-07-17 17:22:03 - [MESSAGE][PASSED] - Text of element 'Object Repository/MAE UAT new app/android.widget.TextView - View All Accounts' is: 'View All Accounts']]></system-out>
         <system-err><![CDATA[2023-07-17 17:18:27 - [TEST_CASE][FAILED] - Test Cases/Mobile TC/MAE UAT Onboarding new app: Test Cases/Mobile TC/MAE UAT Onboarding new app FAILED.
Reason:
com.kms.katalon.core.exception.StepFailedException: Element 'Object Repository/SPY MAE without firebase/Proceed' not found
	at com.kms.katalon.core.keyword.internal.KeywordMain.stepFailed(KeywordMain.groovy:39)
	at com.kms.katalon.core.mobile.keyword.internal.MobileKeywordMain.stepFailed(MobileKeywordMain.groovy:40)
	at com.kms.katalon.core.mobile.keyword.builtin.VerifyElementTextKeyword$_verifyElementText_closure1.doCall(VerifyElementTextKeyword.groovy:49)
	at com.kms.katalon.core.mobile.keyword.builtin.VerifyElementTextKeyword$_verifyElementText_closure1.call(VerifyElementTextKeyword.groovy)
	at com.kms.katalon.core.mobile.keyword.internal.MobileKeywordMain.runKeyword(MobileKeywordMain.groovy:21)
	at com.kms.katalon.core.mobile.keyword.builtin.VerifyElementTextKeyword.verifyElementText(VerifyElementTextKeyword.groovy:62)
	at com.kms.katalon.core.mobile.keyword.builtin.VerifyElementTextKeyword.execute(VerifyElementTextKeyword.groovy:39)
	at com.kms.katalon.core.keyword.internal.KeywordExecutor.executeKeywordForPlatform(KeywordExecutor.groovy:74)
	at com.kms.katalon.core.mobile.keyword.MobileBuiltInKeywords.verifyElementText(MobileBuiltInKeywords.groovy:2901)
	at com.kms.katalon.core.mobile.keyword.MobileBuiltInKeywords$verifyElementText$5.call(Unknown Source)
	at MAE UAT Onboarding new app.run(MAE UAT Onboarding new app:88)
	at com.kms.katalon.core.main.ScriptEngine.run(ScriptEngine.java:194)
	at com.kms.katalon.core.main.ScriptEngine.runScriptAsRawText(ScriptEngine.java:119)
	at com.kms.katalon.core.main.TestCaseExecutor.runScript(TestCaseExecutor.java:448)
	at com.kms.katalon.core.main.TestCaseExecutor.doExecute(TestCaseExecutor.java:439)
	at com.kms.katalon.core.main.TestCaseExecutor.processExecutionPhase(TestCaseExecutor.java:418)
	at com.kms.katalon.core.main.TestCaseExecutor.accessMainPhase(TestCaseExecutor.java:410)
	at com.kms.katalon.core.main.TestCaseExecutor.execute(TestCaseExecutor.java:285)
	at com.kms.katalon.core.common.CommonExecutor.accessTestCaseMainPhase(CommonExecutor.java:65)
	at com.kms.katalon.core.main.TestSuiteExecutor.accessTestSuiteMainPhase(TestSuiteExecutor.java:148)
	at com.kms.katalon.core.main.TestSuiteExecutor.execute(TestSuiteExecutor.java:106)
	at com.kms.katalon.core.main.TestCaseMain.startTestSuite(TestCaseMain.java:187)
	at com.kms.katalon.core.main.TestCaseMain$startTestSuite$0.call(Unknown Source)
	at TempTestSuite1689585492117.run(TempTestSuite1689585492117.groovy:36)]]></system-err>
      </testcase>
      <testcase name="Test Cases/Login Onboard/secure2u registration" time="279.87" classname="Test Cases/Login Onboard/secure2u registration" status="FAILED">
         <failure type="FAILED" message="Test Cases/Login Onboard/secure2u registration FAILED.
Reason:
com.kms.katalon.core.exception.StepFailedException: Element 'Object Repository/SPY MAE without firebase/spy3/Are you sure you want to quit the app' not found
	at com.kms.katalon.core.keyword.internal.KeywordMain.stepFailed(KeywordMain.groovy:39)
	at com.kms.katalon.core.mobile.keyword.internal.MobileKeywordMain.stepFailed(MobileKeywordMain.groovy:40)
	at com.kms.katalon.core.mobile.keyword.builtin.VerifyElementTextKeyword$_verifyElementText_closure1.doCall(VerifyElementTextKeyword.groovy:49)
	at com.kms.katalon.core.mobile.keyword.builtin.VerifyElementTextKeyword$_verifyElementText_closure1.call(VerifyElementTextKeyword.groovy)
	at com.kms.katalon.core.mobile.keyword.internal.MobileKeywordMain.runKeyword(MobileKeywordMain.groovy:21)
	at com.kms.katalon.core.mobile.keyword.builtin.VerifyElementTextKeyword.verifyElementText(VerifyElementTextKeyword.groovy:62)
	at com.kms.katalon.core.mobile.keyword.builtin.VerifyElementTextKeyword.execute(VerifyElementTextKeyword.groovy:39)
	at com.kms.katalon.core.keyword.internal.KeywordExecutor.executeKeywordForPlatform(KeywordExecutor.groovy:74)
	at com.kms.katalon.core.mobile.keyword.MobileBuiltInKeywords.verifyElementText(MobileBuiltInKeywords.groovy:2901)
	at com.kms.katalon.core.mobile.keyword.MobileBuiltInKeywords$verifyElementText$5.call(Unknown Source)
	at secure2u registration.run(secure2u registration:157)
	at com.kms.katalon.core.main.ScriptEngine.run(ScriptEngine.java:194)
	at com.kms.katalon.core.main.ScriptEngine.runScriptAsRawText(ScriptEngine.java:119)
	at com.kms.katalon.core.main.TestCaseExecutor.runScript(TestCaseExecutor.java:448)
	at com.kms.katalon.core.main.TestCaseExecutor.doExecute(TestCaseExecutor.java:439)
	at com.kms.katalon.core.main.TestCaseExecutor.processExecutionPhase(TestCaseExecutor.java:418)
	at com.kms.katalon.core.main.TestCaseExecutor.accessMainPhase(TestCaseExecutor.java:410)
	at com.kms.katalon.core.main.TestCaseExecutor.execute(TestCaseExecutor.java:285)
	at com.kms.katalon.core.common.CommonExecutor.accessTestCaseMainPhase(CommonExecutor.java:65)
	at com.kms.katalon.core.main.TestSuiteExecutor.accessTestSuiteMainPhase(TestSuiteExecutor.java:148)
	at com.kms.katalon.core.main.TestSuiteExecutor.execute(TestSuiteExecutor.java:106)
	at com.kms.katalon.core.main.TestCaseMain.startTestSuite(TestCaseMain.java:187)
	at com.kms.katalon.core.main.TestCaseMain$startTestSuite$0.call(Unknown Source)
	at TempTestSuite1689585492117.run(TempTestSuite1689585492117.groovy:36)
"/>
         <system-out><![CDATA[2023-07-17 17:22:03 - [TEST_CASE][FAILED] - Test Cases/Login Onboard/secure2u registration: Test Cases/Login Onboard/secure2u registration FAILED.
Reason:
com.kms.katalon.core.exception.StepFailedException: Element 'Object Repository/SPY MAE without firebase/spy3/Are you sure you want to quit the app' not found
	at com.kms.katalon.core.keyword.internal.KeywordMain.stepFailed(KeywordMain.groovy:39)
	at com.kms.katalon.core.mobile.keyword.internal.MobileKeywordMain.stepFailed(MobileKeywordMain.groovy:40)
	at com.kms.katalon.core.mobile.keyword.builtin.VerifyElementTextKeyword$_verifyElementText_closure1.doCall(VerifyElementTextKeyword.groovy:49)
	at com.kms.katalon.core.mobile.keyword.builtin.VerifyElementTextKeyword$_verifyElementText_closure1.call(VerifyElementTextKeyword.groovy)
	at com.kms.katalon.core.mobile.keyword.internal.MobileKeywordMain.runKeyword(MobileKeywordMain.groovy:21)
	at com.kms.katalon.core.mobile.keyword.builtin.VerifyElementTextKeyword.verifyElementText(VerifyElementTextKeyword.groovy:62)
	at com.kms.katalon.core.mobile.keyword.builtin.VerifyElementTextKeyword.execute(VerifyElementTextKeyword.groovy:39)
	at com.kms.katalon.core.keyword.internal.KeywordExecutor.executeKeywordForPlatform(KeywordExecutor.groovy:74)
	at com.kms.katalon.core.mobile.keyword.MobileBuiltInKeywords.verifyElementText(MobileBuiltInKeywords.groovy:2901)
	at com.kms.katalon.core.mobile.keyword.MobileBuiltInKeywords$verifyElementText$5.call(Unknown Source)
	at secure2u registration.run(secure2u registration:157)
	at com.kms.katalon.core.main.ScriptEngine.run(ScriptEngine.java:194)
	at com.kms.katalon.core.main.ScriptEngine.runScriptAsRawText(ScriptEngine.java:119)
	at com.kms.katalon.core.main.TestCaseExecutor.runScript(TestCaseExecutor.java:448)
	at com.kms.katalon.core.main.TestCaseExecutor.doExecute(TestCaseExecutor.java:439)
	at com.kms.katalon.core.main.TestCaseExecutor.processExecutionPhase(TestCaseExecutor.java:418)
	at com.kms.katalon.core.main.TestCaseExecutor.accessMainPhase(TestCaseExecutor.java:410)
	at com.kms.katalon.core.main.TestCaseExecutor.execute(TestCaseExecutor.java:285)
	at com.kms.katalon.core.common.CommonExecutor.accessTestCaseMainPhase(CommonExecutor.java:65)
	at com.kms.katalon.core.main.TestSuiteExecutor.accessTestSuiteMainPhase(TestSuiteExecutor.java:148)
	at com.kms.katalon.core.main.TestSuiteExecutor.execute(TestSuiteExecutor.java:106)
	at com.kms.katalon.core.main.TestCaseMain.startTestSuite(TestCaseMain.java:187)
	at com.kms.katalon.core.main.TestCaseMain$startTestSuite$0.call(Unknown Source)
	at TempTestSuite1689585492117.run(TempTestSuite1689585492117.groovy:36)


2023-07-17 17:22:03 - [TEST_STEP][PASSED] - getText(findTestObject("Transfer/android.widget.TextView - Secure2u"), 0): Text of element 'Object Repository/Transfer/android.widget.TextView - Secure2u' is: 'Secure2u'

2023-07-17 17:22:04 - [MESSAGE][WARNING] - Timeout '0' is invalid. Using default page load timeout: '59'

2023-07-17 17:22:05 - [MESSAGE][PASSED] - Text of element 'Object Repository/Transfer/android.widget.TextView - Secure2u' is: 'Secure2u'

2023-07-17 17:22:05 - [TEST_STEP][PASSED] - tap(findTestObject("Transfer/android.widget.TextView - Secure2u"), 0): Tapped on element 'Object Repository/Transfer/android.widget.TextView - Secure2u'

2023-07-17 17:22:05 - [MESSAGE][WARNING] - Timeout '0' is invalid. Using default page load timeout: '59'

2023-07-17 17:22:06 - [MESSAGE][PASSED] - Tapped on element 'Object Repository/Transfer/android.widget.TextView - Secure2u'

2023-07-17 17:22:06 - [TEST_STEP][PASSED] - takeScreenshot(): Screenshot is taken

2023-07-17 17:22:06 - [MESSAGE][PASSED] - Screenshot is taken
[[ATTACHMENT|/Users/mosaj/Documents/GitHub/MAE-M2U-TestCloud/Reports/20230717_171812/MAE S2U no Firebase/20230717_171812/1689585726412.png]]

2023-07-17 17:22:06 - [TEST_STEP][PASSED] - getText(findTestObject("Object Repository/s2u registration/android.widget.TextView - Activate Now"), 0): Text of element 'Object Repository/s2u registration/android.widget.TextView - Activate Now' is: 'Activate Now'

2023-07-17 17:22:07 - [MESSAGE][WARNING] - Timeout '0' is invalid. Using default page load timeout: '59'

2023-07-17 17:22:07 - [MESSAGE][PASSED] - Text of element 'Object Repository/s2u registration/android.widget.TextView - Activate Now' is: 'Activate Now'

2023-07-17 17:22:07 - [TEST_STEP][PASSED] - takeScreenshot(): Screenshot is taken

2023-07-17 17:22:08 - [MESSAGE][PASSED] - Screenshot is taken
[[ATTACHMENT|/Users/mosaj/Documents/GitHub/MAE-M2U-TestCloud/Reports/20230717_171812/MAE S2U no Firebase/20230717_171812/1689585727944.png]]

2023-07-17 17:22:08 - [TEST_STEP][PASSED] - tap(findTestObject("s2u registration/android.widget.TextView - Activate Now"), 0): Tapped on element 'Object Repository/s2u registration/android.widget.TextView - Activate Now'

2023-07-17 17:22:08 - [MESSAGE][WARNING] - Timeout '0' is invalid. Using default page load timeout: '59'

2023-07-17 17:22:08 - [MESSAGE][PASSED] - Tapped on element 'Object Repository/s2u registration/android.widget.TextView - Activate Now'

2023-07-17 17:22:08 - [TEST_STEP][PASSED] - delay(2): Delayed 2 second(s)

2023-07-17 17:22:10 - [MESSAGE][PASSED] - Delayed 2 second(s)

2023-07-17 17:22:10 - [TEST_STEP][PASSED] - verifyElementText(findTestObject("Object Repository/cloud device PIN registration/android.widget.TextView - Proceed"), "Proceed"): Actual text and expected text of test object 'Object Repository/cloud device PIN registration/android.widget.TextView - Proceed' are matched.

2023-07-17 17:22:10 - [MESSAGE][PASSED] - Actual text and expected text of test object 'Object Repository/cloud device PIN registration/android.widget.TextView - Proceed' are matched.

2023-07-17 17:22:10 - [TEST_STEP][PASSED] - if (verifyElementText(findTestObject("Object Repository/cloud device PIN registration/android.widget.TextView - Proceed"), "Proceed") == true): null

2023-07-17 17:22:11 - [MESSAGE][PASSED] - Actual text and expected text of test object 'Object Repository/cloud device PIN registration/android.widget.TextView - Proceed' are matched.

2023-07-17 17:22:11 - [TEST_STEP][PASSED] - tap(findTestObject("cloud device PIN registration/android.widget.TextView - Proceed"), 0): Tapped on element 'Object Repository/cloud device PIN registration/android.widget.TextView - Proceed'

2023-07-17 17:22:11 - [MESSAGE][WARNING] - Timeout '0' is invalid. Using default page load timeout: '59'

2023-07-17 17:22:12 - [MESSAGE][PASSED] - Tapped on element 'Object Repository/cloud device PIN registration/android.widget.TextView - Proceed'

2023-07-17 17:22:12 - [TEST_STEP][PASSED] - delay(3): Delayed 3 second(s)

2023-07-17 17:22:15 - [MESSAGE][PASSED] - Delayed 3 second(s)

2023-07-17 17:22:15 - [TEST_STEP][PASSED] - swipe(550, 2000, 550, 1450): Swiped from 550,2,000 to 550,1,450

2023-07-17 17:22:16 - [MESSAGE][PASSED] - Swiped from 550,2,000 to 550,1,450

2023-07-17 17:22:16 - [TEST_STEP][PASSED] - getText(findTestObject("Object Repository/cloud device PIN registration/android.widget.TextView - Lock screen"), 0): Text of element 'Object Repository/cloud device PIN registration/android.widget.TextView - Lock screen' is: 'Lock screen'

2023-07-17 17:22:16 - [MESSAGE][WARNING] - Timeout '0' is invalid. Using default page load timeout: '59'

2023-07-17 17:22:17 - [MESSAGE][PASSED] - Text of element 'Object Repository/cloud device PIN registration/android.widget.TextView - Lock screen' is: 'Lock screen'

2023-07-17 17:22:17 - [TEST_STEP][PASSED] - tap(findTestObject("cloud device PIN registration/android.widget.TextView - Lock screen"), 0): Tapped on element 'Object Repository/cloud device PIN registration/android.widget.TextView - Lock screen'

2023-07-17 17:22:17 - [MESSAGE][WARNING] - Timeout '0' is invalid. Using default page load timeout: '59'

2023-07-17 17:22:17 - [MESSAGE][PASSED] - Tapped on element 'Object Repository/cloud device PIN registration/android.widget.TextView - Lock screen'

2023-07-17 17:22:17 - [TEST_STEP][PASSED] - delay(3): Delayed 3 second(s)

2023-07-17 17:22:20 - [MESSAGE][PASSED] - Delayed 3 second(s)

2023-07-17 17:22:20 - [TEST_STEP][PASSED] - takeScreenshot(): Screenshot is taken

2023-07-17 17:22:21 - [MESSAGE][PASSED] - Screenshot is taken
[[ATTACHMENT|/Users/mosaj/Documents/GitHub/MAE-M2U-TestCloud/Reports/20230717_171812/MAE S2U no Firebase/20230717_171812/1689585740932.png]]

2023-07-17 17:22:21 - [TEST_STEP][PASSED] - getText(findTestObject("Object Repository/cloud device PIN registration/android.widget.TextView - Screen lock type"), 0): Text of element 'Object Repository/cloud device PIN registration/android.widget.TextView - Screen lock type' is: 'Screen lock type'

2023-07-17 17:22:21 - [MESSAGE][WARNING] - Timeout '0' is invalid. Using default page load timeout: '59'

2023-07-17 17:22:21 - [MESSAGE][PASSED] - Text of element 'Object Repository/cloud device PIN registration/android.widget.TextView - Screen lock type' is: 'Screen lock type'

2023-07-17 17:22:21 - [TEST_STEP][PASSED] - tap(findTestObject("cloud device PIN registration/android.widget.TextView - Screen lock type"), 0): Tapped on element 'Object Repository/cloud device PIN registration/android.widget.TextView - Screen lock type'

2023-07-17 17:22:21 - [MESSAGE][WARNING] - Timeout '0' is invalid. Using default page load timeout: '59'

2023-07-17 17:22:21 - [MESSAGE][PASSED] - Tapped on element 'Object Repository/cloud device PIN registration/android.widget.TextView - Screen lock type'

2023-07-17 17:22:21 - [TEST_STEP][PASSED] - delay(3): Delayed 3 second(s)

2023-07-17 17:22:24 - [MESSAGE][PASSED] - Delayed 3 second(s)

2023-07-17 17:22:24 - [TEST_STEP][PASSED] - getText(findTestObject("Object Repository/cloud device PIN registration/android.widget.TextView - PIN"), 0): Text of element 'Object Repository/cloud device PIN registration/android.widget.TextView - PIN' is: 'PIN'

2023-07-17 17:22:24 - [MESSAGE][WARNING] - Timeout '0' is invalid. Using default page load timeout: '59'

2023-07-17 17:22:25 - [MESSAGE][PASSED] - Text of element 'Object Repository/cloud device PIN registration/android.widget.TextView - PIN' is: 'PIN'

2023-07-17 17:22:25 - [TEST_STEP][PASSED] - tap(findTestObject("cloud device PIN registration/android.widget.TextView - PIN"), 0): Tapped on element 'Object Repository/cloud device PIN registration/android.widget.TextView - PIN'

2023-07-17 17:22:25 - [MESSAGE][WARNING] - Timeout '0' is invalid. Using default page load timeout: '59'

2023-07-17 17:22:25 - [MESSAGE][PASSED] - Tapped on element 'Object Repository/cloud device PIN registration/android.widget.TextView - PIN'

2023-07-17 17:22:25 - [TEST_STEP][PASSED] - delay(3): Delayed 3 second(s)

2023-07-17 17:22:28 - [MESSAGE][PASSED] - Delayed 3 second(s)

2023-07-17 17:22:28 - [TEST_STEP][PASSED] - takeScreenshot(): Screenshot is taken

2023-07-17 17:22:29 - [MESSAGE][PASSED] - Screenshot is taken
[[ATTACHMENT|/Users/mosaj/Documents/GitHub/MAE-M2U-TestCloud/Reports/20230717_171812/MAE S2U no Firebase/20230717_171812/1689585748595.png]]

2023-07-17 17:22:29 - [TEST_STEP][PASSED] - getText(findTestObject("Object Repository/cloud device PIN registration/android.widget.TextView - Set PIN"), 0): Text of element 'Object Repository/cloud device PIN registration/android.widget.TextView - Set PIN' is: 'Set PIN'

2023-07-17 17:22:29 - [MESSAGE][WARNING] - Timeout '0' is invalid. Using default page load timeout: '59'

2023-07-17 17:22:29 - [MESSAGE][PASSED] - Text of element 'Object Repository/cloud device PIN registration/android.widget.TextView - Set PIN' is: 'Set PIN'

2023-07-17 17:22:29 - [TEST_STEP][PASSED] - delay(3): Delayed 3 second(s)

2023-07-17 17:22:32 - [MESSAGE][PASSED] - Delayed 3 second(s)

2023-07-17 17:22:32 - [TEST_STEP][PASSED] - tapAtPosition(200, 1635): Tapped at [200, 1,635]

2023-07-17 17:22:33 - [MESSAGE][PASSED] - Tapped at [200, 1,635]

2023-07-17 17:22:33 - [TEST_STEP][PASSED] - delay(1): Delayed 1 second(s)

2023-07-17 17:22:34 - [MESSAGE][PASSED] - Delayed 1 second(s)

2023-07-17 17:22:34 - [TEST_STEP][PASSED] - tapAtPosition(200, 1635): Tapped at [200, 1,635]

2023-07-17 17:22:35 - [MESSAGE][PASSED] - Tapped at [200, 1,635]

2023-07-17 17:22:35 - [TEST_STEP][PASSED] - delay(1): Delayed 1 second(s)

2023-07-17 17:22:36 - [MESSAGE][PASSED] - Delayed 1 second(s)

2023-07-17 17:22:36 - [TEST_STEP][PASSED] - tapAtPosition(200, 1635): Tapped at [200, 1,635]

2023-07-17 17:22:37 - [MESSAGE][PASSED] - Tapped at [200, 1,635]

2023-07-17 17:22:37 - [TEST_STEP][PASSED] - delay(1): Delayed 1 second(s)

2023-07-17 17:22:38 - [MESSAGE][PASSED] - Delayed 1 second(s)

2023-07-17 17:22:38 - [TEST_STEP][PASSED] - tapAtPosition(200, 1635): Tapped at [200, 1,635]

2023-07-17 17:22:39 - [MESSAGE][PASSED] - Tapped at [200, 1,635]

2023-07-17 17:22:39 - [TEST_STEP][PASSED] - delay(3): Delayed 3 second(s)

2023-07-17 17:22:42 - [MESSAGE][PASSED] - Delayed 3 second(s)

2023-07-17 17:22:42 - [TEST_STEP][PASSED] - takeScreenshot(): Screenshot is taken

2023-07-17 17:22:42 - [MESSAGE][PASSED] - Screenshot is taken
[[ATTACHMENT|/Users/mosaj/Documents/GitHub/MAE-M2U-TestCloud/Reports/20230717_171812/MAE S2U no Firebase/20230717_171812/1689585762535.png]]

2023-07-17 17:22:42 - [TEST_STEP][PASSED] - getText(findTestObject("Object Repository/cloud device PIN registration/android.widget.Button - Continue"), 0): Text of element 'Object Repository/cloud device PIN registration/android.widget.Button - Continue' is: 'Continue'

2023-07-17 17:22:42 - [MESSAGE][WARNING] - Timeout '0' is invalid. Using default page load timeout: '59'

2023-07-17 17:22:43 - [MESSAGE][PASSED] - Text of element 'Object Repository/cloud device PIN registration/android.widget.Button - Continue' is: 'Continue'

2023-07-17 17:22:43 - [TEST_STEP][PASSED] - tap(findTestObject("cloud device PIN registration/android.widget.Button - Continue"), 0): Tapped on element 'Object Repository/cloud device PIN registration/android.widget.Button - Continue'

2023-07-17 17:22:43 - [MESSAGE][WARNING] - Timeout '0' is invalid. Using default page load timeout: '59'

2023-07-17 17:22:43 - [MESSAGE][PASSED] - Tapped on element 'Object Repository/cloud device PIN registration/android.widget.Button - Continue'

2023-07-17 17:22:43 - [TEST_STEP][PASSED] - delay(3): Delayed 3 second(s)

2023-07-17 17:22:46 - [MESSAGE][PASSED] - Delayed 3 second(s)

2023-07-17 17:22:46 - [TEST_STEP][PASSED] - getText(findTestObject("Object Repository/cloud device PIN registration/android.widget.TextView - Set PIN"), 0): Text of element 'Object Repository/cloud device PIN registration/android.widget.TextView - Set PIN' is: 'Set PIN'

2023-07-17 17:22:46 - [MESSAGE][WARNING] - Timeout '0' is invalid. Using default page load timeout: '59'

2023-07-17 17:22:46 - [MESSAGE][PASSED] - Text of element 'Object Repository/cloud device PIN registration/android.widget.TextView - Set PIN' is: 'Set PIN'

2023-07-17 17:22:46 - [TEST_STEP][PASSED] - delay(3): Delayed 3 second(s)

2023-07-17 17:22:49 - [MESSAGE][PASSED] - Delayed 3 second(s)

2023-07-17 17:22:49 - [TEST_STEP][PASSED] - tapAtPosition(200, 1635): Tapped at [200, 1,635]

2023-07-17 17:22:50 - [MESSAGE][PASSED] - Tapped at [200, 1,635]

2023-07-17 17:22:50 - [TEST_STEP][PASSED] - delay(1): Delayed 1 second(s)

2023-07-17 17:22:51 - [MESSAGE][PASSED] - Delayed 1 second(s)

2023-07-17 17:22:51 - [TEST_STEP][PASSED] - tapAtPosition(200, 1635): Tapped at [200, 1,635]

2023-07-17 17:22:52 - [MESSAGE][PASSED] - Tapped at [200, 1,635]

2023-07-17 17:22:52 - [TEST_STEP][PASSED] - delay(1): Delayed 1 second(s)

2023-07-17 17:22:53 - [MESSAGE][PASSED] - Delayed 1 second(s)

2023-07-17 17:22:53 - [TEST_STEP][PASSED] - tapAtPosition(200, 1635): Tapped at [200, 1,635]

2023-07-17 17:22:54 - [MESSAGE][PASSED] - Tapped at [200, 1,635]

2023-07-17 17:22:54 - [TEST_STEP][PASSED] - delay(1): Delayed 1 second(s)

2023-07-17 17:22:55 - [MESSAGE][PASSED] - Delayed 1 second(s)

2023-07-17 17:22:55 - [TEST_STEP][PASSED] - tapAtPosition(200, 1635): Tapped at [200, 1,635]

2023-07-17 17:22:56 - [MESSAGE][PASSED] - Tapped at [200, 1,635]

2023-07-17 17:22:56 - [TEST_STEP][PASSED] - delay(3): Delayed 3 second(s)

2023-07-17 17:22:59 - [MESSAGE][PASSED] - Delayed 3 second(s)

2023-07-17 17:22:59 - [TEST_STEP][PASSED] - takeScreenshot(): Screenshot is taken

2023-07-17 17:22:59 - [MESSAGE][PASSED] - Screenshot is taken
[[ATTACHMENT|/Users/mosaj/Documents/GitHub/MAE-M2U-TestCloud/Reports/20230717_171812/MAE S2U no Firebase/20230717_171812/1689585779328.png]]

2023-07-17 17:22:59 - [TEST_STEP][PASSED] - getText(findTestObject("Object Repository/cloud device PIN registration/android.widget.Button - OK"), 0): Text of element 'Object Repository/cloud device PIN registration/android.widget.Button - OK' is: 'OK'

2023-07-17 17:22:59 - [MESSAGE][WARNING] - Timeout '0' is invalid. Using default page load timeout: '59'

2023-07-17 17:22:59 - [MESSAGE][PASSED] - Text of element 'Object Repository/cloud device PIN registration/android.widget.Button - OK' is: 'OK'

2023-07-17 17:22:59 - [TEST_STEP][PASSED] - tap(findTestObject("cloud device PIN registration/android.widget.Button - OK"), 0): Tapped on element 'Object Repository/cloud device PIN registration/android.widget.Button - OK'

2023-07-17 17:22:59 - [MESSAGE][WARNING] - Timeout '0' is invalid. Using default page load timeout: '59'

2023-07-17 17:23:00 - [MESSAGE][PASSED] - Tapped on element 'Object Repository/cloud device PIN registration/android.widget.Button - OK'

2023-07-17 17:23:00 - [TEST_STEP][PASSED] - delay(3): Delayed 3 second(s)

2023-07-17 17:23:03 - [MESSAGE][PASSED] - Delayed 3 second(s)

2023-07-17 17:23:03 - [TEST_STEP][PASSED] - takeScreenshot(): Screenshot is taken

2023-07-17 17:23:03 - [MESSAGE][PASSED] - Screenshot is taken
[[ATTACHMENT|/Users/mosaj/Documents/GitHub/MAE-M2U-TestCloud/Reports/20230717_171812/MAE S2U no Firebase/20230717_171812/1689585783165.png]]

2023-07-17 17:23:03 - [TEST_STEP][PASSED] - pressBack(): Press back button successfully

2023-07-17 17:23:04 - [MESSAGE][PASSED] - Press back button successfully

2023-07-17 17:23:04 - [TEST_STEP][PASSED] - delay(3): Delayed 3 second(s)

2023-07-17 17:23:07 - [MESSAGE][PASSED] - Delayed 3 second(s)

2023-07-17 17:23:07 - [TEST_STEP][PASSED] - takeScreenshot(): Screenshot is taken

2023-07-17 17:23:07 - [MESSAGE][PASSED] - Screenshot is taken
[[ATTACHMENT|/Users/mosaj/Documents/GitHub/MAE-M2U-TestCloud/Reports/20230717_171812/MAE S2U no Firebase/20230717_171812/1689585787306.png]]

2023-07-17 17:23:07 - [TEST_STEP][PASSED] - pressBack(): Press back button successfully

2023-07-17 17:23:08 - [MESSAGE][PASSED] - Press back button successfully

2023-07-17 17:23:08 - [TEST_STEP][PASSED] - delay(3): Delayed 3 second(s)

2023-07-17 17:23:11 - [MESSAGE][PASSED] - Delayed 3 second(s)

2023-07-17 17:23:11 - [TEST_STEP][PASSED] - takeScreenshot(): Screenshot is taken

2023-07-17 17:23:11 - [MESSAGE][PASSED] - Screenshot is taken
[[ATTACHMENT|/Users/mosaj/Documents/GitHub/MAE-M2U-TestCloud/Reports/20230717_171812/MAE S2U no Firebase/20230717_171812/1689585791233.png]]

2023-07-17 17:23:11 - [TEST_STEP][PASSED] - pressBack(): Press back button successfully

2023-07-17 17:23:12 - [MESSAGE][PASSED] - Press back button successfully

2023-07-17 17:23:12 - [TEST_STEP][PASSED] - delay(3): Delayed 3 second(s)

2023-07-17 17:23:15 - [MESSAGE][PASSED] - Delayed 3 second(s)

2023-07-17 17:23:15 - [TEST_STEP][PASSED] - takeScreenshot(): Screenshot is taken

2023-07-17 17:23:15 - [MESSAGE][PASSED] - Screenshot is taken
[[ATTACHMENT|/Users/mosaj/Documents/GitHub/MAE-M2U-TestCloud/Reports/20230717_171812/MAE S2U no Firebase/20230717_171812/1689585795181.png]]

2023-07-17 17:23:15 - [TEST_STEP][NOT_RUN] - pressBack(): NOT_RUN: pressBack()

2023-07-17 17:23:15 - [MESSAGE][NOT_RUN] - NOT_RUN: pressBack()

2023-07-17 17:23:15 - [TEST_STEP][PASSED] - delay(3): Delayed 3 second(s)

2023-07-17 17:23:18 - [MESSAGE][PASSED] - Delayed 3 second(s)

2023-07-17 17:23:18 - [TEST_STEP][FAILED] - if (verifyElementText(findTestObject("SPY MAE without firebase/spy3/Are you sure you want to quit the app"), "Are you sure you want to quit the app?") == true): Element 'Object Repository/SPY MAE without firebase/spy3/Are you sure you want to quit the app' not found

2023-07-17 17:24:17 - [MESSAGE][FAILED] - Element 'Object Repository/SPY MAE without firebase/spy3/Are you sure you want to quit the app' not found

2023-07-17 17:24:17 - [TEST_STEP][PASSED] - takeScreenshot(): Screenshot is taken

2023-07-17 17:24:18 - [MESSAGE][PASSED] - Screenshot is taken
[[ATTACHMENT|/Users/mosaj/Documents/GitHub/MAE-M2U-TestCloud/Reports/20230717_171812/MAE S2U no Firebase/20230717_171812/1689585857978.png]]

2023-07-17 17:24:18 - [TEST_STEP][PASSED] - getText(findTestObject("cloud device PIN registration/android.widget.TextView - Activate Now"), 0): Text of element 'Object Repository/cloud device PIN registration/android.widget.TextView - Activate Now' is: 'Activate Now'

2023-07-17 17:24:18 - [MESSAGE][WARNING] - Timeout '0' is invalid. Using default page load timeout: '59'

2023-07-17 17:24:18 - [MESSAGE][PASSED] - Text of element 'Object Repository/cloud device PIN registration/android.widget.TextView - Activate Now' is: 'Activate Now'

2023-07-17 17:24:18 - [TEST_STEP][PASSED] - takeScreenshot(): Screenshot is taken

2023-07-17 17:24:18 - [MESSAGE][PASSED] - Screenshot is taken
[[ATTACHMENT|/Users/mosaj/Documents/GitHub/MAE-M2U-TestCloud/Reports/20230717_171812/MAE S2U no Firebase/20230717_171812/1689585858600.png]]

2023-07-17 17:24:18 - [TEST_STEP][PASSED] - tap(findTestObject("cloud device PIN registration/android.widget.TextView - Activate Now"), 0): Tapped on element 'Object Repository/cloud device PIN registration/android.widget.TextView - Activate Now'

2023-07-17 17:24:19 - [MESSAGE][WARNING] - Timeout '0' is invalid. Using default page load timeout: '59'

2023-07-17 17:24:19 - [MESSAGE][PASSED] - Tapped on element 'Object Repository/cloud device PIN registration/android.widget.TextView - Activate Now'

2023-07-17 17:24:19 - [TEST_STEP][PASSED] - getText(findTestObject("Object Repository/s2u registration/android.widget.TextView - Confirm"), 0): Text of element 'Object Repository/s2u registration/android.widget.TextView - Confirm' is: 'Confirm'

2023-07-17 17:24:19 - [MESSAGE][WARNING] - Timeout '0' is invalid. Using default page load timeout: '59'

2023-07-17 17:24:21 - [MESSAGE][PASSED] - Text of element 'Object Repository/s2u registration/android.widget.TextView - Confirm' is: 'Confirm'

2023-07-17 17:24:21 - [TEST_STEP][PASSED] - takeScreenshot(): Screenshot is taken

2023-07-17 17:24:21 - [MESSAGE][PASSED] - Screenshot is taken
[[ATTACHMENT|/Users/mosaj/Documents/GitHub/MAE-M2U-TestCloud/Reports/20230717_171812/MAE S2U no Firebase/20230717_171812/1689585861135.png]]

2023-07-17 17:24:21 - [TEST_STEP][PASSED] - tap(findTestObject("s2u registration/android.widget.TextView - Confirm"), 0): Tapped on element 'Object Repository/s2u registration/android.widget.TextView - Confirm'

2023-07-17 17:24:21 - [MESSAGE][WARNING] - Timeout '0' is invalid. Using default page load timeout: '59'

2023-07-17 17:24:21 - [MESSAGE][PASSED] - Tapped on element 'Object Repository/s2u registration/android.widget.TextView - Confirm'

2023-07-17 17:24:21 - [TEST_STEP][PASSED] - OTP = getText(findTestObject("Object Repository/Login Onboarding/Your OTP no. is 2"), 0): Text of element 'Object Repository/Login Onboarding/Your OTP no. is 2' is: 'Your OTP no. is 765701'

2023-07-17 17:24:21 - [MESSAGE][WARNING] - Timeout '0' is invalid. Using default page load timeout: '59'

2023-07-17 17:24:23 - [MESSAGE][PASSED] - Text of element 'Object Repository/Login Onboarding/Your OTP no. is 2' is: 'Your OTP no. is 765701'

2023-07-17 17:24:23 - [TEST_STEP][PASSED] - takeScreenshot(): Screenshot is taken

2023-07-17 17:24:24 - [MESSAGE][PASSED] - Screenshot is taken
[[ATTACHMENT|/Users/mosaj/Documents/GitHub/MAE-M2U-TestCloud/Reports/20230717_171812/MAE S2U no Firebase/20230717_171812/1689585863812.png]]

2023-07-17 17:24:24 - [TEST_STEP][PASSED] - delay(2): Delayed 2 second(s)

2023-07-17 17:24:26 - [MESSAGE][PASSED] - Delayed 2 second(s)

2023-07-17 17:24:26 - [TEST_STEP][PASSED] - for ([i = 16, i <= 21, (i++)]): Tapped on element 'Object Repository/Text'

2023-07-17 17:24:26 - [TEST_STEP][PASSED] - TapNo = OTP[i]: null

2023-07-17 17:24:26 - [TEST_STEP][PASSED] - tap(findTestObject("Text", ["Verify":TapNo]), 0): Tapped on element 'Object Repository/Text'

2023-07-17 17:24:26 - [MESSAGE][WARNING] - Timeout '0' is invalid. Using default page load timeout: '59'

2023-07-17 17:24:26 - [MESSAGE][PASSED] - Tapped on element 'Object Repository/Text'

2023-07-17 17:24:26 - [TEST_STEP][PASSED] - TapNo = OTP[i]: null

2023-07-17 17:24:26 - [TEST_STEP][PASSED] - tap(findTestObject("Text", ["Verify":TapNo]), 0): Tapped on element 'Object Repository/Text'

2023-07-17 17:24:27 - [MESSAGE][WARNING] - Timeout '0' is invalid. Using default page load timeout: '59'

2023-07-17 17:24:28 - [MESSAGE][PASSED] - Tapped on element 'Object Repository/Text'

2023-07-17 17:24:28 - [TEST_STEP][PASSED] - TapNo = OTP[i]: null

2023-07-17 17:24:28 - [TEST_STEP][PASSED] - tap(findTestObject("Text", ["Verify":TapNo]), 0): Tapped on element 'Object Repository/Text'

2023-07-17 17:24:29 - [MESSAGE][WARNING] - Timeout '0' is invalid. Using default page load timeout: '59'

2023-07-17 17:24:30 - [MESSAGE][PASSED] - Tapped on element 'Object Repository/Text'

2023-07-17 17:24:30 - [TEST_STEP][PASSED] - TapNo = OTP[i]: null

2023-07-17 17:24:30 - [TEST_STEP][PASSED] - tap(findTestObject("Text", ["Verify":TapNo]), 0): Tapped on element 'Object Repository/Text'

2023-07-17 17:24:31 - [MESSAGE][WARNING] - Timeout '0' is invalid. Using default page load timeout: '59'

2023-07-17 17:24:32 - [MESSAGE][PASSED] - Tapped on element 'Object Repository/Text'

2023-07-17 17:24:32 - [TEST_STEP][PASSED] - TapNo = OTP[i]: null

2023-07-17 17:24:32 - [TEST_STEP][PASSED] - tap(findTestObject("Text", ["Verify":TapNo]), 0): Tapped on element 'Object Repository/Text'

2023-07-17 17:24:33 - [MESSAGE][WARNING] - Timeout '0' is invalid. Using default page load timeout: '59'

2023-07-17 17:24:34 - [MESSAGE][PASSED] - Tapped on element 'Object Repository/Text'

2023-07-17 17:24:34 - [TEST_STEP][PASSED] - TapNo = OTP[i]: null

2023-07-17 17:24:34 - [TEST_STEP][PASSED] - tap(findTestObject("Text", ["Verify":TapNo]), 0): Tapped on element 'Object Repository/Text'

2023-07-17 17:24:35 - [MESSAGE][WARNING] - Timeout '0' is invalid. Using default page load timeout: '59'

2023-07-17 17:24:36 - [MESSAGE][PASSED] - Tapped on element 'Object Repository/Text'

2023-07-17 17:24:36 - [TEST_STEP][PASSED] - takeScreenshot(): Screenshot is taken

2023-07-17 17:24:37 - [MESSAGE][PASSED] - Screenshot is taken
[[ATTACHMENT|/Users/mosaj/Documents/GitHub/MAE-M2U-TestCloud/Reports/20230717_171812/MAE S2U no Firebase/20230717_171812/1689585876853.png]]

2023-07-17 17:24:37 - [TEST_STEP][PASSED] - delay(3): Delayed 3 second(s)

2023-07-17 17:24:40 - [MESSAGE][PASSED] - Delayed 3 second(s)

2023-07-17 17:24:40 - [TEST_STEP][PASSED] - tap(findTestObject("Object Repository/Dynamic Object/Tap Image Following 2", ["text":"0"]), 0): Tapped on element 'Object Repository/Dynamic Object/Tap Image Following 2'

2023-07-17 17:24:40 - [MESSAGE][WARNING] - Timeout '0' is invalid. Using default page load timeout: '59'

2023-07-17 17:24:40 - [MESSAGE][PASSED] - Tapped on element 'Object Repository/Dynamic Object/Tap Image Following 2'

2023-07-17 17:24:40 - [TEST_STEP][PASSED] - delay(2): Delayed 2 second(s)

2023-07-17 17:24:42 - [MESSAGE][PASSED] - Delayed 2 second(s)

2023-07-17 17:24:42 - [TEST_STEP][PASSED] - getText(findTestObject("Object Repository/s2u registration/android.widget.TextView - Enter your ID number"), 0): Text of element 'Object Repository/s2u registration/android.widget.TextView - Enter your ID number' is: 'Enter your ID number'

2023-07-17 17:24:42 - [MESSAGE][WARNING] - Timeout '0' is invalid. Using default page load timeout: '59'

2023-07-17 17:24:43 - [MESSAGE][PASSED] - Text of element 'Object Repository/s2u registration/android.widget.TextView - Enter your ID number' is: 'Enter your ID number'

2023-07-17 17:24:43 - [TEST_STEP][PASSED] - setText(findTestObject("Object Repository/s2u registration/android.widget.EditText - Your ID number"), "960829149762", 0): Text '960829149762' has been set to element 'Object Repository/s2u registration/android.widget.EditText - Your ID number'

2023-07-17 17:24:43 - [MESSAGE][WARNING] - Timeout '0' is invalid. Using default page load timeout: '59'

2023-07-17 17:24:44 - [MESSAGE][PASSED] - Text '960829149762' has been set to element 'Object Repository/s2u registration/android.widget.EditText - Your ID number'

2023-07-17 17:24:44 - [TEST_STEP][PASSED] - hideKeyboard(): Keyboard is hidden

2023-07-17 17:24:45 - [MESSAGE][PASSED] - Keyboard is hidden

2023-07-17 17:24:45 - [TEST_STEP][PASSED] - takeScreenshot(): Screenshot is taken

2023-07-17 17:24:46 - [MESSAGE][PASSED] - Screenshot is taken
[[ATTACHMENT|/Users/mosaj/Documents/GitHub/MAE-M2U-TestCloud/Reports/20230717_171812/MAE S2U no Firebase/20230717_171812/1689585885906.png]]

2023-07-17 17:24:46 - [TEST_STEP][PASSED] - getText(findTestObject("Object Repository/s2u registration/android.widget.TextView - Continue"), 0): Text of element 'Object Repository/s2u registration/android.widget.TextView - Continue' is: 'Continue'

2023-07-17 17:24:46 - [MESSAGE][WARNING] - Timeout '0' is invalid. Using default page load timeout: '59'

2023-07-17 17:24:46 - [MESSAGE][PASSED] - Text of element 'Object Repository/s2u registration/android.widget.TextView - Continue' is: 'Continue'

2023-07-17 17:24:46 - [TEST_STEP][PASSED] - tap(findTestObject("s2u registration/android.widget.TextView - Continue"), 0): Tapped on element 'Object Repository/s2u registration/android.widget.TextView - Continue'

2023-07-17 17:24:46 - [MESSAGE][WARNING] - Timeout '0' is invalid. Using default page load timeout: '59'

2023-07-17 17:24:46 - [MESSAGE][PASSED] - Tapped on element 'Object Repository/s2u registration/android.widget.TextView - Continue'

2023-07-17 17:24:46 - [TEST_STEP][PASSED] - getText(findTestObject("Object Repository/s2u registration/android.widget.TextView - Device Name"), 0): Text of element 'Object Repository/s2u registration/android.widget.TextView - Device Name' is: 'Device Name'

2023-07-17 17:24:46 - [MESSAGE][WARNING] - Timeout '0' is invalid. Using default page load timeout: '59'

2023-07-17 17:24:48 - [MESSAGE][PASSED] - Text of element 'Object Repository/s2u registration/android.widget.TextView - Device Name' is: 'Device Name'

2023-07-17 17:24:48 - [TEST_STEP][PASSED] - takeScreenshot(): Screenshot is taken

2023-07-17 17:24:49 - [MESSAGE][PASSED] - Screenshot is taken
[[ATTACHMENT|/Users/mosaj/Documents/GitHub/MAE-M2U-TestCloud/Reports/20230717_171812/MAE S2U no Firebase/20230717_171812/1689585888731.png]]

2023-07-17 17:24:49 - [TEST_STEP][PASSED] - getText(findTestObject("s2u registration/android.widget.TextView - Continue (1)"), 0): Text of element 'Object Repository/s2u registration/android.widget.TextView - Continue (1)' is: 'Continue'

2023-07-17 17:24:49 - [MESSAGE][WARNING] - Timeout '0' is invalid. Using default page load timeout: '59'

2023-07-17 17:24:49 - [MESSAGE][PASSED] - Text of element 'Object Repository/s2u registration/android.widget.TextView - Continue (1)' is: 'Continue'

2023-07-17 17:24:49 - [TEST_STEP][PASSED] - tap(findTestObject("s2u registration/android.widget.TextView - Continue (1)"), 0): Tapped on element 'Object Repository/s2u registration/android.widget.TextView - Continue (1)'

2023-07-17 17:24:49 - [MESSAGE][WARNING] - Timeout '0' is invalid. Using default page load timeout: '59'

2023-07-17 17:24:49 - [MESSAGE][PASSED] - Tapped on element 'Object Repository/s2u registration/android.widget.TextView - Continue (1)'

2023-07-17 17:24:49 - [TEST_STEP][PASSED] - getText(findTestObject("Object Repository/s2u registration/android.widget.TextView - Secure2u enabled"), 0): Text of element 'Object Repository/s2u registration/android.widget.TextView - Secure2u enabled' is: 'Secure2u enabled'

2023-07-17 17:24:49 - [MESSAGE][WARNING] - Timeout '0' is invalid. Using default page load timeout: '59'

2023-07-17 17:24:52 - [MESSAGE][PASSED] - Text of element 'Object Repository/s2u registration/android.widget.TextView - Secure2u enabled' is: 'Secure2u enabled'

2023-07-17 17:24:52 - [TEST_STEP][PASSED] - takeScreenshot(): Screenshot is taken

2023-07-17 17:24:53 - [MESSAGE][PASSED] - Screenshot is taken
[[ATTACHMENT|/Users/mosaj/Documents/GitHub/MAE-M2U-TestCloud/Reports/20230717_171812/MAE S2U no Firebase/20230717_171812/1689585892938.png]]

2023-07-17 17:24:53 - [TEST_STEP][PASSED] - getText(findTestObject("Object Repository/s2u registration/android.widget.TextView - Continue (1)"), 0): Text of element 'Object Repository/s2u registration/android.widget.TextView - Continue (1)' is: 'Continue'

2023-07-17 17:24:53 - [MESSAGE][WARNING] - Timeout '0' is invalid. Using default page load timeout: '59'

2023-07-17 17:24:53 - [MESSAGE][PASSED] - Text of element 'Object Repository/s2u registration/android.widget.TextView - Continue (1)' is: 'Continue'

2023-07-17 17:24:53 - [TEST_STEP][PASSED] - tap(findTestObject("s2u registration/android.widget.TextView - Continue (1)"), 0): Tapped on element 'Object Repository/s2u registration/android.widget.TextView - Continue (1)'

2023-07-17 17:24:54 - [MESSAGE][WARNING] - Timeout '0' is invalid. Using default page load timeout: '59'

2023-07-17 17:24:54 - [MESSAGE][PASSED] - Tapped on element 'Object Repository/s2u registration/android.widget.TextView - Continue (1)'

2023-07-17 17:24:54 - [TEST_STEP][PASSED] - getText(findTestObject("Object Repository/s2u registration/android.widget.TextView - Home"), 0): Text of element 'Object Repository/s2u registration/android.widget.TextView - Home' is: 'Home'

2023-07-17 17:24:54 - [MESSAGE][WARNING] - Timeout '0' is invalid. Using default page load timeout: '59'

2023-07-17 17:25:44 - [MESSAGE][PASSED] - Text of element 'Object Repository/s2u registration/android.widget.TextView - Home' is: 'Home'

2023-07-17 17:25:44 - [TEST_STEP][PASSED] - tap(findTestObject("s2u registration/android.widget.TextView - Home"), 0): Tapped on element 'Object Repository/s2u registration/android.widget.TextView - Home'

2023-07-17 17:25:44 - [MESSAGE][WARNING] - Timeout '0' is invalid. Using default page load timeout: '59'

2023-07-17 17:26:37 - [MESSAGE][PASSED] - Tapped on element 'Object Repository/s2u registration/android.widget.TextView - Home'

2023-07-17 17:26:37 - [TEST_STEP][PASSED] - tap(findTestObject("s2u registration/android.widget.TextView - Home"), 0): Tapped on element 'Object Repository/s2u registration/android.widget.TextView - Home'

2023-07-17 17:26:37 - [MESSAGE][WARNING] - Timeout '0' is invalid. Using default page load timeout: '59'

2023-07-17 17:26:37 - [MESSAGE][PASSED] - Tapped on element 'Object Repository/s2u registration/android.widget.TextView - Home'

2023-07-17 17:26:37 - [TEST_STEP][PASSED] - delay(5): Delayed 5 second(s)

2023-07-17 17:26:42 - [MESSAGE][PASSED] - Delayed 5 second(s)

2023-07-17 17:26:42 - [TEST_STEP][PASSED] - takeScreenshot(): Screenshot is taken

2023-07-17 17:26:43 - [MESSAGE][PASSED] - Screenshot is taken
[[ATTACHMENT|/Users/mosaj/Documents/GitHub/MAE-M2U-TestCloud/Reports/20230717_171812/MAE S2U no Firebase/20230717_171812/1689586002523.png]]]]></system-out>
         <system-err><![CDATA[2023-07-17 17:22:03 - [TEST_CASE][FAILED] - Test Cases/Login Onboard/secure2u registration: Test Cases/Login Onboard/secure2u registration FAILED.
Reason:
com.kms.katalon.core.exception.StepFailedException: Element 'Object Repository/SPY MAE without firebase/spy3/Are you sure you want to quit the app' not found
	at com.kms.katalon.core.keyword.internal.KeywordMain.stepFailed(KeywordMain.groovy:39)
	at com.kms.katalon.core.mobile.keyword.internal.MobileKeywordMain.stepFailed(MobileKeywordMain.groovy:40)
	at com.kms.katalon.core.mobile.keyword.builtin.VerifyElementTextKeyword$_verifyElementText_closure1.doCall(VerifyElementTextKeyword.groovy:49)
	at com.kms.katalon.core.mobile.keyword.builtin.VerifyElementTextKeyword$_verifyElementText_closure1.call(VerifyElementTextKeyword.groovy)
	at com.kms.katalon.core.mobile.keyword.internal.MobileKeywordMain.runKeyword(MobileKeywordMain.groovy:21)
	at com.kms.katalon.core.mobile.keyword.builtin.VerifyElementTextKeyword.verifyElementText(VerifyElementTextKeyword.groovy:62)
	at com.kms.katalon.core.mobile.keyword.builtin.VerifyElementTextKeyword.execute(VerifyElementTextKeyword.groovy:39)
	at com.kms.katalon.core.keyword.internal.KeywordExecutor.executeKeywordForPlatform(KeywordExecutor.groovy:74)
	at com.kms.katalon.core.mobile.keyword.MobileBuiltInKeywords.verifyElementText(MobileBuiltInKeywords.groovy:2901)
	at com.kms.katalon.core.mobile.keyword.MobileBuiltInKeywords$verifyElementText$5.call(Unknown Source)
	at secure2u registration.run(secure2u registration:157)
	at com.kms.katalon.core.main.ScriptEngine.run(ScriptEngine.java:194)
	at com.kms.katalon.core.main.ScriptEngine.runScriptAsRawText(ScriptEngine.java:119)
	at com.kms.katalon.core.main.TestCaseExecutor.runScript(TestCaseExecutor.java:448)
	at com.kms.katalon.core.main.TestCaseExecutor.doExecute(TestCaseExecutor.java:439)
	at com.kms.katalon.core.main.TestCaseExecutor.processExecutionPhase(TestCaseExecutor.java:418)
	at com.kms.katalon.core.main.TestCaseExecutor.accessMainPhase(TestCaseExecutor.java:410)
	at com.kms.katalon.core.main.TestCaseExecutor.execute(TestCaseExecutor.java:285)
	at com.kms.katalon.core.common.CommonExecutor.accessTestCaseMainPhase(CommonExecutor.java:65)
	at com.kms.katalon.core.main.TestSuiteExecutor.accessTestSuiteMainPhase(TestSuiteExecutor.java:148)
	at com.kms.katalon.core.main.TestSuiteExecutor.execute(TestSuiteExecutor.java:106)
	at com.kms.katalon.core.main.TestCaseMain.startTestSuite(TestCaseMain.java:187)
	at com.kms.katalon.core.main.TestCaseMain$startTestSuite$0.call(Unknown Source)
	at TempTestSuite1689585492117.run(TempTestSuite1689585492117.groovy:36)]]></system-err>
      </testcase>
      <testcase name="Test Cases/Login Onboard/transfer" time="123.273" classname="Test Cases/Login Onboard/transfer" status="PASSED">
         <system-out><![CDATA[2023-07-17 17:26:43 - [TEST_CASE][PASSED] - Test Cases/Login Onboard/transfer: Test Cases/Login Onboard/transfer

2023-07-17 17:26:43 - [TEST_STEP][PASSED] - getText(findTestObject("Object Repository/MAE new app Transfer/android.widget.TextView - Transfer"), 0): Text of element 'Object Repository/MAE new app Transfer/android.widget.TextView - Transfer' is: 'Transfer'

2023-07-17 17:26:43 - [MESSAGE][WARNING] - Timeout '0' is invalid. Using default page load timeout: '59'

2023-07-17 17:26:44 - [MESSAGE][PASSED] - Text of element 'Object Repository/MAE new app Transfer/android.widget.TextView - Transfer' is: 'Transfer'

2023-07-17 17:26:44 - [TEST_STEP][PASSED] - takeScreenshot(): Screenshot is taken

2023-07-17 17:26:44 - [MESSAGE][PASSED] - Screenshot is taken
[[ATTACHMENT|/Users/mosaj/Documents/GitHub/MAE-M2U-TestCloud/Reports/20230717_171812/MAE S2U no Firebase/20230717_171812/1689586004095.png]]

2023-07-17 17:26:44 - [TEST_STEP][PASSED] - tap(findTestObject("MAE new app Transfer/android.widget.TextView - Transfer"), 0): Tapped on element 'Object Repository/MAE new app Transfer/android.widget.TextView - Transfer'

2023-07-17 17:26:44 - [MESSAGE][WARNING] - Timeout '0' is invalid. Using default page load timeout: '59'

2023-07-17 17:26:45 - [MESSAGE][PASSED] - Tapped on element 'Object Repository/MAE new app Transfer/android.widget.TextView - Transfer'

2023-07-17 17:26:45 - [TEST_STEP][PASSED] - getText(findTestObject("Object Repository/MAE new app Transfer/android.widget.TextView - 5623 6601 0806"), 0): Text of element 'Object Repository/MAE new app Transfer/android.widget.TextView - 5623 6601 0806' is: '5623 6601 0785'

2023-07-17 17:26:45 - [MESSAGE][WARNING] - Timeout '0' is invalid. Using default page load timeout: '59'

2023-07-17 17:27:35 - [MESSAGE][PASSED] - Text of element 'Object Repository/MAE new app Transfer/android.widget.TextView - 5623 6601 0806' is: '5623 6601 0785'

2023-07-17 17:27:35 - [TEST_STEP][PASSED] - takeScreenshot(): Screenshot is taken

2023-07-17 17:27:36 - [MESSAGE][PASSED] - Screenshot is taken
[[ATTACHMENT|/Users/mosaj/Documents/GitHub/MAE-M2U-TestCloud/Reports/20230717_171812/MAE S2U no Firebase/20230717_171812/1689586055733.png]]

2023-07-17 17:27:36 - [TEST_STEP][PASSED] - tap(findTestObject("MAE new app Transfer/android.widget.TextView - 5623 6601 0806"), 0): Tapped on element 'Object Repository/MAE new app Transfer/android.widget.TextView - 5623 6601 0806'

2023-07-17 17:27:36 - [MESSAGE][WARNING] - Timeout '0' is invalid. Using default page load timeout: '59'

2023-07-17 17:28:27 - [MESSAGE][PASSED] - Tapped on element 'Object Repository/MAE new app Transfer/android.widget.TextView - 5623 6601 0806'

2023-07-17 17:28:27 - [TEST_STEP][PASSED] - getText(findTestObject("Object Repository/MAE new app Transfer/android.widget.TextView - Enter amount"), 0): Text of element 'Object Repository/MAE new app Transfer/android.widget.TextView - Enter amount' is: 'Enter amount'

2023-07-17 17:28:27 - [MESSAGE][WARNING] - Timeout '0' is invalid. Using default page load timeout: '59'

2023-07-17 17:28:28 - [MESSAGE][PASSED] - Text of element 'Object Repository/MAE new app Transfer/android.widget.TextView - Enter amount' is: 'Enter amount'

2023-07-17 17:28:28 - [TEST_STEP][PASSED] - tap(findTestObject("Object Repository/MAE new app Transfer/android.widget.TextView - 1"), 0): Tapped on element 'Object Repository/MAE new app Transfer/android.widget.TextView - 1'

2023-07-17 17:28:28 - [MESSAGE][WARNING] - Timeout '0' is invalid. Using default page load timeout: '59'

2023-07-17 17:28:28 - [MESSAGE][PASSED] - Tapped on element 'Object Repository/MAE new app Transfer/android.widget.TextView - 1'

2023-07-17 17:28:28 - [TEST_STEP][PASSED] - takeScreenshot(): Screenshot is taken

2023-07-17 17:28:28 - [MESSAGE][PASSED] - Screenshot is taken
[[ATTACHMENT|/Users/mosaj/Documents/GitHub/MAE-M2U-TestCloud/Reports/20230717_171812/MAE S2U no Firebase/20230717_171812/1689586108322.png]]

2023-07-17 17:28:28 - [TEST_STEP][PASSED] - tap(findTestObject("Object Repository/MAE new app Transfer/android.widget.ImageView"), 0): Tapped on element 'Object Repository/MAE new app Transfer/android.widget.ImageView'

2023-07-17 17:28:28 - [MESSAGE][WARNING] - Timeout '0' is invalid. Using default page load timeout: '59'

2023-07-17 17:28:29 - [MESSAGE][PASSED] - Tapped on element 'Object Repository/MAE new app Transfer/android.widget.ImageView'

2023-07-17 17:28:29 - [TEST_STEP][PASSED] - getText(findTestObject("Object Repository/MAE new app Transfer/android.widget.TextView - Enter recipient reference"), 0): Text of element 'Object Repository/MAE new app Transfer/android.widget.TextView - Enter recipient reference' is: 'Enter recipient reference'

2023-07-17 17:28:29 - [MESSAGE][WARNING] - Timeout '0' is invalid. Using default page load timeout: '59'

2023-07-17 17:28:30 - [MESSAGE][PASSED] - Text of element 'Object Repository/MAE new app Transfer/android.widget.TextView - Enter recipient reference' is: 'Enter recipient reference'

2023-07-17 17:28:30 - [TEST_STEP][PASSED] - setText(findTestObject("Object Repository/MAE new app Transfer/android.widget.EditText"), "samuat06", 0): Text 'samuat06' has been set to element 'Object Repository/MAE new app Transfer/android.widget.EditText'

2023-07-17 17:28:30 - [MESSAGE][WARNING] - Timeout '0' is invalid. Using default page load timeout: '59'

2023-07-17 17:28:31 - [MESSAGE][PASSED] - Text 'samuat06' has been set to element 'Object Repository/MAE new app Transfer/android.widget.EditText'

2023-07-17 17:28:31 - [TEST_STEP][PASSED] - takeScreenshot(): Screenshot is taken

2023-07-17 17:28:31 - [MESSAGE][PASSED] - Screenshot is taken
[[ATTACHMENT|/Users/mosaj/Documents/GitHub/MAE-M2U-TestCloud/Reports/20230717_171812/MAE S2U no Firebase/20230717_171812/1689586111295.png]]

2023-07-17 17:28:31 - [TEST_STEP][PASSED] - hideKeyboard(): Keyboard is hidden

2023-07-17 17:28:32 - [MESSAGE][PASSED] - Keyboard is hidden

2023-07-17 17:28:32 - [TEST_STEP][PASSED] - getText(findTestObject("Object Repository/MAE new app Transfer/android.widget.TextView - Continue"), 0): Text of element 'Object Repository/MAE new app Transfer/android.widget.TextView - Continue' is: 'Continue'

2023-07-17 17:28:32 - [MESSAGE][WARNING] - Timeout '0' is invalid. Using default page load timeout: '59'

2023-07-17 17:28:33 - [MESSAGE][PASSED] - Text of element 'Object Repository/MAE new app Transfer/android.widget.TextView - Continue' is: 'Continue'

2023-07-17 17:28:33 - [TEST_STEP][PASSED] - takeScreenshot(): Screenshot is taken

2023-07-17 17:28:33 - [MESSAGE][PASSED] - Screenshot is taken
[[ATTACHMENT|/Users/mosaj/Documents/GitHub/MAE-M2U-TestCloud/Reports/20230717_171812/MAE S2U no Firebase/20230717_171812/1689586113095.png]]

2023-07-17 17:28:33 - [TEST_STEP][PASSED] - tap(findTestObject("MAE new app Transfer/android.widget.TextView - Continue"), 0): Tapped on element 'Object Repository/MAE new app Transfer/android.widget.TextView - Continue'

2023-07-17 17:28:33 - [MESSAGE][WARNING] - Timeout '0' is invalid. Using default page load timeout: '59'

2023-07-17 17:28:33 - [MESSAGE][PASSED] - Tapped on element 'Object Repository/MAE new app Transfer/android.widget.TextView - Continue'

2023-07-17 17:28:33 - [TEST_STEP][PASSED] - getText(findTestObject("Object Repository/MAE new app Transfer/android.widget.TextView - Confirmation"), 0): Text of element 'Object Repository/MAE new app Transfer/android.widget.TextView - Confirmation' is: 'Confirmation'

2023-07-17 17:28:33 - [MESSAGE][WARNING] - Timeout '0' is invalid. Using default page load timeout: '59'

2023-07-17 17:28:35 - [MESSAGE][PASSED] - Text of element 'Object Repository/MAE new app Transfer/android.widget.TextView - Confirmation' is: 'Confirmation'

2023-07-17 17:28:35 - [TEST_STEP][PASSED] - getText(findTestObject("Object Repository/MAE new app Transfer/android.widget.TextView - Transfer Now"), 0): Text of element 'Object Repository/MAE new app Transfer/android.widget.TextView - Transfer Now' is: 'Transfer Now'

2023-07-17 17:28:35 - [MESSAGE][WARNING] - Timeout '0' is invalid. Using default page load timeout: '59'

2023-07-17 17:28:35 - [MESSAGE][PASSED] - Text of element 'Object Repository/MAE new app Transfer/android.widget.TextView - Transfer Now' is: 'Transfer Now'

2023-07-17 17:28:35 - [TEST_STEP][PASSED] - takeScreenshot(): Screenshot is taken

2023-07-17 17:28:36 - [MESSAGE][PASSED] - Screenshot is taken
[[ATTACHMENT|/Users/mosaj/Documents/GitHub/MAE-M2U-TestCloud/Reports/20230717_171812/MAE S2U no Firebase/20230717_171812/1689586115863.png]]

2023-07-17 17:28:36 - [TEST_STEP][PASSED] - tap(findTestObject("MAE new app Transfer/android.widget.TextView - Transfer Now"), 0): Tapped on element 'Object Repository/MAE new app Transfer/android.widget.TextView - Transfer Now'

2023-07-17 17:28:36 - [MESSAGE][WARNING] - Timeout '0' is invalid. Using default page load timeout: '59'

2023-07-17 17:28:36 - [MESSAGE][PASSED] - Tapped on element 'Object Repository/MAE new app Transfer/android.widget.TextView - Transfer Now'

2023-07-17 17:28:36 - [TEST_STEP][PASSED] - getText(findTestObject("Object Repository/MAE new app Transfer/android.widget.TextView - Transfer successful"), 0): Text of element 'Object Repository/MAE new app Transfer/android.widget.TextView - Transfer successful' is: 'Transfer successful'

2023-07-17 17:28:36 - [MESSAGE][WARNING] - Timeout '0' is invalid. Using default page load timeout: '59'

2023-07-17 17:28:39 - [MESSAGE][PASSED] - Text of element 'Object Repository/MAE new app Transfer/android.widget.TextView - Transfer successful' is: 'Transfer successful'

2023-07-17 17:28:39 - [TEST_STEP][PASSED] - getText(findTestObject("Object Repository/MAE new app Transfer/android.widget.TextView - Share Receipt"), 0): Text of element 'Object Repository/MAE new app Transfer/android.widget.TextView - Share Receipt' is: 'Share Receipt'

2023-07-17 17:28:39 - [MESSAGE][WARNING] - Timeout '0' is invalid. Using default page load timeout: '59'

2023-07-17 17:28:39 - [MESSAGE][PASSED] - Text of element 'Object Repository/MAE new app Transfer/android.widget.TextView - Share Receipt' is: 'Share Receipt'

2023-07-17 17:28:39 - [TEST_STEP][PASSED] - takeScreenshot(): Screenshot is taken

2023-07-17 17:28:39 - [MESSAGE][PASSED] - Screenshot is taken
[[ATTACHMENT|/Users/mosaj/Documents/GitHub/MAE-M2U-TestCloud/Reports/20230717_171812/MAE S2U no Firebase/20230717_171812/1689586119417.png]]

2023-07-17 17:28:39 - [TEST_STEP][PASSED] - tap(findTestObject("MAE new app Transfer/android.widget.TextView - Share Receipt"), 0): Tapped on element 'Object Repository/MAE new app Transfer/android.widget.TextView - Share Receipt'

2023-07-17 17:28:39 - [MESSAGE][WARNING] - Timeout '0' is invalid. Using default page load timeout: '59'

2023-07-17 17:28:40 - [MESSAGE][PASSED] - Tapped on element 'Object Repository/MAE new app Transfer/android.widget.TextView - Share Receipt'

2023-07-17 17:28:40 - [TEST_STEP][PASSED] - getText(findTestObject("Object Repository/MAE new app Transfer/android.widget.TextView - Own Account Transfer"), 0): Text of element 'Object Repository/MAE new app Transfer/android.widget.TextView - Own Account Transfer' is: 'Own Account Transfer'

2023-07-17 17:28:40 - [MESSAGE][WARNING] - Timeout '0' is invalid. Using default page load timeout: '59'

2023-07-17 17:28:41 - [MESSAGE][PASSED] - Text of element 'Object Repository/MAE new app Transfer/android.widget.TextView - Own Account Transfer' is: 'Own Account Transfer'

2023-07-17 17:28:42 - [TEST_STEP][PASSED] - getText(findTestObject("Object Repository/MAE new app Transfer/android.widget.TextView - Successful"), 0): Text of element 'Object Repository/MAE new app Transfer/android.widget.TextView - Successful' is: 'Successful'

2023-07-17 17:28:42 - [MESSAGE][WARNING] - Timeout '0' is invalid. Using default page load timeout: '59'

2023-07-17 17:28:42 - [MESSAGE][PASSED] - Text of element 'Object Repository/MAE new app Transfer/android.widget.TextView - Successful' is: 'Successful'

2023-07-17 17:28:42 - [TEST_STEP][PASSED] - takeScreenshot(): Screenshot is taken

2023-07-17 17:28:42 - [MESSAGE][PASSED] - Screenshot is taken
[[ATTACHMENT|/Users/mosaj/Documents/GitHub/MAE-M2U-TestCloud/Reports/20230717_171812/MAE S2U no Firebase/20230717_171812/1689586122356.png]]

2023-07-17 17:28:42 - [TEST_STEP][PASSED] - tap(findTestObject("Object Repository/MAE new app Transfer/android.widget.ImageView (1)"), 0): Tapped on element 'Object Repository/MAE new app Transfer/android.widget.ImageView (1)'

2023-07-17 17:28:42 - [MESSAGE][WARNING] - Timeout '0' is invalid. Using default page load timeout: '59'

2023-07-17 17:28:43 - [MESSAGE][PASSED] - Tapped on element 'Object Repository/MAE new app Transfer/android.widget.ImageView (1)'

2023-07-17 17:28:43 - [TEST_STEP][PASSED] - getText(findTestObject("Object Repository/MAE new app Transfer/android.widget.TextView - Done"), 0): Text of element 'Object Repository/MAE new app Transfer/android.widget.TextView - Done' is: 'Done'

2023-07-17 17:28:43 - [MESSAGE][WARNING] - Timeout '0' is invalid. Using default page load timeout: '59'

2023-07-17 17:28:44 - [MESSAGE][PASSED] - Text of element 'Object Repository/MAE new app Transfer/android.widget.TextView - Done' is: 'Done'

2023-07-17 17:28:44 - [TEST_STEP][PASSED] - takeScreenshot(): Screenshot is taken

2023-07-17 17:28:44 - [MESSAGE][PASSED] - Screenshot is taken
[[ATTACHMENT|/Users/mosaj/Documents/GitHub/MAE-M2U-TestCloud/Reports/20230717_171812/MAE S2U no Firebase/20230717_171812/1689586124125.png]]

2023-07-17 17:28:44 - [TEST_STEP][PASSED] - tap(findTestObject("MAE new app Transfer/android.widget.TextView - Done"), 0): Tapped on element 'Object Repository/MAE new app Transfer/android.widget.TextView - Done'

2023-07-17 17:28:44 - [MESSAGE][WARNING] - Timeout '0' is invalid. Using default page load timeout: '59'

2023-07-17 17:28:44 - [MESSAGE][PASSED] - Tapped on element 'Object Repository/MAE new app Transfer/android.widget.TextView - Done'

2023-07-17 17:28:44 - [TEST_STEP][PASSED] - getText(findTestObject("Object Repository/MAE new app Transfer/android.widget.TextView - Hello,"), 0): Text of element 'Object Repository/MAE new app Transfer/android.widget.TextView - Hello,' is: 'Hello,'

2023-07-17 17:28:45 - [MESSAGE][WARNING] - Timeout '0' is invalid. Using default page load timeout: '59'

2023-07-17 17:28:46 - [MESSAGE][PASSED] - Text of element 'Object Repository/MAE new app Transfer/android.widget.TextView - Hello,' is: 'Hello,'

2023-07-17 17:28:46 - [TEST_STEP][NOT_RUN] - tap(findTestObject("Object Repository/MAE new app Transfer/android.widget.ImageView (2)"), 0): NOT_RUN: tap(findTestObject("Object Repository/MAE new app Transfer/android.widget.ImageView (2)"), 0)

2023-07-17 17:28:46 - [MESSAGE][NOT_RUN] - NOT_RUN: tap(findTestObject("Object Repository/MAE new app Transfer/android.widget.ImageView (2)"), 0)

2023-07-17 17:28:46 - [TEST_STEP][NOT_RUN] - getText(findTestObject("Object Repository/MAE new app Transfer/android.widget.TextView - Maybank2u"), 0): NOT_RUN: getText(findTestObject("Object Repository/MAE new app Transfer/android.widget.TextView - Maybank2u"), 0)

2023-07-17 17:28:46 - [MESSAGE][NOT_RUN] - NOT_RUN: getText(findTestObject("Object Repository/MAE new app Transfer/android.widget.TextView - Maybank2u"), 0)

2023-07-17 17:28:46 - [TEST_STEP][NOT_RUN] - tap(findTestObject("MAE new app Transfer/android.widget.TextView - Maybank2u"), 0): NOT_RUN: tap(findTestObject("MAE new app Transfer/android.widget.TextView - Maybank2u"), 0)

2023-07-17 17:28:46 - [MESSAGE][NOT_RUN] - NOT_RUN: tap(findTestObject("MAE new app Transfer/android.widget.TextView - Maybank2u"), 0)

2023-07-17 17:28:46 - [TEST_STEP][NOT_RUN] - getText(findTestObject("Object Repository/MAE new app Transfer/android.widget.TextView - Secure2u"), 0): NOT_RUN: getText(findTestObject("Object Repository/MAE new app Transfer/android.widget.TextView - Secure2u"), 0)

2023-07-17 17:28:46 - [MESSAGE][NOT_RUN] - NOT_RUN: getText(findTestObject("Object Repository/MAE new app Transfer/android.widget.TextView - Secure2u"), 0)

2023-07-17 17:28:46 - [TEST_STEP][NOT_RUN] - tap(findTestObject("MAE new app Transfer/android.widget.TextView - Secure2u"), 0): NOT_RUN: tap(findTestObject("MAE new app Transfer/android.widget.TextView - Secure2u"), 0)

2023-07-17 17:28:46 - [MESSAGE][NOT_RUN] - NOT_RUN: tap(findTestObject("MAE new app Transfer/android.widget.TextView - Secure2u"), 0)

2023-07-17 17:28:46 - [TEST_STEP][NOT_RUN] - getText(findTestObject("Object Repository/MAE new app Transfer/android.widget.TextView - Home"), 0): NOT_RUN: getText(findTestObject("Object Repository/MAE new app Transfer/android.widget.TextView - Home"), 0)

2023-07-17 17:28:46 - [MESSAGE][NOT_RUN] - NOT_RUN: getText(findTestObject("Object Repository/MAE new app Transfer/android.widget.TextView - Home"), 0)

2023-07-17 17:28:46 - [TEST_STEP][NOT_RUN] - tap(findTestObject("MAE new app Transfer/android.widget.TextView - Home"), 0): NOT_RUN: tap(findTestObject("MAE new app Transfer/android.widget.TextView - Home"), 0)

2023-07-17 17:28:46 - [MESSAGE][NOT_RUN] - NOT_RUN: tap(findTestObject("MAE new app Transfer/android.widget.TextView - Home"), 0)

2023-07-17 17:28:46 - [TEST_STEP][NOT_RUN] - getText(findTestObject("Object Repository/MAE new app Transfer/android.widget.TextView - Activate Secure2u to approve transactions safely and quickly with a single tap"), 0): NOT_RUN: getText(findTestObject("Object Repository/MAE new app Transfer/android.widget.TextView - Activate Secure2u to approve transactions safely and quickly with a single tap"), 0)

2023-07-17 17:28:46 - [MESSAGE][NOT_RUN] - NOT_RUN: getText(findTestObject("Object Repository/MAE new app Transfer/android.widget.TextView - Activate Secure2u to approve transactions safely and quickly with a single tap"), 0)

2023-07-17 17:28:46 - [TEST_STEP][NOT_RUN] - getText(findTestObject("Object Repository/MAE new app Transfer/android.widget.TextView - Activate Now"), 0): NOT_RUN: getText(findTestObject("Object Repository/MAE new app Transfer/android.widget.TextView - Activate Now"), 0)

2023-07-17 17:28:46 - [MESSAGE][NOT_RUN] - NOT_RUN: getText(findTestObject("Object Repository/MAE new app Transfer/android.widget.TextView - Activate Now"), 0)

2023-07-17 17:28:46 - [TEST_STEP][NOT_RUN] - tap(findTestObject("MAE new app Transfer/android.widget.TextView - Activate Now"), 0): NOT_RUN: tap(findTestObject("MAE new app Transfer/android.widget.TextView - Activate Now"), 0)

2023-07-17 17:28:46 - [MESSAGE][NOT_RUN] - NOT_RUN: tap(findTestObject("MAE new app Transfer/android.widget.TextView - Activate Now"), 0)

2023-07-17 17:28:46 - [TEST_STEP][NOT_RUN] - getText(findTestObject("Object Repository/MAE new app Transfer/android.widget.TextView - One Time Password"), 0): NOT_RUN: getText(findTestObject("Object Repository/MAE new app Transfer/android.widget.TextView - One Time Password"), 0)

2023-07-17 17:28:46 - [MESSAGE][NOT_RUN] - NOT_RUN: getText(findTestObject("Object Repository/MAE new app Transfer/android.widget.TextView - One Time Password"), 0)

2023-07-17 17:28:46 - [TEST_STEP][NOT_RUN] - getText(findTestObject("Object Repository/MAE new app Transfer/android.widget.TextView - Confirm"), 0): NOT_RUN: getText(findTestObject("Object Repository/MAE new app Transfer/android.widget.TextView - Confirm"), 0)

2023-07-17 17:28:46 - [MESSAGE][NOT_RUN] - NOT_RUN: getText(findTestObject("Object Repository/MAE new app Transfer/android.widget.TextView - Confirm"), 0)

2023-07-17 17:28:46 - [TEST_STEP][NOT_RUN] - tap(findTestObject("MAE new app Transfer/android.widget.TextView - Confirm"), 0): NOT_RUN: tap(findTestObject("MAE new app Transfer/android.widget.TextView - Confirm"), 0)

2023-07-17 17:28:46 - [MESSAGE][NOT_RUN] - NOT_RUN: tap(findTestObject("MAE new app Transfer/android.widget.TextView - Confirm"), 0)

2023-07-17 17:28:46 - [TEST_STEP][NOT_RUN] - getText(findTestObject("Object Repository/MAE new app Transfer/android.widget.TextView - Your OTP no. is 977143"), 0): NOT_RUN: getText(findTestObject("Object Repository/MAE new app Transfer/android.widget.TextView - Your OTP no. is 977143"), 0)

2023-07-17 17:28:46 - [MESSAGE][NOT_RUN] - NOT_RUN: getText(findTestObject("Object Repository/MAE new app Transfer/android.widget.TextView - Your OTP no. is 977143"), 0)

2023-07-17 17:28:46 - [TEST_STEP][NOT_RUN] - getText(findTestObject("Object Repository/MAE new app Transfer/android.widget.TextView - Enter your ID number"), 0): NOT_RUN: getText(findTestObject("Object Repository/MAE new app Transfer/android.widget.TextView - Enter your ID number"), 0)

2023-07-17 17:28:46 - [MESSAGE][NOT_RUN] - NOT_RUN: getText(findTestObject("Object Repository/MAE new app Transfer/android.widget.TextView - Enter your ID number"), 0)

2023-07-17 17:28:46 - [TEST_STEP][NOT_RUN] - setText(findTestObject("Object Repository/MAE new app Transfer/android.widget.EditText - Your ID number"), "960829143986", 0): NOT_RUN: setText(findTestObject("Object Repository/MAE new app Transfer/android.widget.EditText - Your ID number"), "960829143986", 0)

2023-07-17 17:28:46 - [MESSAGE][NOT_RUN] - NOT_RUN: setText(findTestObject("Object Repository/MAE new app Transfer/android.widget.EditText - Your ID number"), "960829143986", 0)

2023-07-17 17:28:46 - [TEST_STEP][NOT_RUN] - hideKeyboard(): NOT_RUN: hideKeyboard()

2023-07-17 17:28:46 - [MESSAGE][NOT_RUN] - NOT_RUN: hideKeyboard()

2023-07-17 17:28:46 - [TEST_STEP][NOT_RUN] - getText(findTestObject("MAE new app Transfer/android.widget.TextView - Continue"), 0): NOT_RUN: getText(findTestObject("MAE new app Transfer/android.widget.TextView - Continue"), 0)

2023-07-17 17:28:46 - [MESSAGE][NOT_RUN] - NOT_RUN: getText(findTestObject("MAE new app Transfer/android.widget.TextView - Continue"), 0)

2023-07-17 17:28:46 - [TEST_STEP][NOT_RUN] - tap(findTestObject("MAE new app Transfer/android.widget.TextView - Continue"), 0): NOT_RUN: tap(findTestObject("MAE new app Transfer/android.widget.TextView - Continue"), 0)

2023-07-17 17:28:46 - [MESSAGE][NOT_RUN] - NOT_RUN: tap(findTestObject("MAE new app Transfer/android.widget.TextView - Continue"), 0)

2023-07-17 17:28:46 - [TEST_STEP][NOT_RUN] - getText(findTestObject("Object Repository/MAE new app Transfer/android.widget.TextView - Confirm your device name"), 0): NOT_RUN: getText(findTestObject("Object Repository/MAE new app Transfer/android.widget.TextView - Confirm your device name"), 0)

2023-07-17 17:28:46 - [MESSAGE][NOT_RUN] - NOT_RUN: getText(findTestObject("Object Repository/MAE new app Transfer/android.widget.TextView - Confirm your device name"), 0)

2023-07-17 17:28:46 - [TEST_STEP][NOT_RUN] - getText(findTestObject("MAE UAT new app/android.widget.TextView - Done"), 0): NOT_RUN: getText(findTestObject("MAE UAT new app/android.widget.TextView - Done"), 0)

2023-07-17 17:28:46 - [MESSAGE][NOT_RUN] - NOT_RUN: getText(findTestObject("MAE UAT new app/android.widget.TextView - Done"), 0)

2023-07-17 17:28:46 - [TEST_STEP][NOT_RUN] - tap(findTestObject("MAE UAT new app/android.widget.TextView - Done"), 0): NOT_RUN: tap(findTestObject("MAE UAT new app/android.widget.TextView - Done"), 0)

2023-07-17 17:28:46 - [MESSAGE][NOT_RUN] - NOT_RUN: tap(findTestObject("MAE UAT new app/android.widget.TextView - Done"), 0)

2023-07-17 17:28:46 - [TEST_STEP][NOT_RUN] - getText(findTestObject("Object Repository/MAE new app Transfer/android.widget.TextView - Secure2u activation in progress"), 0): NOT_RUN: getText(findTestObject("Object Repository/MAE new app Transfer/android.widget.TextView - Secure2u activation in progress"), 0)

2023-07-17 17:28:46 - [MESSAGE][NOT_RUN] - NOT_RUN: getText(findTestObject("Object Repository/MAE new app Transfer/android.widget.TextView - Secure2u activation in progress"), 0)

2023-07-17 17:28:46 - [TEST_STEP][NOT_RUN] - getText(findTestObject("MAE new app Transfer/android.widget.TextView - Continue"), 0): NOT_RUN: getText(findTestObject("MAE new app Transfer/android.widget.TextView - Continue"), 0)

2023-07-17 17:28:46 - [MESSAGE][NOT_RUN] - NOT_RUN: getText(findTestObject("MAE new app Transfer/android.widget.TextView - Continue"), 0)

2023-07-17 17:28:46 - [TEST_STEP][NOT_RUN] - tap(findTestObject("MAE new app Transfer/android.widget.TextView - Continue"), 0): NOT_RUN: tap(findTestObject("MAE new app Transfer/android.widget.TextView - Continue"), 0)

2023-07-17 17:28:46 - [MESSAGE][NOT_RUN] - NOT_RUN: tap(findTestObject("MAE new app Transfer/android.widget.TextView - Continue"), 0)

2023-07-17 17:28:46 - [TEST_STEP][NOT_RUN] - getText(findTestObject("MAE new app Transfer/android.widget.TextView - Transfer"), 0): NOT_RUN: getText(findTestObject("MAE new app Transfer/android.widget.TextView - Transfer"), 0)

2023-07-17 17:28:46 - [MESSAGE][NOT_RUN] - NOT_RUN: getText(findTestObject("MAE new app Transfer/android.widget.TextView - Transfer"), 0)

2023-07-17 17:28:46 - [TEST_STEP][NOT_RUN] - tap(findTestObject("MAE new app Transfer/android.widget.TextView - Transfer"), 0): NOT_RUN: tap(findTestObject("MAE new app Transfer/android.widget.TextView - Transfer"), 0)

2023-07-17 17:28:46 - [MESSAGE][NOT_RUN] - NOT_RUN: tap(findTestObject("MAE new app Transfer/android.widget.TextView - Transfer"), 0)

2023-07-17 17:28:46 - [TEST_STEP][NOT_RUN] - getText(findTestObject("Object Repository/MAE new app Transfer/android.widget.TextView - MAYBANK"), 0): NOT_RUN: getText(findTestObject("Object Repository/MAE new app Transfer/android.widget.TextView - MAYBANK"), 0)

2023-07-17 17:28:46 - [MESSAGE][NOT_RUN] - NOT_RUN: getText(findTestObject("Object Repository/MAE new app Transfer/android.widget.TextView - MAYBANK"), 0)

2023-07-17 17:28:46 - [TEST_STEP][NOT_RUN] - tap(findTestObject("MAE new app Transfer/android.widget.TextView - MAYBANK"), 0): NOT_RUN: tap(findTestObject("MAE new app Transfer/android.widget.TextView - MAYBANK"), 0)

2023-07-17 17:28:46 - [MESSAGE][NOT_RUN] - NOT_RUN: tap(findTestObject("MAE new app Transfer/android.widget.TextView - MAYBANK"), 0)

2023-07-17 17:28:46 - [TEST_STEP][NOT_RUN] - getText(findTestObject("Object Repository/MAE new app Transfer/android.widget.TextView - Account number"), 0): NOT_RUN: getText(findTestObject("Object Repository/MAE new app Transfer/android.widget.TextView - Account number"), 0)

2023-07-17 17:28:46 - [MESSAGE][NOT_RUN] - NOT_RUN: getText(findTestObject("Object Repository/MAE new app Transfer/android.widget.TextView - Account number"), 0)

2023-07-17 17:28:46 - [TEST_STEP][NOT_RUN] - closeApplication(): NOT_RUN: closeApplication()

2023-07-17 17:28:46 - [MESSAGE][NOT_RUN] - NOT_RUN: closeApplication()]]></system-out>
         <system-err><![CDATA[]]></system-err>
      </testcase>
      <system-out><![CDATA[2023-07-17 17:18:26 - [TEST_SUITE][FAILED] - MAE S2U no Firebase: Test Cases/Mobile TC/MAE UAT Onboarding new app FAILED.
Reason:
com.kms.katalon.core.exception.StepFailedException: Element 'Object Repository/SPY MAE without firebase/Proceed' not found
	at com.kms.katalon.core.keyword.internal.KeywordMain.stepFailed(KeywordMain.groovy:39)
	at com.kms.katalon.core.mobile.keyword.internal.MobileKeywordMain.stepFailed(MobileKeywordMain.groovy:40)
	at com.kms.katalon.core.mobile.keyword.builtin.VerifyElementTextKeyword$_verifyElementText_closure1.doCall(VerifyElementTextKeyword.groovy:49)
	at com.kms.katalon.core.mobile.keyword.builtin.VerifyElementTextKeyword$_verifyElementText_closure1.call(VerifyElementTextKeyword.groovy)
	at com.kms.katalon.core.mobile.keyword.internal.MobileKeywordMain.runKeyword(MobileKeywordMain.groovy:21)
	at com.kms.katalon.core.mobile.keyword.builtin.VerifyElementTextKeyword.verifyElementText(VerifyElementTextKeyword.groovy:62)
	at com.kms.katalon.core.mobile.keyword.builtin.VerifyElementTextKeyword.execute(VerifyElementTextKeyword.groovy:39)
	at com.kms.katalon.core.keyword.internal.KeywordExecutor.executeKeywordForPlatform(KeywordExecutor.groovy:74)
	at com.kms.katalon.core.mobile.keyword.MobileBuiltInKeywords.verifyElementText(MobileBuiltInKeywords.groovy:2901)
	at com.kms.katalon.core.mobile.keyword.MobileBuiltInKeywords$verifyElementText$5.call(Unknown Source)
	at MAE UAT Onboarding new app.run(MAE UAT Onboarding new app:88)
	at com.kms.katalon.core.main.ScriptEngine.run(ScriptEngine.java:194)
	at com.kms.katalon.core.main.ScriptEngine.runScriptAsRawText(ScriptEngine.java:119)
	at com.kms.katalon.core.main.TestCaseExecutor.runScript(TestCaseExecutor.java:448)
	at com.kms.katalon.core.main.TestCaseExecutor.doExecute(TestCaseExecutor.java:439)
	at com.kms.katalon.core.main.TestCaseExecutor.processExecutionPhase(TestCaseExecutor.java:418)
	at com.kms.katalon.core.main.TestCaseExecutor.accessMainPhase(TestCaseExecutor.java:410)
	at com.kms.katalon.core.main.TestCaseExecutor.execute(TestCaseExecutor.java:285)
	at com.kms.katalon.core.common.CommonExecutor.accessTestCaseMainPhase(CommonExecutor.java:65)
	at com.kms.katalon.core.main.TestSuiteExecutor.accessTestSuiteMainPhase(TestSuiteExecutor.java:148)
	at com.kms.katalon.core.main.TestSuiteExecutor.execute(TestSuiteExecutor.java:106)
	at com.kms.katalon.core.main.TestCaseMain.startTestSuite(TestCaseMain.java:187)
	at com.kms.katalon.core.main.TestCaseMain$startTestSuite$0.call(Unknown Source)
	at TempTestSuite1689585492117.run(TempTestSuite1689585492117.groovy:36)]]></system-out>
      <system-err><![CDATA[2023-07-17 17:18:26 - [TEST_SUITE][FAILED] - MAE S2U no Firebase: Test Cases/Mobile TC/MAE UAT Onboarding new app FAILED.
Reason:
com.kms.katalon.core.exception.StepFailedException: Element 'Object Repository/SPY MAE without firebase/Proceed' not found
	at com.kms.katalon.core.keyword.internal.KeywordMain.stepFailed(KeywordMain.groovy:39)
	at com.kms.katalon.core.mobile.keyword.internal.MobileKeywordMain.stepFailed(MobileKeywordMain.groovy:40)
	at com.kms.katalon.core.mobile.keyword.builtin.VerifyElementTextKeyword$_verifyElementText_closure1.doCall(VerifyElementTextKeyword.groovy:49)
	at com.kms.katalon.core.mobile.keyword.builtin.VerifyElementTextKeyword$_verifyElementText_closure1.call(VerifyElementTextKeyword.groovy)
	at com.kms.katalon.core.mobile.keyword.internal.MobileKeywordMain.runKeyword(MobileKeywordMain.groovy:21)
	at com.kms.katalon.core.mobile.keyword.builtin.VerifyElementTextKeyword.verifyElementText(VerifyElementTextKeyword.groovy:62)
	at com.kms.katalon.core.mobile.keyword.builtin.VerifyElementTextKeyword.execute(VerifyElementTextKeyword.groovy:39)
	at com.kms.katalon.core.keyword.internal.KeywordExecutor.executeKeywordForPlatform(KeywordExecutor.groovy:74)
	at com.kms.katalon.core.mobile.keyword.MobileBuiltInKeywords.verifyElementText(MobileBuiltInKeywords.groovy:2901)
	at com.kms.katalon.core.mobile.keyword.MobileBuiltInKeywords$verifyElementText$5.call(Unknown Source)
	at MAE UAT Onboarding new app.run(MAE UAT Onboarding new app:88)
	at com.kms.katalon.core.main.ScriptEngine.run(ScriptEngine.java:194)
	at com.kms.katalon.core.main.ScriptEngine.runScriptAsRawText(ScriptEngine.java:119)
	at com.kms.katalon.core.main.TestCaseExecutor.runScript(TestCaseExecutor.java:448)
	at com.kms.katalon.core.main.TestCaseExecutor.doExecute(TestCaseExecutor.java:439)
	at com.kms.katalon.core.main.TestCaseExecutor.processExecutionPhase(TestCaseExecutor.java:418)
	at com.kms.katalon.core.main.TestCaseExecutor.accessMainPhase(TestCaseExecutor.java:410)
	at com.kms.katalon.core.main.TestCaseExecutor.execute(TestCaseExecutor.java:285)
	at com.kms.katalon.core.common.CommonExecutor.accessTestCaseMainPhase(CommonExecutor.java:65)
	at com.kms.katalon.core.main.TestSuiteExecutor.accessTestSuiteMainPhase(TestSuiteExecutor.java:148)
	at com.kms.katalon.core.main.TestSuiteExecutor.execute(TestSuiteExecutor.java:106)
	at com.kms.katalon.core.main.TestCaseMain.startTestSuite(TestCaseMain.java:187)
	at com.kms.katalon.core.main.TestCaseMain$startTestSuite$0.call(Unknown Source)
	at TempTestSuite1689585492117.run(TempTestSuite1689585492117.groovy:36)]]></system-err>
   </testsuite>
</testsuites>
